SURFACE  (  418 POINTS)

                      
 ------------------------------------------------------------------------------------------------------------------------
      R1        R2      R3      ANGLE1    ANGLE2    ANGLE3        INPUT            FIT            DIFFERENCE
    2.80000   2.80000   3.10000 125.00000 125.00000   0.00000   -344.84146820   -344.84147461   0.6409168E-05
    2.60000   2.80000   3.10000 125.00000 125.00000   0.00000   -344.83747230   -344.83746171  -0.1059435E-04
    2.80000   2.60000   3.10000 125.00000 125.00000   0.00000   -344.83747230   -344.83746171  -0.1059300E-04
    2.80000   2.80000   2.90000 125.00000 125.00000   0.00000   -344.83160780   -344.83158879  -0.1900522E-04
    2.80000   2.80000   3.10000 100.00000 125.00000   0.00000   -344.83212940   -344.83213025   0.8492819E-06
    2.80000   2.80000   3.10000 125.00000 100.00000   0.00000   -344.83212940   -344.83213024   0.8384494E-06
    2.80000   2.80000   3.10000 125.00000 125.00000 -10.00000   -344.84100630   -344.84100991   0.3611595E-05
    3.00000   2.80000   3.10000 125.00000 125.00000   0.00000   -344.83794480   -344.83795857   0.1376919E-04
    2.60000   2.60000   3.10000 125.00000 125.00000   0.00000   -344.83341110   -344.83339954  -0.1155773E-04
    2.80000   3.00000   3.10000 125.00000 125.00000   0.00000   -344.83794480   -344.83795857   0.1376669E-04
    2.60000   2.80000   2.90000 125.00000 125.00000   0.00000   -344.82746070   -344.82743929  -0.2141228E-04
    2.80000   2.60000   2.90000 125.00000 125.00000   0.00000   -344.82746070   -344.82743931  -0.2138573E-04
    2.80000   2.80000   3.30000 125.00000 125.00000   0.00000   -344.83576930   -344.83579791   0.2861043E-04
    2.60000   2.80000   3.10000 100.00000 125.00000   0.00000   -344.82803650   -344.82803004  -0.6456330E-05
    2.80000   2.60000   3.10000 100.00000 125.00000   0.00000   -344.82839310   -344.82837983  -0.1327450E-04
    2.80000   2.80000   2.90000 100.00000 125.00000   0.00000   -344.82155510   -344.82157184   0.1673702E-04
    2.80000   2.80000   3.10000 150.00000 125.00000   0.00000   -344.81974180   -344.81975034   0.8537581E-05
    2.60000   2.80000   3.10000 125.00000 100.00000   0.00000   -344.82839310   -344.82837982  -0.1327697E-04
    2.80000   2.60000   3.10000 125.00000 100.00000   0.00000   -344.82803650   -344.82803006  -0.6443208E-05
    2.80000   2.80000   2.90000 125.00000 100.00000   0.00000   -344.82155510   -344.82157185   0.1674786E-04
    2.80000   2.80000   3.10000 100.00000 100.00000   0.00000   -344.81053820   -344.81060095   0.6274818E-04
    2.80000   2.80000   3.10000 125.00000 150.00000   0.00000   -344.81974180   -344.81975034   0.8540887E-05
    2.60000   2.80000   3.10000 125.00000 125.00000 -10.00000   -344.83698850   -344.83698185  -0.6651346E-05
    2.80000   2.60000   3.10000 125.00000 125.00000 -10.00000   -344.83698850   -344.83698185  -0.6651192E-05
    2.80000   2.80000   2.90000 125.00000 125.00000 -10.00000   -344.83109380   -344.83107966  -0.1413984E-04
    2.80000   2.80000   3.10000 100.00000 125.00000 -10.00000   -344.83202830   -344.83202232  -0.5983221E-05
    2.80000   2.80000   3.10000 125.00000 100.00000 -10.00000   -344.83202830   -344.83202231  -0.5992686E-05
    2.80000   2.80000   3.10000 125.00000 125.00000  10.00000   -344.84100630   -344.84100991   0.3611595E-05
    2.40000   2.80000   3.10000 125.00000 125.00000   0.00000   -344.82150880   -344.82150372  -0.5081468E-05
    3.00000   2.60000   3.10000 125.00000 125.00000   0.00000   -344.83399610   -344.83399107  -0.5031764E-05
    2.60000   3.00000   3.10000 125.00000 125.00000   0.00000   -344.83399610   -344.83399107  -0.5029881E-05
    2.80000   2.40000   3.10000 125.00000 125.00000   0.00000   -344.82150880   -344.82150372  -0.5077728E-05
    3.00000   2.80000   2.90000 125.00000 125.00000   0.00000   -344.82823940   -344.82823792  -0.1476819E-05
    2.60000   2.60000   2.90000 125.00000 125.00000   0.00000   -344.82323120   -344.82322452  -0.6677321E-05
    2.80000   3.00000   2.90000 125.00000 125.00000   0.00000   -344.82823940   -344.82823792  -0.1476592E-05
    2.60000   2.80000   3.30000 125.00000 125.00000   0.00000   -344.83187170   -344.83187753   0.5826807E-05
    2.80000   2.60000   3.30000 125.00000 125.00000   0.00000   -344.83187170   -344.83187753   0.5825029E-05
    2.80000   2.80000   2.70000 125.00000 125.00000   0.00000   -344.79462250   -344.79462852   0.6016614E-05
    3.00000   2.80000   3.10000 100.00000 125.00000   0.00000   -344.82875890   -344.82876645   0.7548931E-05
    2.60000   2.60000   3.10000 100.00000 125.00000   0.00000   -344.82431190   -344.82430491  -0.6991129E-05
    2.80000   3.00000   3.10000 100.00000 125.00000   0.00000   -344.82837850   -344.82838879   0.1029245E-04
    2.60000   2.80000   2.90000 100.00000 125.00000   0.00000   -344.81721140   -344.81721013  -0.1270784E-05
    2.80000   2.60000   2.90000 100.00000 125.00000   0.00000   -344.81762430   -344.81762123  -0.3070526E-05
    2.80000   2.80000   3.30000 100.00000 125.00000   0.00000   -344.82722920   -344.82723626   0.7063976E-05
    2.60000   2.80000   3.10000 150.00000 125.00000   0.00000   -344.81465340   -344.81465879   0.5392172E-05
    2.80000   2.60000   3.10000 150.00000 125.00000   0.00000   -344.81464920   -344.81465564   0.6437200E-05
    2.80000   2.80000   2.90000 150.00000 125.00000   0.00000   -344.81039430   -344.81038735  -0.6945553E-05
    2.80000   2.80000   3.10000  75.00000 125.00000   0.00000   -344.79802670   -344.79799121  -0.3549354E-04
    3.00000   2.80000   3.10000 125.00000 100.00000   0.00000   -344.82837850   -344.82838879   0.1028959E-04
    2.60000   2.60000   3.10000 125.00000 100.00000   0.00000   -344.82431190   -344.82430491  -0.6989641E-05
    2.80000   3.00000   3.10000 125.00000 100.00000   0.00000   -344.82875890   -344.82876645   0.7549640E-05
    2.60000   2.80000   2.90000 125.00000 100.00000   0.00000   -344.81762430   -344.81762123  -0.3072779E-05
    2.80000   2.60000   2.90000 125.00000 100.00000   0.00000   -344.81721140   -344.81721014  -0.1262736E-05
    2.80000   2.80000   3.30000 125.00000 100.00000   0.00000   -344.82722920   -344.82723626   0.7062902E-05
    2.60000   2.80000   3.10000 100.00000 100.00000   0.00000   -344.80637270   -344.80639403   0.2132724E-04
    2.80000   2.60000   3.10000 100.00000 100.00000   0.00000   -344.80637270   -344.80639403   0.2132916E-04
    2.80000   2.80000   2.90000 100.00000 100.00000   0.00000   -344.79854280   -344.79856112   0.1831756E-04
    2.80000   2.80000   3.10000 150.00000 100.00000   0.00000   -344.82976230   -344.82980173   0.3943114E-04
    2.60000   2.80000   3.10000 125.00000 150.00000   0.00000   -344.81464920   -344.81465564   0.6439123E-05
    2.80000   2.60000   3.10000 125.00000 150.00000   0.00000   -344.81465340   -344.81465879   0.5394831E-05
    2.80000   2.80000   2.90000 125.00000 150.00000   0.00000   -344.81039430   -344.81038736  -0.6942040E-05
    2.80000   2.80000   3.10000 100.00000 150.00000   0.00000   -344.82976230   -344.82980173   0.3943439E-04
    2.80000   2.80000   3.10000 125.00000  75.00000   0.00000   -344.79802670   -344.79799121  -0.3549072E-04
    3.00000   2.80000   3.10000 125.00000 125.00000 -10.00000   -344.83750640   -344.83751265   0.6253669E-05
    2.60000   2.60000   3.10000 125.00000 125.00000 -10.00000   -344.83290240   -344.83289341  -0.8988451E-05
    2.80000   3.00000   3.10000 125.00000 125.00000 -10.00000   -344.83750640   -344.83751265   0.6248250E-05
    2.60000   2.80000   2.90000 125.00000 125.00000 -10.00000   -344.82692440   -344.82691482  -0.9577606E-05
    2.80000   2.60000   2.90000 125.00000 125.00000 -10.00000   -344.82692440   -344.82691484  -0.9558933E-05
    2.80000   2.80000   3.30000 125.00000 125.00000 -10.00000   -344.83536780   -344.83537953   0.1172983E-04
    2.60000   2.80000   3.10000 100.00000 125.00000 -10.00000   -344.82792140   -344.82792109  -0.3102829E-06
    2.80000   2.60000   3.10000 100.00000 125.00000 -10.00000   -344.82827760   -344.82827497  -0.2630981E-05
    2.80000   2.80000   2.90000 100.00000 125.00000 -10.00000   -344.82137180   -344.82137817   0.6368473E-05
    2.80000   2.80000   3.10000 150.00000 125.00000 -10.00000   -344.81911670   -344.81912050   0.3801775E-05
    2.60000   2.80000   3.10000 125.00000 100.00000 -10.00000   -344.82827760   -344.82827497  -0.2631744E-05
    2.80000   2.60000   3.10000 125.00000 100.00000 -10.00000   -344.82792140   -344.82792110  -0.3003109E-06
    2.80000   2.80000   2.90000 125.00000 100.00000 -10.00000   -344.82137180   -344.82137818   0.6376825E-05
    2.80000   2.80000   3.10000 100.00000 100.00000 -10.00000   -344.81100850   -344.81100036  -0.8138003E-05
    2.80000   2.80000   3.10000 125.00000 150.00000 -10.00000   -344.81911670   -344.81912050   0.3800109E-05
    2.60000   2.80000   3.10000 125.00000 125.00000  10.00000   -344.83698850   -344.83698185  -0.6651346E-05
    2.80000   2.60000   3.10000 125.00000 125.00000  10.00000   -344.83698850   -344.83698185  -0.6651192E-05
    2.80000   2.80000   2.90000 125.00000 125.00000  10.00000   -344.83109380   -344.83107966  -0.1413984E-04
    2.80000   2.80000   3.10000 100.00000 125.00000  10.00000   -344.83202830   -344.83202232  -0.5983221E-05
    2.80000   2.80000   3.10000 125.00000 100.00000  10.00000   -344.83202830   -344.83202231  -0.5992686E-05
    2.80000   2.80000   3.10000 125.00000 125.00000 -20.00000   -344.83957950   -344.83957776  -0.1739318E-05
    3.20000   2.80000   3.10000 125.00000 125.00000   0.00000   -344.82984060   -344.82983493  -0.5665440E-05
    2.40000   2.60000   3.10000 125.00000 125.00000   0.00000   -344.81736660   -344.81736900   0.2404401E-05
    3.00000   3.00000   3.10000 125.00000 125.00000   0.00000   -344.83439080   -344.83439079  -0.1277999E-07
    2.60000   2.40000   3.10000 125.00000 125.00000   0.00000   -344.81736660   -344.81736900   0.2404364E-05
    2.80000   3.20000   3.10000 125.00000 125.00000   0.00000   -344.82984060   -344.82983494  -0.5662357E-05
    2.40000   2.80000   2.90000 125.00000 125.00000   0.00000   -344.81135270   -344.81135578   0.3080917E-05
    3.00000   2.60000   2.90000 125.00000 125.00000   0.00000   -344.82415680   -344.82415744   0.6435655E-06
    2.60000   3.00000   2.90000 125.00000 125.00000   0.00000   -344.82415680   -344.82415744   0.6445237E-06
    2.80000   2.40000   2.90000 125.00000 125.00000   0.00000   -344.81135270   -344.81135578   0.3075288E-05
    3.00000   2.80000   3.30000 125.00000 125.00000   0.00000   -344.83214710   -344.83214786   0.7567671E-06
    2.60000   2.60000   3.30000 125.00000 125.00000   0.00000   -344.82792390   -344.82792569   0.1785055E-05
    2.80000   3.00000   3.30000 125.00000 125.00000   0.00000   -344.83214710   -344.83214786   0.7573132E-06
    2.60000   2.80000   2.70000 125.00000 125.00000   0.00000   -344.79026080   -344.79026518   0.4377587E-05
    2.80000   2.60000   2.70000 125.00000 125.00000   0.00000   -344.79026080   -344.79026517   0.4371996E-05
    2.80000   2.80000   3.50000 125.00000 125.00000   0.00000   -344.82168070   -344.82166799  -0.1270893E-04
    2.40000   2.80000   3.10000 100.00000 125.00000   0.00000   -344.81202260   -344.81202351   0.9089949E-06
    3.00000   2.60000   3.10000 100.00000 125.00000   0.00000   -344.82499710   -344.82499775   0.6545068E-06
    2.60000   3.00000   3.10000 100.00000 125.00000   0.00000   -344.82425780   -344.82425862   0.8179318E-06
    2.80000   2.40000   3.10000 100.00000 125.00000   0.00000   -344.81270640   -344.81270836   0.1960198E-05
    3.00000   2.80000   2.90000 100.00000 125.00000   0.00000   -344.81844400   -344.81844387  -0.1322102E-06
    2.60000   2.60000   2.90000 100.00000 125.00000   0.00000   -344.81327430   -344.81327379  -0.5084135E-06
    2.80000   3.00000   2.90000 100.00000 125.00000   0.00000   -344.81800210   -344.81800219   0.9232105E-07
    2.60000   2.80000   3.30000 100.00000 125.00000   0.00000   -344.82333460   -344.82333424  -0.3642186E-06
    2.80000   2.60000   3.30000 100.00000 125.00000   0.00000   -344.82362860   -344.82362830  -0.2984898E-06
    2.80000   2.80000   2.70000 100.00000 125.00000   0.00000   -344.78410820   -344.78410609  -0.2110546E-05
    3.00000   2.80000   3.10000 150.00000 125.00000   0.00000   -344.81745530   -344.81745441  -0.8861322E-06
    2.60000   2.60000   3.10000 150.00000 125.00000   0.00000   -344.80929160   -344.80929304   0.1443745E-05
    2.80000   3.00000   3.10000 150.00000 125.00000   0.00000   -344.81742170   -344.81741943  -0.2268151E-05
    2.60000   2.80000   2.90000 150.00000 125.00000   0.00000   -344.80518920   -344.80518894  -0.2584765E-06
    2.80000   2.60000   2.90000 150.00000 125.00000   0.00000   -344.80512310   -344.80512312   0.1646686E-07
    2.80000   2.80000   3.30000 150.00000 125.00000   0.00000   -344.81382430   -344.81382809   0.3793195E-05
    2.60000   2.80000   3.10000  75.00000 125.00000   0.00000   -344.79234690   -344.79234785   0.9466521E-06
    2.80000   2.60000   3.10000  75.00000 125.00000   0.00000   -344.79379470   -344.79379720   0.2501246E-05
    2.80000   2.80000   2.90000  75.00000 125.00000   0.00000   -344.78738950   -344.78738564  -0.3864689E-05
    2.40000   2.80000   3.10000 125.00000 100.00000   0.00000   -344.81270640   -344.81270836   0.1960537E-05
    3.00000   2.60000   3.10000 125.00000 100.00000   0.00000   -344.82425780   -344.82425862   0.8181626E-06
    2.60000   3.00000   3.10000 125.00000 100.00000   0.00000   -344.82499710   -344.82499775   0.6549060E-06
    2.80000   2.40000   3.10000 125.00000 100.00000   0.00000   -344.81202260   -344.81202351   0.9058620E-06
    3.00000   2.80000   2.90000 125.00000 100.00000   0.00000   -344.81800210   -344.81800219   0.9203126E-07
    2.60000   2.60000   2.90000 125.00000 100.00000   0.00000   -344.81327430   -344.81327379  -0.5086903E-06
    2.80000   3.00000   2.90000 125.00000 100.00000   0.00000   -344.81844400   -344.81844386  -0.1360732E-06
    2.60000   2.80000   3.30000 125.00000 100.00000   0.00000   -344.82362850   -344.82362820  -0.2986036E-06
    2.80000   2.60000   3.30000 125.00000 100.00000   0.00000   -344.82333460   -344.82333423  -0.3681357E-06
    2.80000   2.80000   2.70000 125.00000 100.00000   0.00000   -344.78410820   -344.78410609  -0.2112910E-05
    3.00000   2.80000   3.10000 100.00000 100.00000   0.00000   -344.80735090   -344.80735094   0.3729212E-07
    2.60000   2.60000   3.10000 100.00000 100.00000   0.00000   -344.80225550   -344.80225553   0.3249289E-07
    2.80000   3.00000   3.10000 100.00000 100.00000   0.00000   -344.80735090   -344.80735094   0.3742440E-07
    2.60000   2.80000   2.90000 100.00000 100.00000   0.00000   -344.79405720   -344.79405742   0.2212361E-06
    2.80000   2.60000   2.90000 100.00000 100.00000   0.00000   -344.79405720   -344.79405742   0.2211151E-06
    2.80000   2.80000   3.30000 100.00000 100.00000   0.00000   -344.80690780   -344.80690716  -0.6395320E-06
    2.60000   2.80000   3.10000 150.00000 100.00000   0.00000   -344.82558080   -344.82558019  -0.6085332E-06
    2.80000   2.60000   3.10000 150.00000 100.00000   0.00000   -344.82528440   -344.82528382  -0.5784625E-06
    2.80000   2.80000   2.90000 150.00000 100.00000   0.00000   -344.81995950   -344.81995815  -0.1353894E-05
    2.80000   2.80000   3.10000  75.00000 100.00000   0.00000   -344.77140010   -344.77139450  -0.5595091E-05
    3.00000   2.80000   3.10000 125.00000 150.00000   0.00000   -344.81742170   -344.81741943  -0.2268163E-05
    2.60000   2.60000   3.10000 125.00000 150.00000   0.00000   -344.80929160   -344.80929304   0.1444345E-05
    2.80000   3.00000   3.10000 125.00000 150.00000   0.00000   -344.81745530   -344.81745442  -0.8840181E-06
    2.60000   2.80000   2.90000 125.00000 150.00000   0.00000   -344.80512310   -344.80512312   0.1654865E-07
    2.80000   2.60000   2.90000 125.00000 150.00000   0.00000   -344.80518920   -344.80518893  -0.2650123E-06
    2.80000   2.80000   3.30000 125.00000 150.00000   0.00000   -344.81382430   -344.81382809   0.3794357E-05
    2.60000   2.80000   3.10000 100.00000 150.00000   0.00000   -344.82528440   -344.82528382  -0.5785902E-06
    2.80000   2.60000   3.10000 100.00000 150.00000   0.00000   -344.82558080   -344.82558019  -0.6083479E-06
    2.80000   2.80000   2.90000 100.00000 150.00000   0.00000   -344.81995950   -344.81995815  -0.1353860E-05
    2.80000   2.80000   3.10000 150.00000 150.00000   0.00000   -344.76854950   -344.76855598   0.6483048E-05
    2.60000   2.80000   3.10000 125.00000  75.00000   0.00000   -344.79379470   -344.79379720   0.2501733E-05
    2.80000   2.60000   3.10000 125.00000  75.00000   0.00000   -344.79234690   -344.79234784   0.9428566E-06
    2.80000   2.80000   2.90000 125.00000  75.00000   0.00000   -344.78738950   -344.78738563  -0.3867548E-05
    2.80000   2.80000   3.10000 100.00000  75.00000   0.00000   -344.77140010   -344.77139450  -0.5595090E-05
    2.40000   2.80000   3.10000 125.00000 125.00000 -10.00000   -344.82100540   -344.82101232   0.6924736E-05
    3.00000   2.60000   3.10000 125.00000 125.00000 -10.00000   -344.83353880   -344.83354111   0.2305199E-05
    2.60000   3.00000   3.10000 125.00000 125.00000 -10.00000   -344.83353880   -344.83354111   0.2305349E-05
    2.80000   2.40000   3.10000 125.00000 125.00000 -10.00000   -344.82100540   -344.82101232   0.6921975E-05
    3.00000   2.80000   2.90000 125.00000 125.00000 -10.00000   -344.82774980   -344.82774774  -0.2058108E-05
    2.60000   2.60000   2.90000 125.00000 125.00000 -10.00000   -344.82266960   -344.82267361   0.4005677E-05
    2.80000   3.00000   2.90000 125.00000 125.00000 -10.00000   -344.82774980   -344.82774775  -0.2054125E-05
    2.60000   2.80000   3.30000 125.00000 125.00000 -10.00000   -344.83144860   -344.83144416  -0.4441932E-05
    2.80000   2.60000   3.30000 125.00000 125.00000 -10.00000   -344.83144860   -344.83144416  -0.4438220E-05
    2.80000   2.80000   2.70000 125.00000 125.00000 -10.00000   -344.79406760   -344.79407682   0.9224881E-05
    3.00000   2.80000   3.10000 100.00000 125.00000 -10.00000   -344.82867060   -344.82866316  -0.7439494E-05
    2.60000   2.60000   3.10000 100.00000 125.00000 -10.00000   -344.82418070   -344.82418792   0.7217836E-05
    2.80000   3.00000   3.10000 100.00000 125.00000 -10.00000   -344.82829130   -344.82828140  -0.9897562E-05
    2.60000   2.80000   2.90000 100.00000 125.00000 -10.00000   -344.81701410   -344.81701527   0.1167938E-05
    2.80000   2.60000   2.90000 100.00000 125.00000 -10.00000   -344.81742750   -344.81743046   0.2958982E-05
    2.80000   2.80000   3.30000 100.00000 125.00000 -10.00000   -344.82722330   -344.82721595  -0.7352545E-05
    2.60000   2.80000   3.10000 150.00000 125.00000 -10.00000   -344.81400510   -344.81399966  -0.5441036E-05
    2.80000   2.60000   3.10000 150.00000 125.00000 -10.00000   -344.81399780   -344.81399240  -0.5395859E-05
    2.80000   2.80000   2.90000 150.00000 125.00000 -10.00000   -344.80974980   -344.80975438   0.4580594E-05
    2.80000   2.80000   3.10000  75.00000 125.00000 -10.00000   -344.79839300   -344.79843167   0.3866587E-04
    3.00000   2.80000   3.10000 125.00000 100.00000 -10.00000   -344.82829130   -344.82828140  -0.9895278E-05
    2.60000   2.60000   3.10000 125.00000 100.00000 -10.00000   -344.82418070   -344.82418792   0.7216514E-05
    2.80000   3.00000   3.10000 125.00000 100.00000 -10.00000   -344.82867060   -344.82866316  -0.7437016E-05
    2.60000   2.80000   2.90000 125.00000 100.00000 -10.00000   -344.81742750   -344.81743046   0.2961269E-05
    2.80000   2.60000   2.90000 125.00000 100.00000 -10.00000   -344.81701410   -344.81701526   0.1162304E-05
    2.80000   2.80000   3.30000 125.00000 100.00000 -10.00000   -344.82722330   -344.82721595  -0.7348401E-05
    2.60000   2.80000   3.10000 100.00000 100.00000 -10.00000   -344.80683210   -344.80681066  -0.2144461E-04
    2.80000   2.60000   3.10000 100.00000 100.00000 -10.00000   -344.80683210   -344.80681065  -0.2144636E-04
    2.80000   2.80000   2.90000 100.00000 100.00000 -10.00000   -344.79885250   -344.79883349  -0.1900752E-04
    2.80000   2.80000   3.10000 150.00000 100.00000 -10.00000   -344.82941800   -344.82937808  -0.3991811E-04
    2.60000   2.80000   3.10000 125.00000 150.00000 -10.00000   -344.81399780   -344.81399240  -0.5396866E-05
    2.80000   2.60000   3.10000 125.00000 150.00000 -10.00000   -344.81400510   -344.81399966  -0.5441215E-05
    2.80000   2.80000   2.90000 125.00000 150.00000 -10.00000   -344.80974980   -344.80975438   0.4582984E-05
    2.80000   2.80000   3.10000 100.00000 150.00000 -10.00000   -344.82941800   -344.82937808  -0.3992120E-04
    2.80000   2.80000   3.10000 125.00000  75.00000 -10.00000   -344.79839300   -344.79843167   0.3866781E-04
    3.00000   2.80000   3.10000 125.00000 125.00000  10.00000   -344.83750640   -344.83751265   0.6253669E-05
    2.60000   2.60000   3.10000 125.00000 125.00000  10.00000   -344.83290240   -344.83289341  -0.8988451E-05
    2.80000   3.00000   3.10000 125.00000 125.00000  10.00000   -344.83750640   -344.83751265   0.6248250E-05
    2.60000   2.80000   2.90000 125.00000 125.00000  10.00000   -344.82692440   -344.82691482  -0.9577606E-05
    2.80000   2.60000   2.90000 125.00000 125.00000  10.00000   -344.82692440   -344.82691484  -0.9558933E-05
    2.80000   2.80000   3.30000 125.00000 125.00000  10.00000   -344.83536780   -344.83537953   0.1172983E-04
    2.60000   2.80000   3.10000 100.00000 125.00000  10.00000   -344.82792140   -344.82792109  -0.3102829E-06
    2.80000   2.60000   3.10000 100.00000 125.00000  10.00000   -344.82827760   -344.82827497  -0.2630981E-05
    2.80000   2.80000   2.90000 100.00000 125.00000  10.00000   -344.82137180   -344.82137817   0.6368473E-05
    2.80000   2.80000   3.10000 150.00000 125.00000  10.00000   -344.81911670   -344.81912050   0.3801775E-05
    2.60000   2.80000   3.10000 125.00000 100.00000  10.00000   -344.82827760   -344.82827497  -0.2631744E-05
    2.80000   2.60000   3.10000 125.00000 100.00000  10.00000   -344.82792140   -344.82792110  -0.3003109E-06
    2.80000   2.80000   2.90000 125.00000 100.00000  10.00000   -344.82137180   -344.82137818   0.6376825E-05
    2.80000   2.80000   3.10000 100.00000 100.00000  10.00000   -344.81100850   -344.81100036  -0.8138003E-05
    2.80000   2.80000   3.10000 125.00000 150.00000  10.00000   -344.81911670   -344.81912050   0.3800109E-05
    2.60000   2.80000   3.10000 125.00000 125.00000 -20.00000   -344.83549510   -344.83550422   0.9119465E-05
    2.80000   2.60000   3.10000 125.00000 125.00000 -20.00000   -344.83549510   -344.83550422   0.9116042E-05
    2.80000   2.80000   2.90000 125.00000 125.00000 -20.00000   -344.82951600   -344.82951420  -0.1801892E-05
    2.80000   2.80000   3.10000 100.00000 125.00000 -20.00000   -344.83165520   -344.83166046   0.5261076E-05
    2.80000   2.80000   3.10000 125.00000 100.00000 -20.00000   -344.83165520   -344.83166046   0.5255716E-05
    2.80000   2.80000   3.10000 125.00000 125.00000  30.00000   -344.83706770   -344.83706398  -0.3718149E-05
    2.80000   2.80000   3.10000 125.00000 125.00000   0.00000   -344.84146820   -344.84147461   0.6409168E-05
    2.70000   2.80000   3.10000 125.00000 125.00000   0.00000   -344.84064480   -344.84065025   0.5449935E-05
    2.80000   2.70000   3.10000 125.00000 125.00000   0.00000   -344.84064480   -344.84065025   0.5450881E-05
    2.80000   2.80000   3.00000 125.00000 125.00000   0.00000   -344.83907770   -344.83909333   0.1562573E-04
    2.80000   2.80000   3.10000 120.00000 125.00000   0.00000   -344.84192520   -344.84193256   0.7360038E-05
    2.80000   2.80000   3.10000 125.00000 120.00000   0.00000   -344.84192520   -344.84193256   0.7361136E-05
    2.80000   2.80000   3.10000 125.00000 125.00000  -5.00000   -344.84135340   -344.84135903   0.5629434E-05
    2.90000   2.80000   3.10000 125.00000 125.00000   0.00000   -344.84043480   -344.84044009   0.5288642E-05
    2.70000   2.70000   3.10000 125.00000 125.00000   0.00000   -344.83980720   -344.83981511   0.7913827E-05
    2.80000   2.90000   3.10000 125.00000 125.00000   0.00000   -344.84043480   -344.84044009   0.5287230E-05
    2.70000   2.80000   3.00000 125.00000 125.00000   0.00000   -344.83821990   -344.83823717   0.1726558E-04
    2.80000   2.70000   3.00000 125.00000 125.00000   0.00000   -344.83821990   -344.83823718   0.1727536E-04
    2.80000   2.80000   3.20000 125.00000 125.00000   0.00000   -344.84003570   -344.84003406  -0.1644145E-05
    2.70000   2.80000   3.10000 120.00000 125.00000   0.00000   -344.84114340   -344.84115151   0.8114852E-05
    2.80000   2.70000   3.10000 120.00000 125.00000   0.00000   -344.84115470   -344.84116605   0.1135043E-04
    2.80000   2.80000   3.00000 120.00000 125.00000   0.00000   -344.83947240   -344.83947801   0.5612651E-05
    2.80000   2.80000   3.10000 130.00000 125.00000   0.00000   -344.83977610   -344.83976456  -0.1154222E-04
    2.70000   2.80000   3.10000 125.00000 120.00000   0.00000   -344.84115470   -344.84116605   0.1135161E-04
    2.80000   2.70000   3.10000 125.00000 120.00000   0.00000   -344.84114340   -344.84115152   0.8119930E-05
    2.80000   2.80000   3.00000 125.00000 120.00000   0.00000   -344.83947240   -344.83947802   0.5616513E-05
    2.80000   2.80000   3.10000 120.00000 120.00000   0.00000   -344.84167930   -344.84165524  -0.2406381E-04
    2.80000   2.80000   3.10000 125.00000 130.00000   0.00000   -344.83977610   -344.83976456  -0.1154444E-04
    2.70000   2.80000   3.10000 125.00000 125.00000  -5.00000   -344.84052720   -344.84053266   0.5462065E-05
    2.80000   2.70000   3.10000 125.00000 125.00000  -5.00000   -344.84052720   -344.84053266   0.5462991E-05
    2.80000   2.80000   3.00000 125.00000 125.00000  -5.00000   -344.83895600   -344.83897213   0.1613262E-04
    2.80000   2.80000   3.10000 120.00000 125.00000  -5.00000   -344.84182560   -344.84183099   0.5386021E-05
    2.80000   2.80000   3.10000 125.00000 120.00000  -5.00000   -344.84182560   -344.84183099   0.5387259E-05
    2.80000   2.80000   3.10000 125.00000 125.00000   5.00000   -344.84135340   -344.84135903   0.5629434E-05
    2.60000   2.80000   3.10000 125.00000 125.00000   0.00000   -344.83747230   -344.83746171  -0.1059435E-04
    2.90000   2.70000   3.10000 125.00000 125.00000   0.00000   -344.83962340   -344.83962634   0.2944192E-05
    2.70000   2.90000   3.10000 125.00000 125.00000   0.00000   -344.83962340   -344.83962634   0.2942550E-05
    2.80000   2.60000   3.10000 125.00000 125.00000   0.00000   -344.83747230   -344.83746171  -0.1059300E-04
    2.90000   2.80000   3.00000 125.00000 125.00000   0.00000   -344.83807900   -344.83809458   0.1558076E-04
    2.70000   2.70000   3.00000 125.00000 125.00000   0.00000   -344.83734580   -344.83736770   0.2190459E-04
    2.80000   2.90000   3.00000 125.00000 125.00000   0.00000   -344.83807900   -344.83809457   0.1557314E-04
    2.70000   2.80000   3.20000 125.00000 125.00000   0.00000   -344.83924000   -344.83923639  -0.3608883E-05
    2.80000   2.70000   3.20000 125.00000 125.00000   0.00000   -344.83924000   -344.83923639  -0.3614879E-05
    2.80000   2.80000   2.90000 125.00000 125.00000   0.00000   -344.83160780   -344.83158879  -0.1900522E-04
    2.90000   2.80000   3.10000 120.00000 125.00000   0.00000   -344.84084990   -344.84085384   0.3944102E-05
    2.70000   2.70000   3.10000 120.00000 125.00000   0.00000   -344.84036400   -344.84038077   0.1677401E-04
    2.80000   2.90000   3.10000 120.00000 125.00000   0.00000   -344.84083840   -344.84083923   0.8345656E-06
    2.70000   2.80000   3.00000 120.00000 125.00000   0.00000   -344.83865270   -344.83866174   0.9043325E-05
    2.80000   2.70000   3.00000 120.00000 125.00000   0.00000   -344.83866680   -344.83867934   0.1254480E-04
    2.80000   2.80000   3.20000 120.00000 125.00000   0.00000   -344.84055130   -344.84056303   0.1172843E-04
    2.70000   2.80000   3.10000 130.00000 125.00000   0.00000   -344.83888600   -344.83887253  -0.1346644E-04
    2.80000   2.70000   3.10000 130.00000 125.00000   0.00000   -344.83888300   -344.83886526  -0.1773760E-04
    2.80000   2.80000   3.00000 130.00000 125.00000   0.00000   -344.83744060   -344.83745161   0.1100596E-04
    2.80000   2.80000   3.10000 115.00000 125.00000   0.00000   -344.84118560   -344.84117925  -0.6353289E-05
    2.90000   2.80000   3.10000 125.00000 120.00000   0.00000   -344.84083840   -344.84083924   0.8366234E-06
    2.70000   2.70000   3.10000 125.00000 120.00000   0.00000   -344.84036400   -344.84038078   0.1677945E-04
    2.80000   2.90000   3.10000 125.00000 120.00000   0.00000   -344.84084990   -344.84085384   0.3941868E-05
    2.70000   2.80000   3.00000 125.00000 120.00000   0.00000   -344.83866680   -344.83867934   0.1254105E-04
    2.80000   2.70000   3.00000 125.00000 120.00000   0.00000   -344.83865270   -344.83866176   0.9061091E-05
    2.80000   2.80000   3.20000 125.00000 120.00000   0.00000   -344.84055130   -344.84056303   0.1172775E-04
    2.70000   2.80000   3.10000 120.00000 120.00000   0.00000   -344.84093750   -344.84092054  -0.1695894E-04
    2.80000   2.70000   3.10000 120.00000 120.00000   0.00000   -344.84093750   -344.84092054  -0.1695583E-04
    2.80000   2.80000   3.00000 120.00000 120.00000   0.00000   -344.83915590   -344.83912308  -0.3282264E-04
    2.80000   2.80000   3.10000 130.00000 120.00000   0.00000   -344.84100210   -344.84102464   0.2253542E-04
    2.70000   2.80000   3.10000 125.00000 130.00000   0.00000   -344.83888300   -344.83886526  -0.1774165E-04
    2.80000   2.70000   3.10000 125.00000 130.00000   0.00000   -344.83888600   -344.83887253  -0.1347052E-04
    2.80000   2.80000   3.00000 125.00000 130.00000   0.00000   -344.83744060   -344.83745160   0.1100126E-04
    2.80000   2.80000   3.10000 120.00000 130.00000   0.00000   -344.84100210   -344.84102463   0.2253202E-04
    2.80000   2.80000   3.10000 125.00000 115.00000   0.00000   -344.84118560   -344.84117925  -0.6352776E-05
    2.90000   2.80000   3.10000 125.00000 125.00000  -5.00000   -344.84032280   -344.84032674   0.3943458E-05
    2.70000   2.70000   3.10000 125.00000 125.00000  -5.00000   -344.83968660   -344.83969482   0.8223233E-05
    2.80000   2.90000   3.10000 125.00000 125.00000  -5.00000   -344.84032280   -344.84032674   0.3941809E-05
    2.70000   2.80000   3.00000 125.00000 125.00000  -5.00000   -344.83809540   -344.83811395   0.1855362E-04
    2.80000   2.70000   3.00000 125.00000 125.00000  -5.00000   -344.83809540   -344.83811396   0.1856296E-04
    2.80000   2.80000   3.20000 125.00000 125.00000  -5.00000   -344.83992830   -344.83992421  -0.4093004E-05
    2.70000   2.80000   3.10000 120.00000 125.00000  -5.00000   -344.84104130   -344.84104829   0.6986149E-05
    2.80000   2.70000   3.10000 120.00000 125.00000  -5.00000   -344.84105260   -344.84106292   0.1032418E-04
    2.80000   2.80000   3.00000 120.00000 125.00000  -5.00000   -344.83936530   -344.83936979   0.4492780E-05
    2.80000   2.80000   3.10000 130.00000 125.00000  -5.00000   -344.83964770   -344.83963689  -0.1081140E-04
    2.70000   2.80000   3.10000 125.00000 120.00000  -5.00000   -344.84105260   -344.84106293   0.1032549E-04
    2.80000   2.70000   3.10000 125.00000 120.00000  -5.00000   -344.84104130   -344.84104829   0.6991264E-05
    2.80000   2.80000   3.00000 125.00000 120.00000  -5.00000   -344.83936530   -344.83936980   0.4496686E-05
    2.80000   2.80000   3.10000 120.00000 120.00000  -5.00000   -344.84159590   -344.84156917  -0.2672617E-04
    2.80000   2.80000   3.10000 125.00000 130.00000  -5.00000   -344.83964770   -344.83963689  -0.1081380E-04
    2.70000   2.80000   3.10000 125.00000 125.00000   5.00000   -344.84052720   -344.84053266   0.5462065E-05
    2.80000   2.70000   3.10000 125.00000 125.00000   5.00000   -344.84052720   -344.84053266   0.5462991E-05
    2.80000   2.80000   3.00000 125.00000 125.00000   5.00000   -344.83895600   -344.83897213   0.1613262E-04
    2.80000   2.80000   3.10000 120.00000 125.00000   5.00000   -344.84182560   -344.84183099   0.5386021E-05
    2.80000   2.80000   3.10000 125.00000 120.00000   5.00000   -344.84182560   -344.84183099   0.5387259E-05
    2.80000   2.80000   3.10000 125.00000 125.00000 -10.00000   -344.84100630   -344.84100991   0.3611595E-05
    3.00000   2.80000   3.10000 125.00000 125.00000   0.00000   -344.83794480   -344.83795857   0.1376919E-04
    2.60000   2.70000   3.10000 125.00000 125.00000   0.00000   -344.83661840   -344.83661441  -0.3986603E-05
    2.90000   2.90000   3.10000 125.00000 125.00000   0.00000   -344.83939150   -344.83939448   0.2979099E-05
    2.70000   2.60000   3.10000 125.00000 125.00000   0.00000   -344.83661840   -344.83661441  -0.3985998E-05
    2.80000   3.00000   3.10000 125.00000 125.00000   0.00000   -344.83794480   -344.83795857   0.1376669E-04
    2.60000   2.80000   3.00000 125.00000 125.00000   0.00000   -344.83501350   -344.83501970   0.6202446E-05
    2.90000   2.70000   3.00000 125.00000 125.00000   0.00000   -344.83723530   -344.83725205   0.1675053E-04
    2.70000   2.90000   3.00000 125.00000 125.00000   0.00000   -344.83723530   -344.83725204   0.1673519E-04
    2.80000   2.60000   3.00000 125.00000 125.00000   0.00000   -344.83501350   -344.83501972   0.6218597E-05
    2.90000   2.80000   3.20000 125.00000 125.00000   0.00000   -344.83897450   -344.83896806  -0.6441859E-05
    2.70000   2.70000   3.20000 125.00000 125.00000   0.00000   -344.83843210   -344.83843059  -0.1513306E-05
    2.80000   2.90000   3.20000 125.00000 125.00000   0.00000   -344.83897450   -344.83896806  -0.6437209E-05
    2.70000   2.80000   2.90000 125.00000 125.00000   0.00000   -344.83070820   -344.83069366  -0.1454427E-04
    2.80000   2.70000   2.90000 125.00000 125.00000   0.00000   -344.83070820   -344.83069367  -0.1452873E-04
    2.80000   2.80000   3.30000 125.00000 125.00000   0.00000   -344.83576930   -344.83579791   0.2861043E-04
    2.60000   2.80000   3.10000 120.00000 125.00000   0.00000   -344.83801200   -344.83800475  -0.7251318E-05
    2.90000   2.70000   3.10000 120.00000 125.00000   0.00000   -344.84008620   -344.84009167   0.5473711E-05
    2.70000   2.90000   3.10000 120.00000 125.00000   0.00000   -344.84006330   -344.84006224  -0.1063293E-05
    2.80000   2.60000   3.10000 120.00000 125.00000   0.00000   -344.83803420   -344.83803407  -0.1251873E-06
    2.90000   2.80000   3.00000 120.00000 125.00000   0.00000   -344.83843550   -344.83843714   0.1639591E-05
    2.70000   2.70000   3.00000 120.00000 125.00000   0.00000   -344.83783610   -344.83785644   0.2033656E-04
    2.80000   2.90000   3.00000 120.00000 125.00000   0.00000   -344.83842100   -344.83841940  -0.1601425E-05
    2.70000   2.80000   3.20000 120.00000 125.00000   0.00000   -344.83980070   -344.83981162   0.1091993E-04
    2.80000   2.70000   3.20000 120.00000 125.00000   0.00000   -344.83980920   -344.83982323   0.1403102E-04
    2.80000   2.80000   2.90000 120.00000 125.00000   0.00000   -344.83193750   -344.83189940  -0.3809917E-04
    2.90000   2.80000   3.10000 130.00000 125.00000   0.00000   -344.83881140   -344.83880065  -0.1075228E-04
    2.70000   2.70000   3.10000 130.00000 125.00000   0.00000   -344.83797220   -344.83795444  -0.1775860E-04
    2.80000   2.90000   3.10000 130.00000 125.00000   0.00000   -344.83881410   -344.83880733  -0.6768191E-05
    2.70000   2.80000   3.00000 130.00000 125.00000   0.00000   -344.83651900   -344.83653025   0.1125240E-04
    2.80000   2.70000   3.00000 130.00000 125.00000   0.00000   -344.83651320   -344.83651992   0.6718999E-05
    2.80000   2.80000   3.20000 130.00000 125.00000   0.00000   -344.83829590   -344.83826179  -0.3411089E-04
    2.70000   2.80000   3.10000 115.00000 125.00000   0.00000   -344.84041980   -344.84041601  -0.3794999E-05
    2.80000   2.70000   3.10000 115.00000 125.00000   0.00000   -344.84045300   -344.84045395   0.9504233E-06
    2.80000   2.80000   3.00000 115.00000 125.00000   0.00000   -344.83866360   -344.83864960  -0.1399614E-04
    2.80000   2.80000   3.10000 140.00000 125.00000   0.00000   -344.83250950   -344.83244820  -0.6130371E-04
    2.60000   2.80000   3.10000 125.00000 120.00000   0.00000   -344.83803420   -344.83803408  -0.1233049E-06
    2.90000   2.70000   3.10000 125.00000 120.00000   0.00000   -344.84006330   -344.84006224  -0.1059131E-05
    2.70000   2.90000   3.10000 125.00000 120.00000   0.00000   -344.84008620   -344.84009167   0.5471128E-05
    2.80000   2.60000   3.10000 125.00000 120.00000   0.00000   -344.83801200   -344.83800476  -0.7243640E-05
    2.90000   2.80000   3.00000 125.00000 120.00000   0.00000   -344.83842100   -344.83841941  -0.1591849E-05
    2.70000   2.70000   3.00000 125.00000 120.00000   0.00000   -344.83783610   -344.83785645   0.2034761E-04
    2.80000   2.90000   3.00000 125.00000 120.00000   0.00000   -344.83843550   -344.83843713   0.1630795E-05
    2.70000   2.80000   3.20000 125.00000 120.00000   0.00000   -344.83980920   -344.83982323   0.1403355E-04
    2.80000   2.70000   3.20000 125.00000 120.00000   0.00000   -344.83980070   -344.83981161   0.1091330E-04
    2.80000   2.80000   2.90000 125.00000 120.00000   0.00000   -344.83193750   -344.83189941  -0.3809322E-04
    2.90000   2.80000   3.10000 120.00000 120.00000   0.00000   -344.84056480   -344.84052892  -0.3588412E-04
    2.70000   2.70000   3.10000 120.00000 120.00000   0.00000   -344.84019110   -344.84018785  -0.3249287E-05
    2.80000   2.90000   3.10000 120.00000 120.00000   0.00000   -344.84056480   -344.84052891  -0.3588733E-04
    2.70000   2.80000   3.00000 120.00000 120.00000   0.00000   -344.83837520   -344.83835308  -0.2212365E-04
    2.80000   2.70000   3.00000 120.00000 120.00000   0.00000   -344.83837520   -344.83835309  -0.2211148E-04
    2.80000   2.80000   3.20000 120.00000 120.00000   0.00000   -344.84037070   -344.84035716  -0.1353890E-04
    2.70000   2.80000   3.10000 130.00000 120.00000   0.00000   -344.84017940   -344.84020291   0.2351383E-04
    2.80000   2.70000   3.10000 130.00000 120.00000   0.00000   -344.84016530   -344.84018134   0.1603605E-04
    2.80000   2.80000   3.00000 130.00000 120.00000   0.00000   -344.83861180   -344.83864031   0.2850521E-04
    2.80000   2.80000   3.10000 115.00000 120.00000   0.00000   -344.84029800   -344.84023335  -0.6465236E-04
    2.90000   2.80000   3.10000 125.00000 130.00000   0.00000   -344.83881410   -344.83880733  -0.6768599E-05
    2.70000   2.70000   3.10000 125.00000 130.00000   0.00000   -344.83797220   -344.83795444  -0.1776498E-04
    2.80000   2.90000   3.10000 125.00000 130.00000   0.00000   -344.83881140   -344.83880065  -0.1075386E-04
    2.70000   2.80000   3.00000 125.00000 130.00000   0.00000   -344.83651320   -344.83651990   0.6702777E-05
    2.80000   2.70000   3.00000 125.00000 130.00000   0.00000   -344.83651900   -344.83653025   0.1125273E-04
    2.80000   2.80000   3.20000 125.00000 130.00000   0.00000   -344.83829590   -344.83826179  -0.3411132E-04
    2.70000   2.80000   3.10000 120.00000 130.00000   0.00000   -344.84016530   -344.84018133   0.1602807E-04
    2.80000   2.70000   3.10000 120.00000 130.00000   0.00000   -344.84017940   -344.84020291   0.2350737E-04
    2.80000   2.80000   3.00000 120.00000 130.00000   0.00000   -344.83861180   -344.83864030   0.2849664E-04
    2.80000   2.80000   3.10000 130.00000 130.00000   0.00000   -344.83724150   -344.83718095  -0.6055289E-04
    2.70000   2.80000   3.10000 125.00000 115.00000   0.00000   -344.84045300   -344.84045395   0.9520655E-06
    2.80000   2.70000   3.10000 125.00000 115.00000   0.00000   -344.84041980   -344.84041601  -0.3787535E-05
    2.80000   2.80000   3.00000 125.00000 115.00000   0.00000   -344.83866360   -344.83864961  -0.1399010E-04
    2.80000   2.80000   3.10000 120.00000 115.00000   0.00000   -344.84029800   -344.84023335  -0.6465304E-04
    2.80000   2.80000   3.10000 125.00000 140.00000   0.00000   -344.83250950   -344.83244819  -0.6130943E-04
    2.60000   2.80000   3.10000 125.00000 125.00000  -5.00000   -344.83735200   -344.83734234  -0.9663937E-05
    2.90000   2.70000   3.10000 125.00000 125.00000  -5.00000   -344.83950880   -344.83951169   0.2885421E-05
    2.70000   2.90000   3.10000 125.00000 125.00000  -5.00000   -344.83950880   -344.83951168   0.2883562E-05
    2.80000   2.60000   3.10000 125.00000 125.00000  -5.00000   -344.83735200   -344.83734234  -0.9662890E-05
    2.90000   2.80000   3.00000 125.00000 125.00000  -5.00000   -344.83796030   -344.83797563   0.1533290E-04
    2.70000   2.70000   3.00000 125.00000 125.00000  -5.00000   -344.83721830   -344.83724178   0.2347879E-04
    2.80000   2.90000   3.00000 125.00000 125.00000  -5.00000   -344.83796030   -344.83797563   0.1532546E-04
    2.70000   2.80000   3.20000 125.00000 125.00000  -5.00000   -344.83912980   -344.83912454  -0.5255173E-05
    2.80000   2.70000   3.20000 125.00000 125.00000  -5.00000   -344.83912980   -344.83912454  -0.5260772E-05
    2.80000   2.80000   2.90000 125.00000 125.00000  -5.00000   -344.83147990   -344.83146211  -0.1779421E-04
    2.90000   2.80000   3.10000 120.00000 125.00000  -5.00000   -344.84075300   -344.84075415   0.1151185E-05
    2.70000   2.70000   3.10000 120.00000 125.00000  -5.00000   -344.84025920   -344.84027530   0.1609850E-04
    2.80000   2.90000   3.10000 120.00000 125.00000  -5.00000   -344.84074150   -344.84073944  -0.2061055E-05
    2.70000   2.80000   3.00000 120.00000 125.00000  -5.00000   -344.83854260   -344.83855186   0.9258063E-05
    2.80000   2.70000   3.00000 120.00000 125.00000  -5.00000   -344.83855700   -344.83856956   0.1256156E-04
    2.80000   2.80000   3.20000 120.00000 125.00000  -5.00000   -344.84046000   -344.84046822   0.8217763E-05
    2.70000   2.80000   3.10000 130.00000 125.00000  -5.00000   -344.83875460   -344.83874250  -0.1209721E-04
    2.80000   2.70000   3.10000 130.00000 125.00000  -5.00000   -344.83875160   -344.83873513  -0.1647086E-04
    2.80000   2.80000   3.00000 130.00000 125.00000  -5.00000   -344.83730610   -344.83731936   0.1325587E-04
    2.80000   2.80000   3.10000 115.00000 125.00000  -5.00000   -344.84110290   -344.84109359  -0.9305321E-05
    2.90000   2.80000   3.10000 125.00000 120.00000  -5.00000   -344.84074150   -344.84073944  -0.2058598E-05
    2.70000   2.70000   3.10000 125.00000 120.00000  -5.00000   -344.84025920   -344.84027530   0.1610398E-04
    2.80000   2.90000   3.10000 125.00000 120.00000  -5.00000   -344.84075300   -344.84075415   0.1148937E-05
    2.70000   2.80000   3.00000 125.00000 120.00000  -5.00000   -344.83855700   -344.83856956   0.1255827E-04
    2.80000   2.70000   3.00000 125.00000 120.00000  -5.00000   -344.83854300   -344.83855188   0.8875352E-05
    2.80000   2.80000   3.20000 125.00000 120.00000  -5.00000   -344.84046000   -344.84046822   0.8217316E-05
    2.70000   2.80000   3.10000 120.00000 120.00000  -5.00000   -344.84085160   -344.84083328  -0.1832009E-04
    2.80000   2.70000   3.10000 120.00000 120.00000  -5.00000   -344.84085160   -344.84083328  -0.1831707E-04
    2.80000   2.80000   3.00000 120.00000 120.00000  -5.00000   -344.83906380   -344.83902934  -0.3446343E-04
    2.80000   2.80000   3.10000 130.00000 120.00000  -5.00000   -344.84088850   -344.84090947   0.2096630E-04
    2.70000   2.80000   3.10000 125.00000 130.00000  -5.00000   -344.83875160   -344.83873512  -0.1647504E-04
    2.80000   2.70000   3.10000 125.00000 130.00000  -5.00000   -344.83875460   -344.83874250  -0.1210140E-04
    2.80000   2.80000   3.00000 125.00000 130.00000  -5.00000   -344.83730620   -344.83731935   0.1315110E-04
    2.80000   2.80000   3.10000 120.00000 130.00000  -5.00000   -344.84088850   -344.84090946   0.2096258E-04
    2.80000   2.80000   3.10000 125.00000 115.00000  -5.00000   -344.84110290   -344.84109360  -0.9304564E-05
    2.90000   2.80000   3.10000 125.00000 125.00000   5.00000   -344.84032280   -344.84032674   0.3943458E-05
    2.70000   2.70000   3.10000 125.00000 125.00000   5.00000   -344.83968660   -344.83969482   0.8223233E-05
    2.80000   2.90000   3.10000 125.00000 125.00000   5.00000   -344.84032280   -344.84032674   0.3941809E-05
    2.70000   2.80000   3.00000 125.00000 125.00000   5.00000   -344.83809540   -344.83811395   0.1855362E-04
    2.80000   2.70000   3.00000 125.00000 125.00000   5.00000   -344.83809540   -344.83811396   0.1856296E-04
    2.80000   2.80000   3.20000 125.00000 125.00000   5.00000   -344.83992830   -344.83992421  -0.4093004E-05
    2.70000   2.80000   3.10000 120.00000 125.00000   5.00000   -344.84104130   -344.84104829   0.6986149E-05
    2.80000   2.70000   3.10000 120.00000 125.00000   5.00000   -344.84105260   -344.84106292   0.1032418E-04
    2.80000   2.80000   3.00000 120.00000 125.00000   5.00000   -344.83936530   -344.83936979   0.4492780E-05
    2.80000   2.80000   3.10000 130.00000 125.00000   5.00000   -344.83964770   -344.83963689  -0.1081140E-04
    2.70000   2.80000   3.10000 125.00000 120.00000   5.00000   -344.84105260   -344.84106293   0.1032549E-04
    2.80000   2.70000   3.10000 125.00000 120.00000   5.00000   -344.84104130   -344.84104829   0.6991264E-05
    2.80000   2.80000   3.00000 125.00000 120.00000   5.00000   -344.83936530   -344.83936980   0.4496686E-05
    2.80000   2.80000   3.10000 120.00000 120.00000   5.00000   -344.84159590   -344.84156917  -0.2672617E-04
    2.80000   2.80000   3.10000 125.00000 130.00000   5.00000   -344.83964770   -344.83963689  -0.1081380E-04
    2.70000   2.80000   3.10000 125.00000 125.00000 -10.00000   -344.84017170   -344.84017752   0.5819820E-05
    2.80000   2.70000   3.10000 125.00000 125.00000 -10.00000   -344.84017170   -344.84017752   0.5820685E-05
    2.80000   2.80000   3.00000 125.00000 125.00000 -10.00000   -344.83858850   -344.83860617   0.1767464E-04
    2.80000   2.80000   3.10000 120.00000 125.00000 -10.00000   -344.84152420   -344.84152389  -0.3146683E-06
    2.80000   2.80000   3.10000 125.00000 120.00000 -10.00000   -344.84152420   -344.84152389  -0.3130082E-06
    2.80000   2.80000   3.10000 125.00000 125.00000  15.00000   -344.84041920   -344.84042012   0.9197396E-06


EXPANSION COEFFICIENTS (**)COORD REF  REF  REF  REF  REF  REF POLY  4  4  4  4  4  4 CROSS  3  3  3  3  3  2 SYM 0 0 0 0 0 0

                                                                                 
 ------------------------------------------------------------------------------------------------------------------------
 C000000:-344.84209978 C100000:   0.00000000 C010000:   0.00000000 C001000:   0.00000000 C000100:   0.00000000 C000010:   0.00000000
 C200000:   0.09563825 C110000:   0.00027034 C020000:   0.09563829 C101000:   0.00311894 C011000:   0.00311803 C002000:   0.18467164
 C100100:  -0.00425401 C010100:  -0.00592835 C001100:   0.00844390 C000200:   0.07865379 C100010:  -0.00592842 C010010:  -0.00425433
 C001010:   0.00844353 C000110:   0.09600332 C000020:   0.07865390 C000002:   0.01309645 C300000:  -0.07853511 C210000:   0.00000417
 C120000:   0.00000444 C030000:  -0.07853524 C201000:   0.00142236 C111000:  -0.00281310 C021000:   0.00142241 C102000:  -0.00252307
 C012000:  -0.00252200 C003000:  -0.18935263 C200100:  -0.00049207 C110100:   0.00709627 C020100:  -0.00054714 C101100:  -0.00287528
 C011100:   0.00056079 C002100:  -0.00254691 C100200:  -0.01662960 C010200:  -0.01103400 C001200:  -0.00468956 C000300:   0.01018252
 C200010:  -0.00054683 C110010:   0.00709725 C020010:  -0.00049157 C101010:   0.00056399 C011010:  -0.00287167 C002010:  -0.00254657
 C100110:  -0.01489983 C010110:  -0.01489960 C001110:  -0.00288081 C000210:   0.05044344 C100020:  -0.01103396 C010020:  -0.01662961
 C001020:  -0.00468960 C000120:   0.05044339 C000030:   0.01018238 C100002:  -0.00227753 C010002:  -0.00227742 C001002:  -0.00896159
 C000102:   0.02277888 C000012:   0.02277909 C400000:   0.03892686 C310000:   0.00202391 C220000:   0.00159259 C130000:   0.00202476
 C040000:   0.03892656 C301000:   0.00182093 C211000:  -0.00236762 C121000:  -0.00237436 C031000:   0.00183007 C202000:   0.00202015
 C112000:  -0.00055674 C022000:   0.00201580 C103000:   0.00345258 C013000:   0.00346085 C004000:   0.11465256 C300100:   0.00125015
 C210100:  -0.00155821 C120100:   0.00011827 C030100:   0.00062180 C201100:   0.00776872 C111100:  -0.00143361 C021100:   0.00815955
 C102100:   0.00275609 C012100:   0.00195678 C003100:  -0.00272217 C200200:  -0.00677610 C110200:   0.00966699 C020200:  -0.00460914
 C101200:   0.00624801 C011200:   0.00634006 C002200:  -0.01271763 C100300:   0.00290822 C010300:  -0.00113617 C001300:  -0.00777649
 C000400:  -0.00336067 C300010:   0.00062274 C210010:   0.00012330 C120010:  -0.00155328 C030010:   0.00125387 C201010:   0.00816136
 C111010:  -0.00144070 C021010:   0.00778031 C102010:   0.00197207 C012010:   0.00276692 C003010:  -0.00271900 C200110:   0.00197002
 C110110:   0.00412254 C020110:   0.00197122 C101110:  -0.00371988 C011110:  -0.00372361 C002110:   0.02569569 C100210:  -0.00717196
 C010210:  -0.00887351 C001210:   0.01856436 C000310:   0.00042902 C200020:  -0.00460945 C110020:   0.00966834 C020020:  -0.00677728
 C101020:   0.00633830 C011020:   0.00625369 C002020:  -0.01271860 C100120:  -0.00887451 C010120:  -0.00717181 C001120:   0.01856381
 C000220:   0.01975002 C100030:  -0.00113587 C010030:   0.00290896 C001030:  -0.00777578 C000130:   0.00042903 C000040:  -0.00336096
 C200002:  -0.00148655 C110002:   0.00912054 C020002:  -0.00148486 C101002:   0.00014057 C011002:   0.00014605 C002002:  -0.00077143
 C100102:  -0.00531845 C010102:  -0.00686029 C001102:   0.01553594 C000202:  -0.01652102 C100012:  -0.00685997 C010012:  -0.00531720
 C001012:   0.01553739 C000112:  -0.02596435 C000022:  -0.01652071 C000004:   0.00341789

 REFERENCE GEOMETRY
 ------------------
 R10:     1.474884 A         2.787127 A.U.
 R20:     1.474884 A         2.787127 A.U.
 R30:     1.645579 A         3.109694 A.U.
 R40:     2.133558 RAD     122.243858 DEGREES)
 R50:     2.133558 RAD     122.243846 DEGREES)
 R60:     0.000000 RAD       0.000000 DEGREES)


 ACTUAL GEOMETRY
 ------------------
 R10:     1.474884 A         2.787127 A.U.
 R20:     1.474884 A         2.787127 A.U.
 R30:     1.645579 A         3.109694 A.U.
 R40:     2.133558 RAD     122.243858 DEGREES)
 R50:     2.133558 RAD     122.243846 DEGREES)
 R60:     0.000000 RAD       0.000000 DEGREES)

 ERROR STATISTICS
 ----------------
 MINIMUM ERROR:      0.1277999E-07 AU  (   0.00 1/CM)
 MAXIMUM ERROR:      0.6465304E-04 AU  (  14.19 1/CM)
 ROOT MEAN SQUARE:   0.1436761E-04 AU  (   3.15 1/CM)


 HARMONIC FORCE FIELD
 --------------------
 F11:     2.9780 AJ/A**2    F12:     0.0042 AJ/A**2    F13:     0.0486 AJ/A**2
                            F22:     2.9780 AJ/A**2    F23:     0.0485 AJ/A**2
                                                       F33:     5.7504 AJ/A**2
 F14:    -0.0350 AJ/A       F15:    -0.0488 AJ/A       F16:     0.0000 AJ/A   
 F24:    -0.0488 AJ/A       F25:    -0.0351 AJ/A       F26:     0.0000 AJ/A   
 F34:     0.0696 AJ/A       F35:     0.0696 AJ/A       F36:     0.0000 AJ/A   
 F44:     0.6858 AJ/A**2    F45:     0.4186 AJ/A**2    F46:     0.0000 AJ/A**2
                            F55:     0.6858 AJ/A**2    F56:     0.0000 AJ/A**2
                                                       F66:     0.1142 AJ/A**2

 EQUILIBRIUM GEOMETRY IN MOLECULE FIXED AXES SYSTEM (ASYMMETRIC TOP)       
 ---------------------------------------------------------------------------
 AXES:               A              B              C
 CENTER  1:    -0.48770891     0.00000000     0.00000000    MASS: 27.976930 AMU
 CENTER  2:    -1.27459450    -1.24743449     0.00000000    MASS:  1.007825 AMU
 CENTER  3:    -1.27459418     1.24743465     0.00000000    MASS:  1.007825 AMU
 CENTER  4:     1.15787002    -0.00000001     0.00000000    MASS: 14.003070 AMU
 MOMENTS:       5.20832147    47.66155247    52.86987395    10**(-40) G*CM**2

 ROTATIONAL CONSTANTS AT RE
 --------------------------
            A           B           C        UNIT
           5.3749      0.5873      0.5295    1/CM
         161134.3     17608.3     15873.7    MHZ

 PROLATE          ASYMMETRIC ROTOR (K=-0.976)           OBLATE
 |-----------------------------+-----------------------------|
-1                             0                             1
 ^                                                            

 ASSIGNMENT OF MOLECULE FIXED AXES: A-->Z  B-->X  C-->Y    CASE I(R)

1  VEC                -0.053263       0.000000       0.021044       0.061012       0.709714      -0.699502
2  VEC                 0.054106       0.000000       0.020717       0.060063       0.698644       0.710586
3  VEC                 0.000001       0.000000       0.481002       0.872166      -0.089242      -0.000002
4  VEC                -0.672099       0.000000       0.647257      -0.355798       0.011395       0.051176
5  VEC                 0.736559       0.000000       0.590612      -0.324662       0.010398      -0.056084
6  VEC                 0.000000       1.000000       0.000000       0.000000       0.000000       0.000000

 WILSON FG ANALYSIS
 ------------------
 ATOMIC MASSES:                 27.976930       1.007825       1.007825      14.003070  AMU
 FUNDAMENTAL FREQUENCIES:       509.75350      542.44345      923.57002     1035.90340     2263.27807     2294.63738  1/CM

 NORMAL COORDINATE DISPLACEMENTS
 -------------------------------
                R1             R2             R3             R4             R5             R6             FREQUENCY
 Q1:       -0.03982792     0.03982848     0.00000265    -0.70598460     0.70598383     0.00000000        509.75350115 B
 Q2:        0.00000000     0.00000000     0.00000000     0.00000000     0.00000000     1.00000000        542.44344788 B
 Q3:        0.01034799     0.01034847     0.73975520     0.47568271     0.47568271     0.00000000        923.57001686 S
 Q4:        0.02186802     0.02186851     0.98050510    -0.13720982    -0.13721069     0.00000000       1035.90339678 B
 Q5:        0.70649644     0.70647994    -0.03339509    -0.01779899    -0.01779977     0.00000000       2263.27807392 S
 Q6:       -0.70709832     0.70711511    -0.00000449     0.00030509    -0.00030607     0.00000000       2294.63737641 S


 CORIOLIS COUPLING MATRICES
 --------------------------
                     B              B              S              B              S              S
 ZETA-A   B     0.00000000    -0.54770762     0.00000000     0.00000000     0.00000000     0.00000000   
          B     0.54770762     0.00000000    -0.00000071    -0.00000156     0.00000964    -0.83666981   
          S     0.00000000     0.00000071     0.00000000     0.00000000     0.00000000     0.00000000   
          B     0.00000000     0.00000156     0.00000000     0.00000000     0.00000000     0.00000000   
          S     0.00000000    -0.00000964     0.00000000     0.00000000     0.00000000     0.00000000   
          S     0.00000000     0.83666981     0.00000000     0.00000000     0.00000000     0.00000000   

                     B              B              S              B              S              S
 ZETA-B   B     0.00000000    -0.00000051     0.00000000     0.00000000     0.00000000     0.00000000   
          B     0.00000051     0.00000000    -0.63166412     0.57078311    -0.52460183    -0.00000624   
          S     0.00000000     0.63166412     0.00000000     0.00000000     0.00000000     0.00000000   
          B     0.00000000    -0.57078311     0.00000000     0.00000000     0.00000000     0.00000000   
          S     0.00000000     0.52460183     0.00000000     0.00000000     0.00000000     0.00000000   
          S     0.00000000     0.00000624     0.00000000     0.00000000     0.00000000     0.00000000   

                     B              B              S              B              S              S
 ZETA-C   B     0.00000000     0.00000000     0.18512579     0.30620366    -0.93379214    -0.00001088   
          B     0.00000000     0.00000000     0.00000000     0.00000000     0.00000000     0.00000000   
          S    -0.18512579     0.00000000     0.00000000    -0.00000106     0.00001044    -0.87616276   
          B    -0.30620366     0.00000000     0.00000106     0.00000000    -0.00000433     0.48175880   
          S     0.93379214     0.00000000    -0.00001044     0.00000433     0.00000000    -0.01572515   
          S     0.00001088     0.00000000     0.87616276    -0.48175880     0.01572515     0.00000000   


 TAU CONSTANTS AND QUARTIC CENTRIFUGAL DISTORTION
 ------------------------------------------------
 AAAA:    -0.00113374 1/CM   AABB:     0.00001163 1/CM   ABAB:  -0.00007356 1/CM
 BBBB:    -0.00000330 1/CM   BBCC:    -0.00000257 1/CM
 CCCC:    -0.00000210 1/CM   CCAA:    -0.00000155 1/CM

 AAAA:      -33.98881 MHZ    AABB:        0.34864 MHZ    ABAB:     -2.20528 MHZ 
 BBBB:       -0.09892 MHZ    BBCC:       -0.07701 MHZ 
 CCCC:       -0.06303 MHZ    CCAA:       -0.04651 MHZ 

 ROTATIONAL CONSTANTS INCLUDING CENTRIFUGAL DISTORTION
 -----------------------------------------------------
 AXIS   A:  0.53748601E+01 1/CM   161134.25551 MHZ
        B:  0.58735526E+00 1/CM    17608.46830 MHZ
        C:  0.52948320E+00 1/CM    15873.50731 MHZ

 FIRST ORDER CENTRIFUGAL DISTORTION CONSTANTS
 --------------------------------------------
       DJ:  0.66698978E-06 1/CM        0.02000 MHZ
      DJK:  0.32926684E-04 1/CM        0.98712 MHZ
       DK:  0.24984250E-03 1/CM        7.49009 MHZ
       R5: -0.83338171E-05 1/CM       -0.24984 MHZ
       R6: -0.41380516E-08 1/CM       -0.00012 MHZ
    DEL-J:  0.74814772E-07 1/CM        0.00224 MHZ

 A-REDUCTION DISTORTION CONSTANTS
 --------------------------------
  DELTA-J:  0.67526589E-06 1/CM        0.02024 MHZ
 DELTA-JK:  0.32877027E-04 1/CM        0.98563 MHZ
  DELTA-K:  0.24988388E-03 1/CM        7.49133 MHZ
    DEL-J:  0.74814772E-07 1/CM        0.00224 MHZ
    DEL-K:  0.19422771E-04 1/CM        0.58228 MHZ

 S-REDUCTION DISTORTION CONSTANTS
 --------------------------------
      ~DJ:  0.61692219E-06 1/CM        0.01849 MHZ
     ~DJK:  0.33227089E-04 1/CM        0.99612 MHZ
      ~DK:  0.24959216E-03 1/CM        7.48259 MHZ
   ~DEL-J:  0.74814772E-07 1/CM        0.00224 MHZ
      ~R6: -0.29171850E-07 1/CM       -0.00087 MHZ

 VIBRATIONAL DEPENDENCE OF THE ROTATIONAL CONSTANTS
 --------------------------------------------------
 *** WARNING *** CORIOLIS RESONANCE EXPECTED: AXIS A MODE B PERTURBED BY MODE B
 *** WARNING *** CORIOLIS RESONANCE EXPECTED: AXIS A MODE B PERTURBED BY MODE B
 *** WARNING *** CORIOLIS RESONANCE EXPECTED: AXIS A MODE S PERTURBED BY MODE S
 *** WARNING *** CORIOLIS RESONANCE EXPECTED: AXIS A MODE S PERTURBED BY MODE S
 *** WARNING *** CORIOLIS RESONANCE EXPECTED: AXIS B MODE B PERTURBED BY MODE B
 *** WARNING *** CORIOLIS RESONANCE EXPECTED: AXIS B MODE B PERTURBED BY MODE B
 *** WARNING *** CORIOLIS RESONANCE EXPECTED: AXIS B MODE S PERTURBED BY MODE S
 *** WARNING *** CORIOLIS RESONANCE EXPECTED: AXIS B MODE S PERTURBED BY MODE S
 *** WARNING *** CORIOLIS RESONANCE EXPECTED: AXIS C MODE B PERTURBED BY MODE B
 *** WARNING *** CORIOLIS RESONANCE EXPECTED: AXIS C MODE B PERTURBED BY MODE B
 *** WARNING *** CORIOLIS RESONANCE EXPECTED: AXIS C MODE S PERTURBED BY MODE S
 *** WARNING *** CORIOLIS RESONANCE EXPECTED: AXIS C MODE S PERTURBED BY MODE S
                     A              B              C
 ALPHA    B     0.99883443    -0.00340596     0.00043701  1/CM
          B    -1.04648542     0.00407974     0.00008471  1/CM
          S    -0.07017122    -0.00071444     0.00143685  1/CM
          B    -0.01697775     0.00362906     0.00361727  1/CM
          S     0.07355743     0.00051043     0.00110814  1/CM
          S     0.05273036     0.00071393     0.00092064  1/CM

                     A              B              C
 ALPHA    B    29944.30372     -102.10804       13.10117  MHZ
          B   -31372.84434      122.30755        2.53949  MHZ
          S    -2103.68020      -21.41847       43.07570  MHZ
          B     -508.98016      108.79663      108.44301  MHZ
          S     2205.19645       15.30238       33.22113  MHZ
          S     1580.81662       21.40295       27.60006  MHZ


 ANHARMONIC VIBRATIONAL CONSTANTS
 --------------------------------
 *** WARNING *** FERMI RESONANCE EXPECTED: 1XBB PERTURBED BY MODE B
 *** WARNING *** FERMI RESONANCE EXPECTED: 1XBB PERTURBED BY MODE B
 *** WARNING *** FERMI RESONANCE EXPECTED: 1XBB PERTURBED BY MODE B
 *** WARNING *** FERMI RESONANCE EXPECTED: 1XBB PERTURBED BY MODE B
 *** WARNING *** FERMI RESONANCE EXPECTED: 1XBB PERTURBED BY MODE B
 *** WARNING *** FERMI RESONANCE EXPECTED: 1XBB PERTURBED BY MODE B
 *** WARNING *** FERMI RESONANCE EXPECTED: 1XBB PERTURBED BY MODE B
 *** WARNING *** FERMI RESONANCE EXPECTED: 1XBB PERTURBED BY MODE B
 *** WARNING *** FERMI RESONANCE EXPECTED: 1XBB PERTURBED BY MODE B
 *** WARNING *** FERMI RESONANCE EXPECTED: 1XBB PERTURBED BY MODE B
 *** WARNING *** FERMI RESONANCE EXPECTED: 1XBB PERTURBED BY MODE B
 *** WARNING *** FERMI RESONANCE EXPECTED: 1XBB PERTURBED BY MODE B
                     B              B              S              B              S              S
 X(I,J):  B     1.46290589    -7.62268134   -16.49710142    -5.56660956    -6.84921950    -2.75348141  1/CM
          B    -7.62268134     5.87630040    -6.27457488    -2.54230448    -2.21972913   -15.87806148  1/CM
          S   -16.49710142    -6.27457488    -5.52948857    -9.16348702    -7.06101677   -18.80878542  1/CM
          B    -5.56660956    -2.54230448    -9.16348702    -5.20980781    -1.73470554    -3.26821871  1/CM
          S    -6.84921950    -2.21972913    -7.06101677    -1.73470554   -18.43515005   -80.85618531  1/CM
          S    -2.75348141   -15.87806148   -18.80878542    -3.26821871   -80.85618531   -21.93476475  1/CM

 DARLING-DENNISON RESONANCE PARAMETER:        0.00000000  1/CM


 ANHARMONIC VIBRATION-ROTATION TERM VALUES   (ZERO POINT ENERGY: 3727.1 1/CM)
 --------------------------------------------------------------------------
  B B S B S S      J=0             J=1                             J=2
                 E+(00)  E+(01)  O+(11)  O-(10)  E+(02)  O+(12)  O-(11)  E-(21)  E+(20)
                 ------  ----------------------  --------------------------------------
  0 0 0 0 0 0      0.00  +1.111  +5.905  +5.964  +3.331  +8.067  +8.245 +22.627 +22.628
  1 0 0 0 0 0    493.03  +1.114  +4.906  +4.969  +3.340  +7.070  +7.259 +18.635 +18.636
  0 1 0 0 0 0    536.93  +1.106  +6.951  +7.006  +3.319  +9.109  +9.275 +26.809 +26.809
  0 0 1 0 0 0    883.61  +1.110  +5.974  +6.035  +3.329  +8.132  +8.316 +22.907 +22.908
  2 0 0 0 0 0    989.00  +1.117  +3.906  +3.973  +3.349  +6.072  +6.273 +14.642 +14.644
  0 0 0 1 0 0   1014.35  +1.103  +5.918  +5.977  +3.310  +8.066  +8.243 +22.688 +22.688
  1 1 0 0 0 0   1022.34  +1.109  +5.952  +6.011  +3.328  +8.112  +8.289 +22.817 +22.817
  0 2 0 0 0 0   1085.61  +1.102  +7.998  +8.049  +3.307 +10.151 +10.305 +30.991 +30.991
  1 0 1 0 0 0   1360.15  +1.113  +4.974  +5.040  +3.338  +7.135  +7.331 +18.915 +18.916
  0 1 1 0 0 0   1414.26  +1.106  +7.020  +7.077  +3.317  +9.174  +9.346 +27.089 +27.089
  3 0 0 0 0 0   1487.88  +1.120  +2.907  +2.978  +3.357  +5.075  +5.288 +10.650 +10.652
  1 0 0 1 0 0   1501.81  +1.106  +4.919  +4.982  +3.318  +7.069  +7.258 +18.695 +18.696
  2 1 0 0 0 0   1510.68  +1.112  +4.953  +5.016  +3.336  +7.115  +7.303 +18.824 +18.825
  0 1 0 1 0 0   1548.73  +1.099  +6.965  +7.020  +3.297  +9.108  +9.274 +26.870 +26.870
  1 2 0 0 0 0   1563.40  +1.105  +6.998  +7.053  +3.315  +9.154  +9.319 +26.998 +26.999
  0 3 0 0 0 0   1646.04  +1.098  +9.044  +9.091  +3.294 +11.193 +11.335 +35.172 +35.173
  0 0 2 0 0 0   1756.16  +1.109  +6.042  +6.106  +3.327  +8.197  +8.388 +23.187 +23.188
  2 0 1 0 0 0   1839.61  +1.116  +3.975  +4.044  +3.346  +6.138  +6.345 +14.922 +14.924
  1 1 1 0 0 0   1883.18  +1.109  +6.021  +6.082  +3.326  +8.177  +8.361 +23.096 +23.097
  0 0 1 1 0 0   1888.79  +1.103  +5.987  +6.048  +3.307  +8.131  +8.315 +22.968 +22.968
  0 2 1 0 0 0   1956.67  +1.102  +8.066  +8.120  +3.304 +10.216 +10.376 +31.271 +31.271
  4 0 0 0 0 0   1989.69  +1.123  +1.908  +1.982  +3.362  +4.078  +4.302  +6.658  +6.663
  2 0 0 1 0 0   1992.21  +1.109  +3.920  +3.987  +3.327  +6.071  +6.272 +14.703 +14.704
  3 1 0 0 0 0   2001.94  +1.115  +3.953  +4.020  +3.345  +6.117  +6.318 +14.832 +14.833
  0 0 0 2 0 0   2018.27  +1.096  +5.932  +5.991  +3.288  +8.065  +8.242 +22.748 +22.749
  1 1 0 1 0 0   2028.58  +1.102  +5.965  +6.024  +3.306  +8.111  +8.288 +22.877 +22.878
  2 2 0 0 0 0   2044.11  +1.108  +5.999  +6.058  +3.324  +8.157  +8.333 +23.006 +23.006
  0 2 0 1 0 0   2094.87  +1.095  +8.011  +8.062  +3.285 +10.150 +10.304 +31.051 +31.052
  1 3 0 0 0 0   2116.21  +1.101  +8.045  +8.096  +3.303 +10.196 +10.349 +31.180 +31.180
  0 0 0 0 1 0   2177.05  +1.109  +5.830  +5.890  +3.326  +7.988  +8.168 +22.331 +22.332
  0 0 0 0 0 1   2189.99  +1.109  +5.851  +5.911  +3.326  +8.010  +8.188 +22.415 +22.415
  1 0 2 0 0 0   2216.20  +1.112  +5.043  +5.110  +3.336  +7.200  +7.402 +19.195 +19.196
  0 4 0 0 0 0   2218.23  +1.094 +10.090 +10.134  +3.282 +12.235 +12.365 +39.354 +39.354
  0 1 2 0 0 0   2280.54  +1.105  +7.089  +7.148  +3.315  +9.239  +9.418 +27.369 +27.369
  3 0 1 0 0 0   2322.00  +1.119  +2.976  +3.049  +3.354  +5.140  +5.359 +10.930 +10.932
  2 1 1 0 0 0   2355.02  +1.112  +5.021  +5.086  +3.334  +7.180  +7.375 +19.104 +19.105
  1 0 1 1 0 0   2359.76  +1.106  +4.988  +5.053  +3.316  +7.134  +7.329 +18.975 +18.976
  0 1 1 1 0 0   2416.90  +1.098  +7.033  +7.091  +3.295  +9.173  +9.345 +27.149 +27.150
  1 2 1 0 0 0   2417.96  +1.105  +7.067  +7.124  +3.313  +9.219  +9.391 +27.278 +27.279
  3 0 0 1 0 0   2485.53  +1.112  +2.920  +2.991  +3.335  +5.074  +5.286 +10.711 +10.713
  5 0 0 0 0 0   2494.43  +0.908  +0.987  +1.125  +2.640  +2.665  +3.081  +3.316  +3.402
  4 1 0 0 0 0   2496.13  +1.118  +2.954  +3.025  +3.353  +5.120  +5.332 +10.839 +10.841
  1 0 0 2 0 0   2500.17  +1.099  +4.932  +4.995  +3.297  +7.067  +7.257 +18.756 +18.757
  0 3 1 0 0 0   2510.82  +1.097  +9.113  +9.162  +3.292 +11.258 +11.406 +35.452 +35.453
  2 1 0 1 0 0   2511.35  +1.105  +4.966  +5.029  +3.315  +7.113  +7.302 +18.885 +18.886
  3 2 0 0 0 0   2527.75  +1.111  +5.000  +5.063  +3.333  +7.159  +7.348 +19.014 +19.014
  0 1 0 2 0 0   2550.12  +1.092  +6.978  +7.033  +3.276  +9.107  +9.272 +26.930 +26.931
  1 2 0 1 0 0   2567.09  +1.098  +7.012  +7.067  +3.294  +9.153  +9.318 +27.059 +27.059
  2 3 0 0 0 0   2589.30  +1.104  +7.045  +7.100  +3.312  +9.199  +9.364 +27.188 +27.188
  0 0 3 0 0 0   2617.65  +1.108  +6.111  +6.177  +3.325  +8.262  +8.459 +23.467 +23.468
  0 3 0 1 0 0   2652.76  +1.091  +9.057  +9.105  +3.272 +11.192 +11.334 +35.233 +35.233
  1 0 0 0 1 0   2663.23  +1.112  +4.831  +4.895  +3.335  +6.991  +7.182 +18.339 +18.340
  2 0 2 0 0 0   2679.17  +1.115  +4.044  +4.115  +3.344  +6.203  +6.416 +15.202 +15.204
  1 0 0 0 0 1   2680.27  +1.112  +4.852  +4.915  +3.335  +7.013  +7.202 +18.422 +18.423
  1 4 0 0 0 0   2680.77  +1.097  +9.091  +9.138  +3.291 +11.238 +11.379 +35.362 +35.362
  0 1 0 0 0 1   2711.03  +1.105  +6.898  +6.953  +3.314  +9.052  +9.218 +26.596 +26.597
  0 1 0 0 1 0   2711.75  +1.105  +6.877  +6.932  +3.314  +9.030  +9.198 +26.513 +26.513
  1 1 2 0 0 0   2732.95  +1.108  +6.089  +6.153  +3.323  +8.242  +8.432 +23.376 +23.377
  0 0 2 1 0 0   2752.18  +1.102  +6.056  +6.119  +3.305  +8.196  +8.387 +23.248 +23.248
  0 5 0 0 0 0   2802.16  +1.090 +11.137 +11.176  +3.269 +13.277 +13.395 +43.536 +43.536
  4 0 1 0 0 0   2807.31  +1.122  +1.976  +2.053  +3.360  +4.143  +4.374  +6.938  +6.943
  0 2 2 0 0 0   2816.67  +1.101  +8.135  +8.191  +3.302 +10.281 +10.448 +31.551 +31.551
  3 1 1 0 0 0   2829.78  +1.115  +4.022  +4.091  +3.343  +6.182  +6.389 +15.112 +15.113
  2 0 1 1 0 0   2833.66  +1.109  +3.988  +4.057  +3.325  +6.136  +6.344 +14.983 +14.984
  1 1 1 1 0 0   2880.25  +1.101  +6.034  +6.095  +3.304  +8.176  +8.359 +23.157 +23.158
  2 2 1 0 0 0   2882.18  +1.108  +6.068  +6.129  +3.322  +8.222  +8.405 +23.286 +23.286
  0 0 1 2 0 0   2883.55  +1.095  +6.000  +6.062  +3.286  +8.130  +8.314 +23.028 +23.029
  0 2 1 1 0 0   2956.76  +1.094  +8.080  +8.133  +3.283 +10.215 +10.375 +31.331 +31.332
  1 3 1 0 0 0   2964.49  +1.100  +8.113  +8.167  +3.301 +10.261 +10.421 +31.460 +31.460
  4 0 0 1 0 0   2981.77  +1.115  +1.921  +1.996  +3.341  +4.077  +4.301  +6.718  +6.723
  2 0 0 2 0 0   2985.00  +1.102  +3.933  +4.000  +3.305  +6.070  +6.271 +14.764 +14.765
  5 1 0 0 0 0   2993.25  +1.121  +1.955  +2.029  +3.359  +4.123  +4.346  +6.847  +6.852
  3 1 0 1 0 0   2997.05  +1.108  +3.967  +4.034  +3.323  +6.116  +6.317 +14.892 +14.894
  6 0 0 0 0 0   3002.10  -0.091  -0.009  +1.128  -1.331  -1.327  +2.084  +2.331  +3.390
  0 0 0 3 0 0   3011.78  +1.089  +5.945  +6.004  +3.266  +8.063  +8.241 +22.809 +22.810
  4 2 0 0 0 0   3014.32  +1.114  +4.001  +4.067  +3.341  +6.162  +6.362 +15.021 +15.022
  1 1 0 2 0 0   3024.39  +1.095  +5.979  +6.038  +3.284  +8.109  +8.287 +22.938 +22.938
  2 2 0 1 0 0   3042.24  +1.101  +6.012  +6.071  +3.302  +8.155  +8.332 +23.067 +23.067
  0 0 1 0 1 0   3053.59  +1.108  +5.899  +5.961  +3.324  +8.053  +8.239 +22.611 +22.612
  0 0 1 0 0 1   3054.79  +1.108  +5.920  +5.982  +3.324  +8.075  +8.260 +22.695 +22.695
  1 0 3 0 0 0   3061.19  +1.111  +5.112  +5.181  +3.333  +7.265  +7.474 +19.475 +19.476
  3 3 0 0 0 0   3065.32  +1.107  +6.046  +6.105  +3.321  +8.201  +8.378 +23.195 +23.196
  0 4 1 0 0 0   3076.74  +1.093 +10.159 +10.205  +3.280 +12.300 +12.436 +39.634 +39.634
  0 2 0 2 0 0   3093.71  +1.088  +8.024  +8.076  +3.263 +10.149 +10.302 +31.112 +31.112
  1 3 0 1 0 0   3117.36  +1.094  +8.058  +8.109  +3.281 +10.195 +10.348 +31.241 +31.241
  0 1 3 0 0 0   3135.75  +1.104  +7.157  +7.219  +3.312  +9.304  +9.489 +27.649 +27.649
  3 0 2 0 0 0   3145.06  +1.118  +3.044  +3.120  +3.352  +5.206  +5.431 +11.210 +11.212
  2 4 0 0 0 0   3146.24  +1.100  +8.092  +8.143  +3.299 +10.241 +10.394 +31.369 +31.370
  2 0 0 0 1 0   3152.34  +1.115  +3.832  +3.899  +3.344  +5.994  +6.197 +14.347 +14.348
  2 0 0 0 0 1   3173.47  +1.115  +3.853  +3.920  +3.344  +6.015  +6.217 +14.430 +14.431
  2 1 2 0 0 0   3188.30  +1.111  +5.090  +5.157  +3.332  +7.245  +7.447 +19.384 +19.385
  0 0 0 1 1 0   3189.66  +1.102  +5.843  +5.903  +3.305  +7.987  +8.167 +22.392 +22.392
  1 1 0 0 1 0   3190.32  +1.108  +5.877  +5.937  +3.323  +8.033  +8.212 +22.521 +22.521
  1 1 0 0 0 1   3193.69  +1.108  +5.898  +5.958  +3.323  +8.055  +8.233 +22.604 +22.604
  0 0 0 1 0 1   3201.06  +1.102  +5.865  +5.924  +3.305  +8.009  +8.187 +22.475 +22.476
  1 0 2 1 0 0   3206.65  +1.105  +5.056  +5.124  +3.314  +7.199  +7.401 +19.255 +19.256
  0 4 0 1 0 0   3222.40  +1.087 +10.104 +10.147  +3.260 +12.234 +12.364 +39.415 +39.415
  0 2 0 0 0 1   3243.84  +1.101  +7.944  +7.995  +3.302 +10.094 +10.248 +30.778 +30.778
  1 5 0 0 0 0   3257.08  +1.093 +10.138 +10.181  +3.278 +12.280 +12.409 +39.544 +39.544
  0 2 0 0 1 0   3258.22  +1.101  +7.923  +7.975  +3.302 +10.072 +10.228 +30.695 +30.695
  1 2 2 0 0 0   3261.46  +1.104  +7.136  +7.195  +3.311  +9.284  +9.462 +27.558 +27.559
  0 1 2 1 0 0   3274.01  +1.098  +7.102  +7.162  +3.293  +9.238  +9.417 +27.429 +27.430
  5 0 1 0 0 0   3295.55  +0.977  +1.058  +1.125  +2.904  +2.945  +3.146  +3.388  +3.416
  4 1 1 0 0 0   3307.48  +1.118  +3.023  +3.096  +3.351  +5.185  +5.404 +11.119 +11.121
  3 0 1 1 0 0   3310.48  +1.112  +2.989  +3.062  +3.333  +5.139  +5.358 +10.991 +10.993
  2 1 1 1 0 0   3346.52  +1.104  +5.035  +5.100  +3.313  +7.179  +7.374 +19.165 +19.166
  1 0 1 2 0 0   3348.96  +1.098  +5.001  +5.066  +3.294  +7.133  +7.328 +19.036 +19.037
  3 2 1 0 0 0   3349.32  +1.110  +5.069  +5.133  +3.331  +7.225  +7.419 +19.294 +19.294
  0 3 2 0 0 0   3364.55  +1.097  +9.181  +9.233  +3.290 +11.323 +11.478 +35.732 +35.733
  0 6 0 0 0 0   3397.85  +1.086 +12.183 +12.218  +3.257 +14.319 +14.425 +47.718 +47.718
  0 1 1 2 0 0   3409.12  +1.091  +7.047  +7.104  +3.273  +9.172  +9.344 +27.210 +27.211
  1 2 1 1 0 0   3412.49  +1.097  +7.080  +7.138  +3.291  +9.218  +9.390 +27.339 +27.339
  2 3 1 0 0 0   3421.09  +1.103  +7.114  +7.171  +3.310  +9.264  +9.435 +27.468 +27.468
  0 0 4 0 0 0   3468.08  +1.108  +6.180  +6.248  +3.323  +8.327  +8.531 +23.747 +23.748
  3 0 0 2 0 0   3472.75  +1.105  +2.934  +3.004  +3.313  +5.073  +5.285 +10.771 +10.773
  5 0 0 1 0 0   3480.95  +0.922  +1.000  +1.118  +2.698  +2.726  +3.080  +3.315  +3.383
  4 1 0 1 0 0   3485.67  +1.111  +2.967  +3.038  +3.331  +5.119  +5.331 +10.900 +10.902
  1 0 0 3 0 0   3488.11  +1.092  +4.946  +5.009  +3.275  +7.066  +7.255 +18.817 +18.817
  6 1 0 0 0 0   3493.29  +0.956  +1.034  +1.124  +2.821  +2.855  +3.126  +3.361  +3.406
  2 1 0 2 0 0   3501.60  +1.098  +4.979  +5.042  +3.293  +7.112  +7.301 +18.945 +18.946
  5 2 0 0 0 0   3503.81  +1.117  +3.001  +3.072  +3.349  +5.165  +5.377 +11.029 +11.031
  2 0 3 0 0 0   3507.66  +1.114  +4.112  +4.186  +3.342  +6.268  +6.488 +15.482 +15.484
  0 3 1 1 0 0   3508.38  +1.090  +9.126  +9.176  +3.270 +11.257 +11.405 +35.513 +35.513
  7 0 0 0 0 0   3512.69  -1.090  -1.004  +1.131  -5.322  -5.319  +1.087  +1.345  +3.397
  3 2 0 1 0 0   3520.31  +1.104  +5.013  +5.076  +3.311  +7.158  +7.347 +19.074 +19.075
  1 4 1 0 0 0   3522.78  +1.096  +9.160  +9.209  +3.288 +11.303 +11.451 +35.642 +35.642
  1 0 1 0 1 0   3523.28  +1.111  +4.900  +4.965  +3.333  +7.056  +7.254 +18.619 +18.620
  1 0 1 0 0 1   3528.57  +1.111  +4.921  +4.986  +3.333  +7.078  +7.274 +18.702 +18.703
  0 1 0 3 0 0   3541.08  +1.085  +6.991  +7.047  +3.254  +9.106  +9.271 +26.991 +26.991
  4 3 0 0 0 0   3544.26  +1.110  +5.047  +5.110  +3.329  +7.204  +7.392 +19.203 +19.204
  1 2 0 2 0 0   3560.37  +1.091  +7.025  +7.080  +3.272  +9.152  +9.317 +27.120 +27.120
  0 1 1 0 0 1   3569.56  +1.104  +6.966  +7.024  +3.312  +9.117  +9.290 +26.876 +26.877
  1 1 3 0 0 0   3571.67  +1.107  +6.158  +6.224  +3.321  +8.307  +8.504 +23.656 +23.657
  0 1 1 0 1 0   3582.03  +1.104  +6.945  +7.003  +3.312  +9.096  +9.270 +26.793 +26.793
  2 3 0 1 0 0   3584.89  +1.097  +7.059  +7.114  +3.290  +9.198  +9.362 +27.248 +27.249
