SURFACE  (  208 POINTS)

                      
 ------------------------------------------------------------------------------------------------------------------------
      R1        R2      R3      ANGLE1    ANGLE2    ANGLE3        INPUT            FIT            DIFFERENCE
    2.80000   2.80000   3.10000 125.00000 125.00000   0.00000   -344.84116012   -344.84115204  -0.8080797E-05
    2.60000   2.80000   3.10000 125.00000 125.00000   0.00000   -344.83715136   -344.83714849  -0.2872545E-05
    2.80000   2.60000   3.10000 125.00000 125.00000   0.00000   -344.83715136   -344.83714849  -0.2870477E-05
    2.80000   2.80000   2.90000 125.00000 125.00000   0.00000   -344.83105718   -344.83105497  -0.2206368E-05
    2.80000   2.80000   3.10000 100.00000 125.00000   0.00000   -344.83184226   -344.83184265   0.3913290E-06
    2.80000   2.80000   3.10000 125.00000 100.00000   0.00000   -344.83184226   -344.83184265   0.3928189E-06
    2.80000   2.80000   3.10000 125.00000 125.00000 -10.00000   -344.84069801   -344.84069780  -0.2061637E-06
    3.00000   2.80000   3.10000 125.00000 125.00000   0.00000   -344.83764401   -344.83763736  -0.6654561E-05
    2.60000   2.60000   3.10000 125.00000 125.00000   0.00000   -344.83307722   -344.83307845   0.1227471E-05
    2.80000   3.00000   3.10000 125.00000 125.00000   0.00000   -344.83764401   -344.83763736  -0.6652836E-05
    2.60000   2.80000   2.90000 125.00000 125.00000   0.00000   -344.82689807   -344.82689712  -0.9518374E-06
    2.80000   2.60000   2.90000 125.00000 125.00000   0.00000   -344.82689807   -344.82689711  -0.9585747E-06
    2.80000   2.80000   3.30000 125.00000 125.00000   0.00000   -344.83563391   -344.83562720  -0.6707148E-05
    2.60000   2.80000   3.10000 100.00000 125.00000   0.00000   -344.82773544   -344.82773311  -0.2328384E-05
    2.80000   2.60000   3.10000 100.00000 125.00000   0.00000   -344.82809543   -344.82809249  -0.2941275E-05
    2.80000   2.80000   2.90000 100.00000 125.00000   0.00000   -344.82102250   -344.82102488   0.2377878E-05
    2.80000   2.80000   3.10000 150.00000 125.00000   0.00000   -344.81946187   -344.81945265  -0.9219955E-05
    2.60000   2.80000   3.10000 125.00000 100.00000   0.00000   -344.82809543   -344.82809249  -0.2939180E-05
    2.80000   2.60000   3.10000 125.00000 100.00000   0.00000   -344.82773544   -344.82773310  -0.2335148E-05
    2.80000   2.80000   2.90000 125.00000 100.00000   0.00000   -344.82102251   -344.82102488   0.2370160E-05
    2.80000   2.80000   3.10000 100.00000 100.00000   0.00000   -344.81029373   -344.81033322   0.3949207E-04
    2.80000   2.80000   3.10000 125.00000 150.00000   0.00000   -344.81946187   -344.81945265  -0.9222433E-05
    2.60000   2.80000   3.10000 125.00000 125.00000 -10.00000   -344.83666745   -344.83666808   0.6290448E-06
    2.80000   2.60000   3.10000 125.00000 125.00000 -10.00000   -344.83666745   -344.83666809   0.6430676E-06
    2.80000   2.80000   2.90000 125.00000 125.00000 -10.00000   -344.83054364   -344.83054553   0.1894437E-05
    2.80000   2.80000   3.10000 100.00000 125.00000 -10.00000   -344.83173994   -344.83173708  -0.2862997E-05
    2.80000   2.80000   3.10000 125.00000 100.00000 -10.00000   -344.83173994   -344.83173708  -0.2862501E-05
    2.80000   2.80000   3.10000 125.00000 125.00000  10.00000   -344.84069801   -344.84069780  -0.2061637E-06
    2.40000   2.80000   3.10000 125.00000 125.00000   0.00000   -344.82116490   -344.82116668   0.1783645E-05
    3.00000   2.60000   3.10000 125.00000 125.00000   0.00000   -344.83368249   -344.83367915  -0.3341230E-05
    2.60000   3.00000   3.10000 125.00000 125.00000   0.00000   -344.83368249   -344.83367916  -0.3333959E-05
    2.80000   2.40000   3.10000 125.00000 125.00000   0.00000   -344.82116489   -344.82116666   0.1772006E-05
    3.00000   2.80000   2.90000 125.00000 125.00000   0.00000   -344.82769571   -344.82769368  -0.2034009E-05
    2.60000   2.60000   2.90000 125.00000 125.00000   0.00000   -344.82265632   -344.82265745   0.1128447E-05
    2.80000   3.00000   2.90000 125.00000 125.00000   0.00000   -344.82769571   -344.82769368  -0.2033641E-05
    2.60000   2.80000   3.30000 125.00000 125.00000   0.00000   -344.83172294   -344.83172083  -0.2113843E-05
    2.80000   2.60000   3.30000 125.00000 125.00000   0.00000   -344.83172295   -344.83172082  -0.2125744E-05
    2.80000   2.80000   2.70000 125.00000 125.00000   0.00000   -344.79374744   -344.79374940   0.1960380E-05
    3.00000   2.80000   3.10000 100.00000 125.00000   0.00000   -344.82848049   -344.82848528   0.4788532E-05
    2.60000   2.60000   3.10000 100.00000 125.00000   0.00000   -344.82400042   -344.82399591  -0.4513554E-05
    2.80000   3.00000   3.10000 100.00000 125.00000   0.00000   -344.82809721   -344.82810267   0.5463516E-05
    2.60000   2.80000   2.90000 100.00000 125.00000   0.00000   -344.81666467   -344.81666249  -0.2180040E-05
    2.80000   2.60000   2.90000 100.00000 125.00000   0.00000   -344.81708161   -344.81707946  -0.2148784E-05
    2.80000   2.80000   3.30000 100.00000 125.00000   0.00000   -344.82711336   -344.82711785   0.4494787E-05
    2.60000   2.80000   3.10000 150.00000 125.00000   0.00000   -344.81435934   -344.81436350   0.4156528E-05
    2.80000   2.60000   3.10000 150.00000 125.00000   0.00000   -344.81435133   -344.81435423   0.2899243E-05
    2.80000   2.80000   2.90000 150.00000 125.00000   0.00000   -344.80987675   -344.80987471  -0.2037384E-05
    2.80000   2.80000   3.10000  75.00000 125.00000   0.00000   -344.79773978   -344.79770406  -0.3571653E-04
    3.00000   2.80000   3.10000 125.00000 100.00000   0.00000   -344.82809722   -344.82810268   0.5457622E-05
    2.60000   2.60000   3.10000 125.00000 100.00000   0.00000   -344.82400042   -344.82399590  -0.4517552E-05
    2.80000   3.00000   3.10000 125.00000 100.00000   0.00000   -344.82848050   -344.82848528   0.4784914E-05
    2.60000   2.80000   2.90000 125.00000 100.00000   0.00000   -344.81708161   -344.81707947  -0.2144422E-05
    2.80000   2.60000   2.90000 125.00000 100.00000   0.00000   -344.81666467   -344.81666249  -0.2180474E-05
    2.80000   2.80000   3.30000 125.00000 100.00000   0.00000   -344.82711337   -344.82711786   0.4491569E-05
    2.60000   2.80000   3.10000 100.00000 100.00000   0.00000   -344.80611705   -344.80613502   0.1796704E-04
    2.80000   2.60000   3.10000 100.00000 100.00000   0.00000   -344.80611705   -344.80613502   0.1796637E-04
    2.80000   2.80000   2.90000 100.00000 100.00000   0.00000   -344.79804740   -344.79805181   0.4408348E-05
    2.80000   2.80000   3.10000 150.00000 100.00000   0.00000   -344.82948904   -344.82952896   0.3991809E-04
    2.60000   2.80000   3.10000 125.00000 150.00000   0.00000   -344.81435133   -344.81435424   0.2908263E-05
    2.80000   2.60000   3.10000 125.00000 150.00000   0.00000   -344.81435934   -344.81436349   0.4148285E-05
    2.80000   2.80000   2.90000 125.00000 150.00000   0.00000   -344.80987675   -344.80987471  -0.2037957E-05
    2.80000   2.80000   3.10000 100.00000 150.00000   0.00000   -344.82948904   -344.82952896   0.3991574E-04
    2.80000   2.80000   3.10000 125.00000  75.00000   0.00000   -344.79773977   -344.79770406  -0.3571190E-04
    3.00000   2.80000   3.10000 125.00000 125.00000 -10.00000   -344.83720540   -344.83720873   0.3327280E-05
    2.60000   2.60000   3.10000 125.00000 125.00000 -10.00000   -344.83256848   -344.83256787  -0.6137354E-06
    2.80000   3.00000   3.10000 125.00000 125.00000 -10.00000   -344.83720540   -344.83720873   0.3326418E-05
    2.60000   2.80000   2.90000 125.00000 125.00000 -10.00000   -344.82636229   -344.82636277   0.4759190E-06
    2.80000   2.60000   2.90000 125.00000 125.00000 -10.00000   -344.82636229   -344.82636277   0.4792873E-06
    2.80000   2.80000   3.30000 125.00000 125.00000 -10.00000   -344.83523150   -344.83523485   0.3353574E-05
    2.60000   2.80000   3.10000 100.00000 125.00000 -10.00000   -344.82761932   -344.82762048   0.1164192E-05
    2.80000   2.60000   3.10000 100.00000 125.00000 -10.00000   -344.82797898   -344.82798045   0.1470637E-05
    2.80000   2.80000   2.90000 100.00000 125.00000 -10.00000   -344.82083893   -344.82083774  -0.1188939E-05
    2.80000   2.80000   3.10000 150.00000 125.00000 -10.00000   -344.81883701   -344.81884162   0.4609977E-05
    2.60000   2.80000   3.10000 125.00000 100.00000 -10.00000   -344.82797898   -344.82798045   0.1469590E-05
    2.80000   2.60000   3.10000 125.00000 100.00000 -10.00000   -344.82761932   -344.82762049   0.1167574E-05
    2.80000   2.80000   2.90000 125.00000 100.00000 -10.00000   -344.82083892   -344.82083773  -0.1185080E-05
    2.80000   2.80000   3.10000 100.00000 100.00000 -10.00000   -344.81075764   -344.81073789  -0.1974604E-04
    2.80000   2.80000   3.10000 125.00000 150.00000 -10.00000   -344.81883701   -344.81884162   0.4611217E-05
    2.60000   2.80000   3.10000 125.00000 125.00000  10.00000   -344.83666745   -344.83666808   0.6290448E-06
    2.80000   2.60000   3.10000 125.00000 125.00000  10.00000   -344.83666745   -344.83666809   0.6430676E-06
    2.80000   2.80000   2.90000 125.00000 125.00000  10.00000   -344.83054364   -344.83054553   0.1894437E-05
    2.80000   2.80000   3.10000 100.00000 125.00000  10.00000   -344.83173994   -344.83173708  -0.2862997E-05
    2.80000   2.80000   3.10000 125.00000 100.00000  10.00000   -344.83173994   -344.83173708  -0.2862501E-05
    2.80000   2.80000   3.10000 125.00000 125.00000 -20.00000   -344.83927106   -344.83928371   0.1264838E-04
    3.20000   2.80000   3.10000 125.00000 125.00000   0.00000   -344.82954612   -344.82954612   0.5684342E-13
    2.40000   2.60000   3.10000 125.00000 125.00000   0.00000   -344.81700949   -344.81700949   0.5684342E-13
    3.00000   3.00000   3.10000 125.00000 125.00000   0.00000   -344.83409740   -344.83409740  -0.5684342E-13
    2.60000   2.40000   3.10000 125.00000 125.00000   0.00000   -344.81700949   -344.81700949   0.5684342E-13
    2.80000   3.20000   3.10000 125.00000 125.00000   0.00000   -344.82954612   -344.82954612   0.0000000E+00
    2.40000   2.80000   2.90000 125.00000 125.00000   0.00000   -344.81076825   -344.81076825   0.0000000E+00
    3.00000   2.60000   2.90000 125.00000 125.00000   0.00000   -344.82360130   -344.82360130  -0.3979039E-12
    2.60000   3.00000   2.90000 125.00000 125.00000   0.00000   -344.82360130   -344.82360130  -0.5684342E-13
    2.80000   2.40000   2.90000 125.00000 125.00000   0.00000   -344.81076825   -344.81076825   0.5684342E-13
    3.00000   2.80000   3.30000 125.00000 125.00000   0.00000   -344.83201935   -344.83201935   0.0000000E+00
    2.60000   2.60000   3.30000 125.00000 125.00000   0.00000   -344.82776189   -344.82776189  -0.1705303E-12
    2.80000   3.00000   3.30000 125.00000 125.00000   0.00000   -344.83201935   -344.83201935   0.1136868E-12
    2.60000   2.80000   2.70000 125.00000 125.00000   0.00000   -344.78937507   -344.78937507  -0.1136868E-12
    2.80000   2.60000   2.70000 125.00000 125.00000   0.00000   -344.78937507   -344.78937507   0.0000000E+00
    2.80000   2.80000   3.50000 125.00000 125.00000   0.00000   -344.82166035   -344.82166035  -0.5684342E-13
    2.40000   2.80000   3.10000 100.00000 125.00000   0.00000   -344.81169903   -344.81169903   0.5684342E-13
    3.00000   2.60000   3.10000 100.00000 125.00000   0.00000   -344.82470859   -344.82470859  -0.2273737E-12
    2.60000   3.00000   3.10000 100.00000 125.00000   0.00000   -344.82396296   -344.82396296  -0.1136868E-12
    2.80000   2.40000   3.10000 100.00000 125.00000   0.00000   -344.81239027   -344.81239027  -0.5684342E-13
    3.00000   2.80000   2.90000 100.00000 125.00000   0.00000   -344.81792035   -344.81792035  -0.1705303E-12
    2.60000   2.60000   2.90000 100.00000 125.00000   0.00000   -344.81271753   -344.81271753   0.0000000E+00
    2.80000   3.00000   2.90000 100.00000 125.00000   0.00000   -344.81747538   -344.81747538  -0.1705303E-12
    2.60000   2.80000   3.30000 100.00000 125.00000   0.00000   -344.82320504   -344.82320504   0.0000000E+00
    2.80000   2.60000   3.30000 100.00000 125.00000   0.00000   -344.82350175   -344.82350175  -0.5684342E-13
    2.80000   2.80000   2.70000 100.00000 125.00000   0.00000   -344.78324264   -344.78324264   0.5684342E-13
    3.00000   2.80000   3.10000 150.00000 125.00000   0.00000   -344.81718509   -344.81718509  -0.1705303E-12
    2.60000   2.60000   3.10000 150.00000 125.00000   0.00000   -344.80897852   -344.80897852  -0.1136868E-12
    2.80000   3.00000   3.10000 150.00000 125.00000   0.00000   -344.81715323   -344.81715323  -0.5684342E-13
    2.60000   2.80000   2.90000 150.00000 125.00000   0.00000   -344.80465985   -344.80465985  -0.5684342E-13
    2.80000   2.60000   2.90000 150.00000 125.00000   0.00000   -344.80458885   -344.80458885   0.0000000E+00
    2.80000   2.80000   3.30000 150.00000 125.00000   0.00000   -344.81371557   -344.81371557   0.0000000E+00
    2.60000   2.80000   3.10000  75.00000 125.00000   0.00000   -344.79204360   -344.79204360  -0.1136868E-12
    2.80000   2.60000   3.10000  75.00000 125.00000   0.00000   -344.79350412   -344.79350412  -0.5684342E-13
    2.80000   2.80000   2.90000  75.00000 125.00000   0.00000   -344.78683656   -344.78683656   0.5684342E-13
    2.40000   2.80000   3.10000 125.00000 100.00000   0.00000   -344.81239027   -344.81239027   0.1136868E-12
    3.00000   2.60000   3.10000 125.00000 100.00000   0.00000   -344.82396297   -344.82396297  -0.2273737E-12
    2.60000   3.00000   3.10000 125.00000 100.00000   0.00000   -344.82470859   -344.82470859   0.0000000E+00
    2.80000   2.40000   3.10000 125.00000 100.00000   0.00000   -344.81169903   -344.81169903  -0.1136868E-12
    3.00000   2.80000   2.90000 125.00000 100.00000   0.00000   -344.81747538   -344.81747538   0.0000000E+00
    2.60000   2.60000   2.90000 125.00000 100.00000   0.00000   -344.81271753   -344.81271753   0.5684342E-13
    2.80000   3.00000   2.90000 125.00000 100.00000   0.00000   -344.81792035   -344.81792035   0.1136868E-12
    2.60000   2.80000   3.30000 125.00000 100.00000   0.00000   -344.82350175   -344.82350175   0.0000000E+00
    2.80000   2.60000   3.30000 125.00000 100.00000   0.00000   -344.82320504   -344.82320504   0.5684342E-13
    2.80000   2.80000   2.70000 125.00000 100.00000   0.00000   -344.78324264   -344.78324264   0.5684342E-13
    3.00000   2.80000   3.10000 100.00000 100.00000   0.00000   -344.80711386   -344.80711386  -0.1136868E-12
    2.60000   2.60000   3.10000 100.00000 100.00000   0.00000   -344.80199072   -344.80199072  -0.5684342E-13
    2.80000   3.00000   3.10000 100.00000 100.00000   0.00000   -344.80711386   -344.80711386   0.1136868E-12
    2.60000   2.80000   2.90000 100.00000 100.00000   0.00000   -344.79355065   -344.79355065  -0.5684342E-13
    2.80000   2.60000   2.90000 100.00000 100.00000   0.00000   -344.79355065   -344.79355065  -0.1136868E-12
    2.80000   2.80000   3.30000 100.00000 100.00000   0.00000   -344.80683504   -344.80683504   0.1705303E-12
    2.60000   2.80000   3.10000 150.00000 100.00000   0.00000   -344.82529901   -344.82529901  -0.1705303E-12
    2.80000   2.60000   3.10000 150.00000 100.00000   0.00000   -344.82499261   -344.82499261  -0.5684342E-13
    2.80000   2.80000   2.90000 150.00000 100.00000   0.00000   -344.81944579   -344.81944579   0.1136868E-12
    2.80000   2.80000   3.10000  75.00000 100.00000   0.00000   -344.77113865   -344.77113865   0.0000000E+00
    3.00000   2.80000   3.10000 125.00000 150.00000   0.00000   -344.81715322   -344.81715322  -0.2842171E-12
    2.60000   2.60000   3.10000 125.00000 150.00000   0.00000   -344.80897852   -344.80897852   0.0000000E+00
    2.80000   3.00000   3.10000 125.00000 150.00000   0.00000   -344.81718508   -344.81718508   0.0000000E+00
    2.60000   2.80000   2.90000 125.00000 150.00000   0.00000   -344.80458885   -344.80458885   0.2842171E-12
    2.80000   2.60000   2.90000 125.00000 150.00000   0.00000   -344.80465985   -344.80465985   0.1136868E-12
    2.80000   2.80000   3.30000 125.00000 150.00000   0.00000   -344.81371557   -344.81371557   0.1705303E-12
    2.60000   2.80000   3.10000 100.00000 150.00000   0.00000   -344.82499261   -344.82499261   0.1705303E-12
    2.80000   2.60000   3.10000 100.00000 150.00000   0.00000   -344.82529901   -344.82529901  -0.5684342E-13
    2.80000   2.80000   2.90000 100.00000 150.00000   0.00000   -344.81944578   -344.81944578   0.5684342E-13
    2.80000   2.80000   3.10000 150.00000 150.00000   0.00000   -344.76828819   -344.76828819   0.5684342E-13
    2.60000   2.80000   3.10000 125.00000  75.00000   0.00000   -344.79350413   -344.79350413  -0.1136868E-12
    2.80000   2.60000   3.10000 125.00000  75.00000   0.00000   -344.79204360   -344.79204360  -0.1136868E-12
    2.80000   2.80000   2.90000 125.00000  75.00000   0.00000   -344.78683656   -344.78683656   0.0000000E+00
    2.80000   2.80000   3.10000 100.00000  75.00000   0.00000   -344.77113865   -344.77113865   0.0000000E+00
    2.40000   2.80000   3.10000 125.00000 125.00000 -10.00000   -344.82066132   -344.82065954  -0.1783645E-05
    3.00000   2.60000   3.10000 125.00000 125.00000 -10.00000   -344.83322503   -344.83322837   0.3341229E-05
    2.60000   3.00000   3.10000 125.00000 125.00000 -10.00000   -344.83322503   -344.83322836   0.3333959E-05
    2.80000   2.40000   3.10000 125.00000 125.00000 -10.00000   -344.82066132   -344.82065955  -0.1772006E-05
    3.00000   2.80000   2.90000 125.00000 125.00000 -10.00000   -344.82720655   -344.82720858   0.2034009E-05
    2.60000   2.60000   2.90000 125.00000 125.00000 -10.00000   -344.82209531   -344.82209418  -0.1128447E-05
    2.80000   3.00000   2.90000 125.00000 125.00000 -10.00000   -344.82720655   -344.82720858   0.2033641E-05
    2.60000   2.80000   3.30000 125.00000 125.00000 -10.00000   -344.83129893   -344.83130104   0.2113843E-05
    2.80000   2.60000   3.30000 125.00000 125.00000 -10.00000   -344.83129893   -344.83130106   0.2125744E-05
    2.80000   2.80000   2.70000 125.00000 125.00000 -10.00000   -344.79319340   -344.79319144  -0.1960380E-05
    3.00000   2.80000   3.10000 100.00000 125.00000 -10.00000   -344.82839098   -344.82838619  -0.4788532E-05
    2.60000   2.60000   3.10000 100.00000 125.00000 -10.00000   -344.82386829   -344.82387280   0.4513554E-05
    2.80000   3.00000   3.10000 100.00000 125.00000 -10.00000   -344.82800847   -344.82800301  -0.5463516E-05
    2.60000   2.80000   2.90000 100.00000 125.00000 -10.00000   -344.81646738   -344.81646956   0.2180040E-05
    2.80000   2.60000   2.90000 100.00000 125.00000 -10.00000   -344.81688497   -344.81688712   0.2148783E-05
    2.80000   2.80000   3.30000 100.00000 125.00000 -10.00000   -344.82710502   -344.82710053  -0.4494786E-05
    2.60000   2.80000   3.10000 150.00000 125.00000 -10.00000   -344.81371133   -344.81370717  -0.4156529E-05
    2.80000   2.60000   3.10000 150.00000 125.00000 -10.00000   -344.81370024   -344.81369734  -0.2899243E-05
    2.80000   2.80000   2.90000 150.00000 125.00000 -10.00000   -344.80923280   -344.80923484   0.2037384E-05
    2.80000   2.80000   3.10000  75.00000 125.00000 -10.00000   -344.79810330   -344.79813902   0.3571653E-04
    3.00000   2.80000   3.10000 125.00000 100.00000 -10.00000   -344.82800846   -344.82800300  -0.5457622E-05
    2.60000   2.60000   3.10000 125.00000 100.00000 -10.00000   -344.82386829   -344.82387281   0.4517552E-05
    2.80000   3.00000   3.10000 125.00000 100.00000 -10.00000   -344.82839098   -344.82838620  -0.4784914E-05
    2.60000   2.80000   2.90000 125.00000 100.00000 -10.00000   -344.81688497   -344.81688711   0.2144422E-05
    2.80000   2.60000   2.90000 125.00000 100.00000 -10.00000   -344.81646738   -344.81646956   0.2180473E-05
    2.80000   2.80000   3.30000 125.00000 100.00000 -10.00000   -344.82710503   -344.82710054  -0.4491569E-05
    2.60000   2.80000   3.10000 100.00000 100.00000 -10.00000   -344.80657031   -344.80655234  -0.1796704E-04
    2.80000   2.60000   3.10000 100.00000 100.00000 -10.00000   -344.80657031   -344.80655234  -0.1796637E-04
    2.80000   2.80000   2.90000 100.00000 100.00000 -10.00000   -344.79835296   -344.79834855  -0.4408348E-05
    2.80000   2.80000   3.10000 150.00000 100.00000 -10.00000   -344.82914492   -344.82910500  -0.3991809E-04
    2.60000   2.80000   3.10000 125.00000 150.00000 -10.00000   -344.81370024   -344.81369733  -0.2908263E-05
    2.80000   2.60000   3.10000 125.00000 150.00000 -10.00000   -344.81371133   -344.81370718  -0.4148285E-05
    2.80000   2.80000   2.90000 125.00000 150.00000 -10.00000   -344.80923281   -344.80923485   0.2037957E-05
    2.80000   2.80000   3.10000 100.00000 150.00000 -10.00000   -344.82914492   -344.82910500  -0.3991574E-04
    2.80000   2.80000   3.10000 125.00000  75.00000 -10.00000   -344.79810330   -344.79813901   0.3571190E-04
    3.00000   2.80000   3.10000 125.00000 125.00000  10.00000   -344.83720540   -344.83720873   0.3327280E-05
    2.60000   2.60000   3.10000 125.00000 125.00000  10.00000   -344.83256848   -344.83256787  -0.6137354E-06
    2.80000   3.00000   3.10000 125.00000 125.00000  10.00000   -344.83720540   -344.83720873   0.3326418E-05
    2.60000   2.80000   2.90000 125.00000 125.00000  10.00000   -344.82636229   -344.82636277   0.4759190E-06
    2.80000   2.60000   2.90000 125.00000 125.00000  10.00000   -344.82636229   -344.82636277   0.4792873E-06
    2.80000   2.80000   3.30000 125.00000 125.00000  10.00000   -344.83523150   -344.83523485   0.3353574E-05
    2.60000   2.80000   3.10000 100.00000 125.00000  10.00000   -344.82761932   -344.82762048   0.1164192E-05
    2.80000   2.60000   3.10000 100.00000 125.00000  10.00000   -344.82797898   -344.82798045   0.1470637E-05
    2.80000   2.80000   2.90000 100.00000 125.00000  10.00000   -344.82083893   -344.82083774  -0.1188939E-05
    2.80000   2.80000   3.10000 150.00000 125.00000  10.00000   -344.81883701   -344.81884162   0.4609977E-05
    2.60000   2.80000   3.10000 125.00000 100.00000  10.00000   -344.82797898   -344.82798045   0.1469590E-05
    2.80000   2.60000   3.10000 125.00000 100.00000  10.00000   -344.82761932   -344.82762049   0.1167574E-05
    2.80000   2.80000   2.90000 125.00000 100.00000  10.00000   -344.82083892   -344.82083773  -0.1185080E-05
    2.80000   2.80000   3.10000 100.00000 100.00000  10.00000   -344.81075764   -344.81073789  -0.1974604E-04
    2.80000   2.80000   3.10000 125.00000 150.00000  10.00000   -344.81883701   -344.81884162   0.4611217E-05
    2.60000   2.80000   3.10000 125.00000 125.00000 -20.00000   -344.83517385   -344.83517546   0.1614455E-05
    2.80000   2.60000   3.10000 125.00000 125.00000 -20.00000   -344.83517393   -344.83517551   0.1584341E-05
    2.80000   2.80000   2.90000 125.00000 125.00000 -20.00000   -344.82896741   -344.82896583  -0.1582506E-05
    2.80000   2.80000   3.10000 100.00000 125.00000 -20.00000   -344.83136363   -344.83136896   0.5334665E-05
    2.80000   2.80000   3.10000 125.00000 100.00000 -20.00000   -344.83136363   -344.83136896   0.5332182E-05
    2.80000   2.80000   3.10000 125.00000 125.00000  30.00000   -344.83675974   -344.83675558  -0.4155253E-05


EXPANSION COEFFICIENTS (**)COORD REF  REF  REF  REF  REF  REF POLY  4  4  4  4  4  4 CROSS  3  3  3  3  3  2 SYM 0 0 0 0 0 0

                                                                                 
 ------------------------------------------------------------------------------------------------------------------------
 C000000:-344.84115204 C100000:   0.00186187 C010000:   0.00186188 C001000:  -0.00361120 C000100:   0.01123215 C000010:   0.01123205
 C200000:   0.09239635 C110000:   0.00114446 C020000:   0.09239626 C101000:   0.00312569 C011000:   0.00312605 C002000:   0.19068344
 C100100:  -0.00640777 C010100:  -0.00772878 C001100:   0.00843288 C000200:   0.08074300 C100010:  -0.00772879 C010010:  -0.00640755
 C001010:   0.00843288 C000110:   0.10555017 C000020:   0.08074289 C000002:   0.01477108 C300000:  -0.07710105 C210000:  -0.00128827
 C120000:  -0.00128779 C030000:  -0.07710128 C201000:  -0.00015386 C111000:  -0.00243045 C021000:  -0.00015400 C102000:  -0.00366705
 C012000:  -0.00366736 C003000:  -0.19548428 C200100:  -0.00157848 C110100:   0.00825091 C020100:  -0.00132209 C101100:  -0.00369726
 C011100:   0.00000255 C002100:  -0.00325945 C100200:  -0.01704449 C010200:  -0.01202459 C001200:  -0.00518274 C000300:   0.01557755
 C200010:  -0.00132210 C110010:   0.00825074 C020010:  -0.00157834 C101010:   0.00000383 C011010:  -0.00369810 C002010:  -0.00325943
 C100110:  -0.01700644 C010110:  -0.01700696 C001110:  -0.00150458 C000210:   0.05195832 C100020:  -0.01202448 C010020:  -0.01704457
 C001020:  -0.00518277 C000120:   0.05195833 C000030:   0.01557808 C100002:  -0.00424961 C010002:  -0.00424842 C001002:  -0.00960959
 C000102:   0.01901433 C000012:   0.01901415 C400000:   0.03953991 C310000:  -0.00005041 C220000:   0.00016720 C130000:  -0.00005209
 C040000:   0.03954087 C301000:  -0.00084968 C211000:  -0.00150812 C121000:  -0.00150352 C031000:  -0.00085483 C202000:  -0.00048256
 C112000:   0.00043264 C022000:  -0.00048008 C103000:   0.00052526 C013000:   0.00052231 C004000:   0.11475834 C300100:  -0.00011398
 C210100:  -0.00108558 C120100:  -0.00056197 C030100:   0.00008927 C201100:  -0.00013097 C111100:  -0.00080686 C021100:   0.00055095
 C102100:  -0.00014401 C012100:   0.00058081 C003100:  -0.00786439 C200200:  -0.00698729 C110200:   0.00923241 C020200:  -0.00487438
 C101200:   0.00459264 C011200:   0.00486320 C002200:  -0.01267874 C100300:   0.00254145 C010300:  -0.00138752 C001300:  -0.00875308
 C000400:   0.00364337 C300010:   0.00009096 C210010:  -0.00056540 C120010:  -0.00108380 C030010:  -0.00011627 C201010:   0.00055290
 C111010:  -0.00080577 C021010:  -0.00013219 C102010:   0.00058348 C012010:  -0.00014685 C003010:  -0.00786395 C200110:  -0.00139500
 C110110:   0.00505535 C020110:  -0.00139564 C101110:   0.00120233 C011110:   0.00120393 C002110:   0.02077122 C100210:  -0.00793776
 C010210:  -0.00981161 C001210:   0.01587358 C000310:   0.00019125 C200020:  -0.00487487 C110020:   0.00923248 C020020:  -0.00698649
 C101020:   0.00486498 C011020:   0.00459070 C002020:  -0.01267908 C100120:  -0.00981072 C010120:  -0.00793839 C001120:   0.01587384
 C000220:   0.01995847 C100030:  -0.00138748 C010030:   0.00254102 C001030:  -0.00875309 C000130:   0.00019122 C000040:   0.00364399
 C200002:   0.00023219 C110002:   0.00329241 C020002:   0.00022835 C101002:  -0.00103408 C011002:  -0.00103256 C002002:  -0.00274207
 C100102:  -0.00719258 C010102:  -0.00740978 C001102:   0.00991565 C000202:  -0.01654167 C100012:  -0.00741347 C010012:  -0.00719227
 C001012:   0.00991845 C000112:  -0.02786216 C000022:  -0.01654190 C000004:   0.00461511

 REFERENCE GEOMETRY
 ------------------
 R10:     1.481696 A         2.800000 A.U.
 R20:     1.481696 A         2.800000 A.U.
 R30:     1.640449 A         3.100000 A.U.
 R40:     2.181662 RAD     125.000000 DEGREES)
 R50:     2.181662 RAD     125.000000 DEGREES)
 R60:     0.000000 RAD       0.000000 DEGREES)


 ACTUAL GEOMETRY
 ------------------
 R10:     1.474847 A         2.787058 A.U.
 R20:     1.474847 A         2.787058 A.U.
 R30:     1.646755 A         3.111917 A.U.
 R40:     2.137221 RAD     122.453731 DEGREES)
 R50:     2.137222 RAD     122.453817 DEGREES)
 R60:     0.000000 RAD       0.000000 DEGREES)

 ERROR STATISTICS
 ----------------
 MINIMUM ERROR:      0.0000000E+00 AU  (   0.00 1/CM)
 MAXIMUM ERROR:      0.3991809E-04 AU  (   8.76 1/CM)
 ROOT MEAN SQUARE:   0.8951483E-05 AU  (   1.96 1/CM)


 HARMONIC FORCE FIELD
 --------------------
 F11:     2.9752 AJ/A**2    F12:     0.0077 AJ/A**2    F13:     0.0507 AJ/A**2
                            F22:     2.9752 AJ/A**2    F23:     0.0507 AJ/A**2
                                                       F33:     5.7355 AJ/A**2
 F14:    -0.0354 AJ/A       F15:    -0.0498 AJ/A       F16:     0.0000 AJ/A   
 F24:    -0.0498 AJ/A       F25:    -0.0354 AJ/A       F26:     0.0000 AJ/A   
 F34:     0.0740 AJ/A       F35:     0.0740 AJ/A       F36:     0.0000 AJ/A   
 F44:     0.6692 AJ/A**2    F45:     0.4221 AJ/A**2    F46:     0.0000 AJ/A**2
                            F55:     0.6692 AJ/A**2    F56:     0.0000 AJ/A**2
                                                       F66:     0.1127 AJ/A**2

 EQUILIBRIUM GEOMETRY IN MOLECULE FIXED AXES SYSTEM (ASYMMETRIC TOP)       
 ---------------------------------------------------------------------------
 AXES:               A              B              C
 CENTER  1:    -0.48787505     0.00000001     0.00000000    MASS: 27.976930 AMU
 CENTER  2:    -1.27930499    -1.24451298     0.00000000    MASS:  1.007825 AMU
 CENTER  3:    -1.27930693     1.24451174     0.00000000    MASS:  1.007825 AMU
 CENTER  4:     1.15888016     0.00000006     0.00000000    MASS: 14.003070 AMU
 MOMENTS:       5.18394824    47.76377421    52.94772245    10**(-40) G*CM**2

 ROTATIONAL CONSTANTS AT RE
 --------------------------
            A           B           C        UNIT
           5.4001      0.5861      0.5287    1/CM
         161891.9     17570.6     15850.3    MHZ

 PROLATE          ASYMMETRIC ROTOR (K=-0.976)           OBLATE
 |-----------------------------+-----------------------------|
-1                             0                             1
 ^                                                            

 ASSIGNMENT OF MOLECULE FIXED AXES: A-->Z  B-->X  C-->Y    CASE I(R)

1  VEC                -0.052908       0.000000       0.019799       0.061437       0.709626      -0.699618
2  VEC                 0.053735       0.000000       0.019494       0.060491       0.698731       0.710527
3  VEC                 0.000000       0.000000       0.459414       0.883719      -0.089325       0.000002
4  VEC                -0.672034       0.000000       0.655874      -0.339841       0.011124       0.050823
5  VEC                 0.736670       0.000000       0.598328      -0.310023       0.010146      -0.055711
6  VEC                 0.000000       1.000000       0.000000       0.000000       0.000000       0.000000

 WILSON FG ANALYSIS
 ------------------
 ATOMIC MASSES:                 27.976930       1.007825       1.007825      14.003070  AMU
 FUNDAMENTAL FREQUENCIES:       490.19841      540.43150      919.76293     1032.45321     2263.69798     2291.88070  1/CM

 NORMAL COORDINATE DISPLACEMENTS
 -------------------------------
                R1             R2             R3             R4             R5             R6             FREQUENCY
 Q1:       -0.03957028     0.03957006     0.00000021    -0.70599790     0.70599955     0.00000000        490.19840824 B
 Q2:        0.00000000     0.00000000     0.00000000     0.00000000     0.00000000     1.00000000        540.43149828 B
 Q3:        0.00993504     0.00993470     0.72092269     0.48993573     0.48993474     0.00000000        919.76293455 S
 Q4:        0.02179217     0.02179201     0.98314503    -0.12742866    -0.12742841     0.00000000       1032.45320735 B
 Q5:        0.70649098     0.70651741    -0.03221864    -0.01824302    -0.01824268     0.00000000       2263.69797543 S
 Q6:       -0.70712033     0.70709320     0.00000252    -0.00013931     0.00014056     0.00000000       2291.88070127 S


 CORIOLIS COUPLING MATRICES
 --------------------------
                     B              B              S              B              S              S
 ZETA-A   B     0.00000000    -0.55115455     0.00000000     0.00000000     0.00000000     0.00000000   
          B     0.55115455     0.00000000     0.00000060     0.00000019    -0.00001569    -0.83440317   
          S     0.00000000    -0.00000060     0.00000000     0.00000000     0.00000000     0.00000000   
          B     0.00000000    -0.00000019     0.00000000     0.00000000     0.00000000     0.00000000   
          S     0.00000000     0.00001569     0.00000000     0.00000000     0.00000000     0.00000000   
          S     0.00000000     0.83440317     0.00000000     0.00000000     0.00000000     0.00000000   

                     B              B              S              B              S              S
 ZETA-B   B     0.00000000     0.00000077     0.00000000     0.00000000     0.00000000     0.00000000   
          B    -0.00000077     0.00000000    -0.64332524     0.55523464    -0.52711206     0.00000907   
          S     0.00000000     0.64332524     0.00000000     0.00000000     0.00000000     0.00000000   
          B     0.00000000    -0.55523464     0.00000000     0.00000000     0.00000000     0.00000000   
          S     0.00000000     0.52711206     0.00000000     0.00000000     0.00000000     0.00000000   
          S     0.00000000    -0.00000907     0.00000000     0.00000000     0.00000000     0.00000000   

                     B              B              S              B              S              S
 ZETA-C   B     0.00000000     0.00000000     0.17684566     0.31105887    -0.93379227     0.00001684   
          B     0.00000000     0.00000000     0.00000000     0.00000000     0.00000000     0.00000000   
          S    -0.17684566     0.00000000     0.00000000     0.00000021    -0.00001593    -0.88781365   
          B    -0.31105887     0.00000000    -0.00000021     0.00000000     0.00000826     0.45996126   
          S     0.93379227     0.00000000     0.00001593    -0.00000826     0.00000000    -0.01491869   
          S    -0.00001684     0.00000000     0.88781365    -0.45996126     0.01491869     0.00000000   


 TAU CONSTANTS AND QUARTIC CENTRIFUGAL DISTORTION
 ------------------------------------------------
 AAAA:    -0.00116665 1/CM   AABB:     0.00001181 1/CM   ABAB:  -0.00007911 1/CM
 BBBB:    -0.00000328 1/CM   BBCC:    -0.00000256 1/CM
 CCCC:    -0.00000210 1/CM   CCAA:    -0.00000158 1/CM

 AAAA:      -34.97517 MHZ    AABB:        0.35394 MHZ    ABAB:     -2.37163 MHZ 
 BBBB:       -0.09844 MHZ    BBCC:       -0.07672 MHZ 
 CCCC:       -0.06288 MHZ    CCAA:       -0.04724 MHZ 

 ROTATIONAL CONSTANTS INCLUDING CENTRIFUGAL DISTORTION
 -----------------------------------------------------
 AXIS   A:  0.54001309E+01 1/CM   161891.85638 MHZ
        B:  0.58609829E+00 1/CM    17570.78512 MHZ
        C:  0.52870465E+00 1/CM    15850.16713 MHZ

 FIRST ORDER CENTRIFUGAL DISTORTION CONSTANTS
 --------------------------------------------
       DJ:  0.66444263E-06 1/CM        0.01992 MHZ
      DJK:  0.35667919E-04 1/CM        1.06930 MHZ
       DK:  0.25532917E-03 1/CM        7.65458 MHZ
       R5: -0.90151839E-05 1/CM       -0.27027 MHZ
       R6: -0.41130423E-08 1/CM       -0.00012 MHZ
    DEL-J:  0.74135301E-07 1/CM        0.00222 MHZ

 A-REDUCTION DISTORTION CONSTANTS
 --------------------------------
  DELTA-J:  0.67266871E-06 1/CM        0.02017 MHZ
 DELTA-JK:  0.35618562E-04 1/CM        1.06782 MHZ
  DELTA-K:  0.25537031E-03 1/CM        7.65581 MHZ
    DEL-J:  0.74135301E-07 1/CM        0.00222 MHZ
    DEL-K:  0.20806752E-04 1/CM        0.62377 MHZ

 S-REDUCTION DISTORTION CONSTANTS
 --------------------------------
      ~DJ:  0.61102087E-06 1/CM        0.01832 MHZ
     ~DJK:  0.35988449E-04 1/CM        1.07891 MHZ
      ~DK:  0.25506207E-03 1/CM        7.64657 MHZ
   ~DEL-J:  0.74135301E-07 1/CM        0.00222 MHZ
      ~R6: -0.30823919E-07 1/CM       -0.00092 MHZ

 VIBRATIONAL DEPENDENCE OF THE ROTATIONAL CONSTANTS
 --------------------------------------------------
 *** WARNING *** CORIOLIS RESONANCE EXPECTED: AXIS A MODE S PERTURBED BY MODE S
 *** WARNING *** CORIOLIS RESONANCE EXPECTED: AXIS A MODE S PERTURBED BY MODE S
 *** WARNING *** CORIOLIS RESONANCE EXPECTED: AXIS B MODE S PERTURBED BY MODE S
 *** WARNING *** CORIOLIS RESONANCE EXPECTED: AXIS B MODE S PERTURBED BY MODE S
 *** WARNING *** CORIOLIS RESONANCE EXPECTED: AXIS C MODE S PERTURBED BY MODE S
 *** WARNING *** CORIOLIS RESONANCE EXPECTED: AXIS C MODE S PERTURBED BY MODE S
                     A              B              C
 ALPHA    B     0.64704641    -0.00363447     0.00036969  1/CM
          B    -0.69031976     0.00427621     0.00026129  1/CM
          S    -0.07064006    -0.00085141     0.00141476  1/CM
          B    -0.01457619     0.00371838     0.00365212  1/CM
          S     0.07624755     0.00059582     0.00119896  1/CM
          S     0.05245196     0.00081455     0.00099678  1/CM

                     A              B              C
 ALPHA    B    19397.96374     -108.95868       11.08294  MHZ
          B   -20695.26629      128.19770        7.83325  MHZ
          S    -2117.73577      -25.52454       42.41354  MHZ
          B     -436.98325      111.47436      109.48779  MHZ
          S     2285.84405       17.86229       35.94387  MHZ
          S     1572.47036       24.41971       29.88279  MHZ


 ANHARMONIC VIBRATIONAL CONSTANTS
 --------------------------------
 *** WARNING *** FERMI RESONANCE EXPECTED: 1XBB PERTURBED BY MODE B
 *** WARNING *** FERMI RESONANCE EXPECTED: 1XBB PERTURBED BY MODE B
 *** WARNING *** FERMI RESONANCE EXPECTED: 1XBB PERTURBED BY MODE B
 *** WARNING *** FERMI RESONANCE EXPECTED: 1XBB PERTURBED BY MODE B
 *** WARNING *** FERMI RESONANCE EXPECTED: 1XBB PERTURBED BY MODE B
 *** WARNING *** FERMI RESONANCE EXPECTED: 1XBB PERTURBED BY MODE B
 *** WARNING *** FERMI RESONANCE EXPECTED: 1XBB PERTURBED BY MODE B
 *** WARNING *** FERMI RESONANCE EXPECTED: 1XBB PERTURBED BY MODE B
 *** WARNING *** FERMI RESONANCE EXPECTED: 1XBB PERTURBED BY MODE B
                     B              B              S              B              S              S
 X(I,J):  B     5.00311317    -8.59907539   -19.77721077    -4.14492306    -6.62040996    -1.87553622  1/CM
          B    -8.59907539     9.86187633    -9.76513638    -2.60234055    -4.88792001   -12.55255151  1/CM
          S   -19.77721077    -9.76513638    -5.85083311    -8.51906358    -9.10336804   -20.83772812  1/CM
          B    -4.14492306    -2.60234055    -8.51906358    -5.18681221    -1.57321196    -2.84473685  1/CM
          S    -6.62040996    -4.88792001    -9.10336804    -1.57321196   -21.23195846   -82.05846822  1/CM
          S    -1.87553622   -12.55255151   -20.83772812    -2.84473685   -82.05846822   -21.16674884  1/CM

 DARLING-DENNISON RESONANCE PARAMETER:        0.00000000  1/CM


 ANHARMONIC VIBRATION-ROTATION TERM VALUES   (ZERO POINT ENERGY: 3710.6 1/CM)
 --------------------------------------------------------------------------
  B B S B S S      J=0             J=1                             J=2
                 E+(00)  E+(01)  O+(11)  O-(10)  E+(02)  O+(12)  O-(11)  E-(21)  E+(20)
                 ------  ----------------------  --------------------------------------
  0 0 0 0 0 0      0.00  +1.108  +5.925  +5.984  +3.325  +8.083  +8.259 +22.709 +22.709
  1 0 0 0 0 0    479.70  +1.112  +5.277  +5.340  +3.334  +7.438  +7.626 +20.124 +20.124
  0 1 0 0 0 0    540.95  +1.104  +6.615  +6.670  +3.311  +8.768  +8.932 +25.465 +25.466
  0 0 1 0 0 0    874.06  +1.108  +5.994  +6.055  +3.323  +8.149  +8.332 +22.990 +22.991
  2 0 0 0 0 0    969.40  +1.115  +4.630  +4.697  +3.344  +6.793  +6.994 +17.539 +17.540
  1 1 0 0 0 0   1012.05  +1.107  +5.967  +6.026  +3.321  +8.123  +8.299 +22.880 +22.881
  0 0 0 1 0 0   1012.24  +1.101  +5.936  +5.995  +3.303  +8.079  +8.255 +22.759 +22.760
  0 2 0 0 0 0   1101.63  +1.099  +7.305  +7.356  +3.298  +9.453  +9.605 +28.222 +28.222
  1 0 1 0 0 0   1333.98  +1.111  +5.347  +5.412  +3.333  +7.504  +7.699 +20.406 +20.406
  0 1 1 0 0 0   1405.25  +1.103  +6.684  +6.741  +3.309  +8.834  +9.005 +25.747 +25.748
  3 0 0 0 0 0   1469.11  +1.118  +3.983  +4.053  +3.353  +6.148  +6.361 +14.954 +14.955
  1 0 0 1 0 0   1487.79  +1.104  +5.288  +5.351  +3.312  +7.434  +7.622 +20.175 +20.175
  2 1 0 0 0 0   1493.15  +1.110  +5.320  +5.383  +3.330  +7.478  +7.667 +20.295 +20.296
  0 1 0 1 0 0   1550.59  +1.096  +6.626  +6.681  +3.289  +8.764  +8.928 +25.516 +25.517
  1 2 0 0 0 0   1564.13  +1.103  +6.657  +6.712  +3.307  +8.808  +8.972 +25.637 +25.637
  0 3 0 0 0 0   1682.03  +1.095  +7.995  +8.042  +3.284 +10.138 +10.278 +30.979 +30.979
  0 0 2 0 0 0   1736.42  +1.107  +6.063  +6.127  +3.321  +8.214  +8.405 +23.272 +23.273
  2 0 1 0 0 0   1803.90  +1.114  +4.699  +4.768  +3.342  +6.859  +7.066 +17.821 +17.822
  1 1 1 0 0 0   1856.57  +1.107  +6.037  +6.098  +3.319  +8.189  +8.372 +23.162 +23.163
  0 0 1 1 0 0   1877.78  +1.100  +6.005  +6.066  +3.301  +8.145  +8.328 +23.041 +23.042
  0 2 1 0 0 0   1956.16  +1.099  +7.374  +7.427  +3.296  +9.519  +9.678 +28.504 +28.504
  2 0 0 1 0 0   1973.35  +1.108  +4.641  +4.708  +3.322  +6.789  +6.990 +17.590 +17.591
  4 0 0 0 0 0   1978.82  +1.121  +3.335  +3.410  +3.362  +5.503  +5.728 +12.369 +12.371
  3 1 0 0 0 0   1984.26  +1.114  +4.673  +4.739  +3.340  +6.833  +7.034 +17.710 +17.711
  0 0 0 2 0 0   2014.10  +1.094  +5.947  +6.005  +3.280  +8.075  +8.251 +22.810 +22.811
  1 1 0 1 0 0   2017.54  +1.100  +5.978  +6.037  +3.299  +8.119  +8.295 +22.931 +22.932
  2 2 0 0 0 0   2036.63  +1.106  +6.010  +6.069  +3.317  +8.163  +8.339 +23.052 +23.053
  0 2 0 1 0 0   2108.66  +1.092  +7.316  +7.367  +3.276  +9.449  +9.601 +28.273 +28.273
  1 3 0 0 0 0   2135.93  +1.098  +7.348  +7.398  +3.294  +9.493  +9.645 +28.394 +28.394
  0 0 0 0 1 0   2169.11  +1.107  +5.847  +5.907  +3.319  +8.001  +8.179 +22.402 +22.402
  1 0 2 0 0 0   2176.56  +1.111  +5.416  +5.483  +3.331  +7.569  +7.772 +20.688 +20.688
  0 0 0 0 0 1   2189.46  +1.107  +5.871  +5.930  +3.319  +8.025  +8.203 +22.497 +22.497
  0 1 2 0 0 0   2257.84  +1.103  +6.753  +6.813  +3.308  +8.899  +9.078 +26.029 +26.030
  0 4 0 0 0 0   2282.15  +1.090  +8.685  +8.728  +3.271 +10.823 +10.951 +33.735 +33.736
  3 0 1 0 0 0   2283.84  +1.118  +4.052  +4.125  +3.352  +6.214  +6.433 +15.236 +15.237
  2 1 1 0 0 0   2317.89  +1.110  +5.389  +5.454  +3.329  +7.544  +7.739 +20.577 +20.578
  1 0 1 1 0 0   2333.55  +1.104  +5.358  +5.423  +3.310  +7.500  +7.695 +20.457 +20.457
  1 2 1 0 0 0   2398.88  +1.102  +6.727  +6.784  +3.306  +8.874  +9.045 +25.919 +25.919
  0 1 1 1 0 0   2406.36  +1.096  +6.695  +6.752  +3.287  +8.830  +9.001 +25.798 +25.799
  3 0 0 1 0 0   2468.91  +1.111  +3.993  +4.064  +3.331  +6.144  +6.357 +15.005 +15.006
  4 1 0 0 0 0   2485.38  +1.117  +4.025  +4.096  +3.349  +6.188  +6.401 +15.126 +15.127
  1 0 0 2 0 0   2485.51  +1.097  +5.299  +5.362  +3.290  +7.430  +7.619 +20.225 +20.226
  2 1 0 1 0 0   2494.50  +1.103  +5.331  +5.394  +3.308  +7.474  +7.663 +20.346 +20.347
  5 0 0 0 0 0   2498.54  +1.125  +2.688  +2.767  +3.371  +4.858  +5.095  +9.784  +9.787
  3 2 0 0 0 0   2519.14  +1.109  +5.363  +5.426  +3.327  +7.518  +7.707 +20.467 +20.468
  0 3 1 0 0 0   2526.79  +1.094  +8.064  +8.113  +3.282 +10.204 +10.351 +31.261 +31.261
  0 1 0 2 0 0   2549.85  +1.089  +6.637  +6.691  +3.267  +8.760  +8.924 +25.567 +25.568
  1 2 0 1 0 0   2567.01  +1.095  +6.668  +6.723  +3.285  +8.804  +8.968 +25.688 +25.688
  0 0 3 0 0 0   2587.08  +1.107  +6.132  +6.198  +3.319  +8.280  +8.477 +23.554 +23.555
  2 3 0 0 0 0   2599.83  +1.101  +6.700  +6.755  +3.304  +8.848  +9.012 +25.809 +25.809
  2 0 2 0 0 0   2626.71  +1.114  +4.768  +4.840  +3.340  +6.925  +7.139 +18.103 +18.104
  1 0 0 0 1 0   2642.19  +1.110  +5.200  +5.263  +3.329  +7.356  +7.547 +19.817 +19.818
  1 0 0 0 0 1   2667.28  +1.110  +5.224  +5.287  +3.329  +7.381  +7.570 +19.912 +19.913
  0 3 0 1 0 0   2686.46  +1.087  +8.006  +8.053  +3.262 +10.134 +10.274 +31.030 +31.030
  1 1 2 0 0 0   2689.38  +1.106  +6.106  +6.169  +3.317  +8.254  +8.445 +23.444 +23.445
  0 1 0 0 1 0   2705.18  +1.102  +6.537  +6.593  +3.306  +8.686  +8.852 +25.158 +25.159
  0 1 0 0 0 1   2717.86  +1.102  +6.561  +6.616  +3.306  +8.710  +8.876 +25.254 +25.254
  1 4 0 0 0 0   2727.45  +1.094  +8.038  +8.084  +3.280 +10.178 +10.318 +31.151 +31.151
  0 0 2 1 0 0   2731.62  +1.100  +6.074  +6.137  +3.299  +8.211  +8.401 +23.323 +23.324
  4 0 1 0 0 0   2773.77  +1.121  +3.404  +3.482  +3.361  +5.569  +5.800 +12.651 +12.653
  3 1 1 0 0 0   2789.22  +1.113  +4.742  +4.811  +3.338  +6.899  +7.106 +17.992 +17.993
  0 2 2 0 0 0   2798.99  +1.098  +7.443  +7.499  +3.294  +9.584  +9.750 +28.786 +28.786
  2 0 1 1 0 0   2799.33  +1.107  +4.710  +4.779  +3.320  +6.855  +7.062 +17.872 +17.873
  2 2 1 0 0 0   2851.60  +1.105  +6.079  +6.140  +3.315  +8.229  +8.412 +23.334 +23.335
  1 1 1 1 0 0   2853.54  +1.099  +6.048  +6.109  +3.297  +8.185  +8.368 +23.213 +23.214
  0 0 1 2 0 0   2871.12  +1.093  +6.016  +6.077  +3.279  +8.141  +8.324 +23.092 +23.093
  0 5 0 0 0 0   2902.00  +1.086  +9.375  +9.414  +3.257 +11.508 +11.624 +36.492 +36.492
  0 2 1 1 0 0   2954.67  +1.091  +7.385  +7.438  +3.274  +9.515  +9.674 +28.555 +28.555
  1 3 1 0 0 0   2960.91  +1.097  +7.417  +7.470  +3.292  +9.559  +9.718 +28.676 +28.676
  2 0 0 2 0 0   2966.92  +1.100  +4.652  +4.719  +3.300  +6.785  +6.986 +17.641 +17.641
  4 0 0 1 0 0   2974.48  +1.114  +3.346  +3.421  +3.340  +5.499  +5.724 +12.420 +12.422
  3 1 0 1 0 0   2981.46  +1.106  +4.684  +4.750  +3.318  +6.829  +7.030 +17.761 +17.762
  5 1 0 0 0 0   2996.50  +1.120  +3.378  +3.453  +3.359  +5.543  +5.768 +12.541 +12.542

