SURFACE  (  418 POINTS)

                      
 ------------------------------------------------------------------------------------------------------------------------
      R1        R2      R3      ANGLE1    ANGLE2    ANGLE3        INPUT            FIT            DIFFERENCE
    2.80000   2.80000   3.10000 125.00000 125.00000   0.00000   -344.84722880   -344.84723537   0.6569719E-05
    2.60000   2.80000   3.10000 125.00000 125.00000   0.00000   -344.84323460   -344.84322395  -0.1065180E-04
    2.80000   2.60000   3.10000 125.00000 125.00000   0.00000   -344.84323460   -344.84322395  -0.1065228E-04
    2.80000   2.80000   2.90000 125.00000 125.00000   0.00000   -344.83732270   -344.83730370  -0.1899860E-04
    2.80000   2.80000   3.10000 100.00000 125.00000   0.00000   -344.83788660   -344.83788758   0.9793624E-06
    2.80000   2.80000   3.10000 125.00000 100.00000   0.00000   -344.83788660   -344.83788756   0.9635901E-06
    2.80000   2.80000   3.10000 125.00000 125.00000 -10.00000   -344.84676690   -344.84677070   0.3798358E-05
    3.00000   2.80000   3.10000 125.00000 125.00000   0.00000   -344.84370300   -344.84371677   0.1377017E-04
    2.60000   2.60000   3.10000 125.00000 125.00000   0.00000   -344.83917550   -344.83916387  -0.1162529E-04
    2.80000   3.00000   3.10000 125.00000 125.00000   0.00000   -344.84370300   -344.84371677   0.1377054E-04
    2.60000   2.80000   2.90000 125.00000 125.00000   0.00000   -344.83317790   -344.83315646  -0.2144235E-04
    2.80000   2.60000   2.90000 125.00000 125.00000   0.00000   -344.83317790   -344.83315648  -0.2141854E-04
    2.80000   2.80000   3.30000 125.00000 125.00000   0.00000   -344.84158060   -344.84160917   0.2856552E-04
    2.60000   2.80000   3.10000 100.00000 125.00000   0.00000   -344.83379510   -344.83378880  -0.6303481E-05
    2.80000   2.60000   3.10000 100.00000 125.00000   0.00000   -344.83414820   -344.83413495  -0.1325488E-04
    2.80000   2.80000   2.90000 100.00000 125.00000   0.00000   -344.82727150   -344.82728841   0.1691400E-04
    2.80000   2.80000   3.10000 150.00000 125.00000   0.00000   -344.82554540   -344.82555423   0.8831829E-05
    2.60000   2.80000   3.10000 125.00000 100.00000   0.00000   -344.83414820   -344.83413493  -0.1327222E-04
    2.80000   2.60000   3.10000 125.00000 100.00000   0.00000   -344.83379510   -344.83378881  -0.6294729E-05
    2.80000   2.80000   2.90000 125.00000 100.00000   0.00000   -344.82727150   -344.82728842   0.1691718E-04
    2.80000   2.80000   3.10000 100.00000 100.00000   0.00000   -344.81629110   -344.81635416   0.6305963E-04
    2.80000   2.80000   3.10000 125.00000 150.00000   0.00000   -344.82554550   -344.82555429   0.8788096E-05
    2.60000   2.80000   3.10000 125.00000 125.00000 -10.00000   -344.84275100   -344.84274432  -0.6676686E-05
    2.80000   2.60000   3.10000 125.00000 125.00000 -10.00000   -344.84275100   -344.84274432  -0.6675291E-05
    2.80000   2.80000   2.90000 125.00000 125.00000 -10.00000   -344.83680910   -344.83679497  -0.1412902E-04
    2.80000   2.80000   3.10000 100.00000 125.00000 -10.00000   -344.83778480   -344.83777884  -0.5959860E-05
    2.80000   2.80000   3.10000 125.00000 100.00000 -10.00000   -344.83778480   -344.83777883  -0.5971115E-05
    2.80000   2.80000   3.10000 125.00000 125.00000  10.00000   -344.84676690   -344.84677070   0.3798358E-05
    2.40000   2.80000   3.10000 125.00000 125.00000   0.00000   -344.82727170   -344.82726650  -0.5195444E-05
    3.00000   2.60000   3.10000 125.00000 125.00000   0.00000   -344.83975540   -344.83975034  -0.5062783E-05
    2.60000   3.00000   3.10000 125.00000 125.00000   0.00000   -344.83975540   -344.83975034  -0.5057077E-05
    2.80000   2.40000   3.10000 125.00000 125.00000   0.00000   -344.82727170   -344.82726651  -0.5194520E-05
    3.00000   2.80000   2.90000 125.00000 125.00000   0.00000   -344.83395120   -344.83394974  -0.1457856E-05
    2.60000   2.60000   2.90000 125.00000 125.00000   0.00000   -344.82895120   -344.82894449  -0.6713753E-05
    2.80000   3.00000   2.90000 125.00000 125.00000   0.00000   -344.83395120   -344.83394974  -0.1461053E-05
    2.60000   2.80000   3.30000 125.00000 125.00000   0.00000   -344.83768430   -344.83769010   0.5804483E-05
    2.80000   2.60000   3.30000 125.00000 125.00000   0.00000   -344.83768430   -344.83769010   0.5795580E-05
    2.80000   2.80000   2.70000 125.00000 125.00000   0.00000   -344.80029670   -344.80030268   0.5981891E-05
    3.00000   2.80000   3.10000 100.00000 125.00000   0.00000   -344.83451370   -344.83452136   0.7658212E-05
    2.60000   2.60000   3.10000 100.00000 125.00000   0.00000   -344.83006850   -344.83006149  -0.7008531E-05
    2.80000   3.00000   3.10000 100.00000 125.00000   0.00000   -344.83413750   -344.83414782   0.1032415E-04
    2.60000   2.80000   2.90000 100.00000 125.00000   0.00000   -344.82293070   -344.82292947  -0.1229089E-05
    2.80000   2.60000   2.90000 100.00000 125.00000   0.00000   -344.82333930   -344.82333626  -0.3042504E-05
    2.80000   2.80000   3.30000 100.00000 125.00000   0.00000   -344.83303170   -344.83303871   0.7005197E-05
    2.60000   2.80000   3.10000 150.00000 125.00000   0.00000   -344.82045770   -344.82046322   0.5522816E-05
    2.80000   2.60000   3.10000 150.00000 125.00000   0.00000   -344.82045700   -344.82046364   0.6636056E-05
    2.80000   2.80000   2.90000 150.00000 125.00000   0.00000   -344.81615020   -344.81614339  -0.6806548E-05
    2.80000   2.80000   3.10000  75.00000 125.00000   0.00000   -344.80380210   -344.80376596  -0.3613820E-04
    3.00000   2.80000   3.10000 125.00000 100.00000   0.00000   -344.83413750   -344.83414783   0.1032884E-04
    2.60000   2.60000   3.10000 125.00000 100.00000   0.00000   -344.83006850   -344.83006148  -0.7017556E-05
    2.80000   3.00000   3.10000 125.00000 100.00000   0.00000   -344.83451370   -344.83452136   0.7656547E-05
    2.60000   2.80000   2.90000 125.00000 100.00000   0.00000   -344.82333930   -344.82333628  -0.3016362E-05
    2.80000   2.60000   2.90000 125.00000 100.00000   0.00000   -344.82293070   -344.82292948  -0.1219658E-05
    2.80000   2.80000   3.30000 125.00000 100.00000   0.00000   -344.83303170   -344.83303871   0.7006044E-05
    2.60000   2.80000   3.10000 100.00000 100.00000   0.00000   -344.81212460   -344.81214605   0.2144694E-04
    2.80000   2.60000   3.10000 100.00000 100.00000   0.00000   -344.81212460   -344.81214606   0.2146214E-04
    2.80000   2.80000   2.90000 100.00000 100.00000   0.00000   -344.80426300   -344.80428143   0.1842556E-04
    2.80000   2.80000   3.10000 150.00000 100.00000   0.00000   -344.83555400   -344.83559354   0.3953868E-04
    2.60000   2.80000   3.10000 125.00000 150.00000   0.00000   -344.82045710   -344.82046372   0.6617502E-05
    2.80000   2.60000   3.10000 125.00000 150.00000   0.00000   -344.82045770   -344.82046324   0.5537056E-05
    2.80000   2.80000   2.90000 125.00000 150.00000   0.00000   -344.81615020   -344.81614342  -0.6784461E-05
    2.80000   2.80000   3.10000 100.00000 150.00000   0.00000   -344.83555400   -344.83559356   0.3955962E-04
    2.80000   2.80000   3.10000 125.00000  75.00000   0.00000   -344.80380210   -344.80376598  -0.3612399E-04
    3.00000   2.80000   3.10000 125.00000 125.00000 -10.00000   -344.84326450   -344.84327077   0.6272219E-05
    2.60000   2.60000   3.10000 125.00000 125.00000 -10.00000   -344.83866720   -344.83865817  -0.9029973E-05
    2.80000   3.00000   3.10000 125.00000 125.00000 -10.00000   -344.84326450   -344.84327076   0.6264170E-05
    2.60000   2.80000   2.90000 125.00000 125.00000 -10.00000   -344.83264220   -344.83263264  -0.9562168E-05
    2.80000   2.60000   2.90000 125.00000 125.00000 -10.00000   -344.83264220   -344.83263265  -0.9554639E-05
    2.80000   2.80000   3.30000 125.00000 125.00000 -10.00000   -344.84117860   -344.84119024   0.1163862E-04
    2.60000   2.80000   3.10000 100.00000 125.00000 -10.00000   -344.83367970   -344.83367935  -0.3548297E-06
    2.80000   2.60000   3.10000 100.00000 125.00000 -10.00000   -344.83403230   -344.83402963  -0.2669746E-05
    2.80000   2.80000   2.90000 100.00000 125.00000 -10.00000   -344.82708800   -344.82709442   0.6419435E-05
    2.80000   2.80000   3.10000 150.00000 125.00000 -10.00000   -344.82492080   -344.82492454   0.3737321E-05
    2.60000   2.80000   3.10000 125.00000 100.00000 -10.00000   -344.83403230   -344.83402964  -0.2661575E-05
    2.80000   2.60000   3.10000 125.00000 100.00000 -10.00000   -344.83367970   -344.83367935  -0.3489116E-06
    2.80000   2.80000   2.90000 125.00000 100.00000 -10.00000   -344.82708800   -344.82709443   0.6431040E-05
    2.80000   2.80000   3.10000 100.00000 100.00000 -10.00000   -344.81675940   -344.81675136  -0.8044746E-05
    2.80000   2.80000   3.10000 125.00000 150.00000 -10.00000   -344.82492080   -344.82492456   0.3756399E-05
    2.60000   2.80000   3.10000 125.00000 125.00000  10.00000   -344.84275100   -344.84274432  -0.6676686E-05
    2.80000   2.60000   3.10000 125.00000 125.00000  10.00000   -344.84275100   -344.84274432  -0.6675291E-05
    2.80000   2.80000   2.90000 125.00000 125.00000  10.00000   -344.83680910   -344.83679497  -0.1412902E-04
    2.80000   2.80000   3.10000 100.00000 125.00000  10.00000   -344.83778480   -344.83777884  -0.5959860E-05
    2.80000   2.80000   3.10000 125.00000 100.00000  10.00000   -344.83778480   -344.83777883  -0.5971115E-05
    2.80000   2.80000   3.10000 125.00000 125.00000 -20.00000   -344.84534050   -344.84533881  -0.1688244E-05
    3.20000   2.80000   3.10000 125.00000 125.00000   0.00000   -344.83559620   -344.83559053  -0.5673618E-05
    2.40000   2.60000   3.10000 125.00000 125.00000   0.00000   -344.82313210   -344.82313451   0.2413874E-05
    3.00000   3.00000   3.10000 125.00000 125.00000   0.00000   -344.84014720   -344.84014718  -0.1518396E-07
    2.60000   2.40000   3.10000 125.00000 125.00000   0.00000   -344.82313210   -344.82313451   0.2413876E-05
    2.80000   3.20000   3.10000 125.00000 125.00000   0.00000   -344.83559620   -344.83559053  -0.5670866E-05
    2.40000   2.80000   2.90000 125.00000 125.00000   0.00000   -344.81707130   -344.81707438   0.3081154E-05
    3.00000   2.60000   2.90000 125.00000 125.00000   0.00000   -344.82987040   -344.82987105   0.6514211E-06
    2.60000   3.00000   2.90000 125.00000 125.00000   0.00000   -344.82987040   -344.82987105   0.6521740E-06
    2.80000   2.40000   2.90000 125.00000 125.00000   0.00000   -344.81707130   -344.81707438   0.3077795E-05
    3.00000   2.80000   3.30000 125.00000 125.00000   0.00000   -344.83795620   -344.83795696   0.7559947E-06
    2.60000   2.60000   3.30000 125.00000 125.00000   0.00000   -344.83373830   -344.83374009   0.1794845E-05
    2.80000   3.00000   3.30000 125.00000 125.00000   0.00000   -344.83795620   -344.83795696   0.7554597E-06
    2.60000   2.80000   2.70000 125.00000 125.00000   0.00000   -344.79593830   -344.79594268   0.4378476E-05
    2.80000   2.60000   2.70000 125.00000 125.00000   0.00000   -344.79593830   -344.79594268   0.4375116E-05
    2.80000   2.80000   3.50000 125.00000 125.00000   0.00000   -344.82754830   -344.82753562  -0.1268284E-04
    2.40000   2.80000   3.10000 100.00000 125.00000   0.00000   -344.81778180   -344.81778270   0.9044994E-06
    3.00000   2.60000   3.10000 100.00000 125.00000   0.00000   -344.83075000   -344.83075066   0.6569035E-06
    2.60000   3.00000   3.10000 100.00000 125.00000   0.00000   -344.83001840   -344.83001922   0.8249452E-06
    2.80000   2.40000   3.10000 100.00000 125.00000   0.00000   -344.81845900   -344.81846097   0.1967843E-05
    3.00000   2.80000   2.90000 100.00000 125.00000   0.00000   -344.82415660   -344.82415647  -0.1318450E-06
    2.60000   2.60000   2.90000 100.00000 125.00000   0.00000   -344.81899230   -344.81899179  -0.5116058E-06
    2.80000   3.00000   2.90000 100.00000 125.00000   0.00000   -344.82371960   -344.82371969   0.9452157E-07
    2.60000   2.80000   3.30000 100.00000 125.00000   0.00000   -344.82913730   -344.82913693  -0.3692977E-06
    2.80000   2.60000   3.30000 100.00000 125.00000   0.00000   -344.82942810   -344.82942780  -0.2986050E-06
    2.80000   2.80000   2.70000 100.00000 125.00000   0.00000   -344.78978810   -344.78978597  -0.2133662E-05
    3.00000   2.80000   3.10000 150.00000 125.00000   0.00000   -344.82325680   -344.82325592  -0.8821701E-06
    2.60000   2.60000   3.10000 150.00000 125.00000   0.00000   -344.81510080   -344.81510225   0.1454108E-05
    2.80000   3.00000   3.10000 150.00000 125.00000   0.00000   -344.82321950   -344.82321722  -0.2281113E-05
    2.60000   2.80000   2.90000 150.00000 125.00000   0.00000   -344.81094610   -344.81094584  -0.2619529E-06
    2.80000   2.60000   2.90000 150.00000 125.00000   0.00000   -344.81088410   -344.81088412   0.1869546E-07
    2.80000   2.80000   3.30000 150.00000 125.00000   0.00000   -344.81967700   -344.81968082   0.3819590E-05
    2.60000   2.80000   3.10000  75.00000 125.00000   0.00000   -344.79812390   -344.79812484   0.9410904E-06
    2.80000   2.60000   3.10000  75.00000 125.00000   0.00000   -344.79956600   -344.79956851   0.2511576E-05
    2.80000   2.80000   2.90000  75.00000 125.00000   0.00000   -344.79312720   -344.79312330  -0.3897986E-05
    2.40000   2.80000   3.10000 125.00000 100.00000   0.00000   -344.81845900   -344.81846097   0.1967919E-05
    3.00000   2.60000   3.10000 125.00000 100.00000   0.00000   -344.83001840   -344.83001923   0.8251228E-06
    2.60000   3.00000   3.10000 125.00000 100.00000   0.00000   -344.83075000   -344.83075066   0.6571959E-06
    2.80000   2.40000   3.10000 125.00000 100.00000   0.00000   -344.81778180   -344.81778270   0.9024568E-06
    3.00000   2.80000   2.90000 125.00000 100.00000   0.00000   -344.82371960   -344.82371969   0.9404135E-07
    2.60000   2.60000   2.90000 125.00000 100.00000   0.00000   -344.81899240   -344.81899189  -0.5118812E-06
    2.80000   3.00000   2.90000 125.00000 100.00000   0.00000   -344.82415660   -344.82415647  -0.1347021E-06
    2.60000   2.80000   3.30000 125.00000 100.00000   0.00000   -344.82942810   -344.82942780  -0.2989813E-06
    2.80000   2.60000   3.30000 125.00000 100.00000   0.00000   -344.82913730   -344.82913693  -0.3721647E-06
    2.80000   2.80000   2.70000 125.00000 100.00000   0.00000   -344.78978810   -344.78978596  -0.2136153E-05
    3.00000   2.80000   3.10000 100.00000 100.00000   0.00000   -344.81310490   -344.81310493   0.3283611E-07
    2.60000   2.60000   3.10000 100.00000 100.00000   0.00000   -344.80800720   -344.80800723   0.3404165E-07
    2.80000   3.00000   3.10000 100.00000 100.00000   0.00000   -344.81310490   -344.81310493   0.3296839E-07
    2.60000   2.80000   2.90000 100.00000 100.00000   0.00000   -344.79977790   -344.79977812   0.2249051E-06
    2.80000   2.60000   2.90000 100.00000 100.00000   0.00000   -344.79977790   -344.79977812   0.2247838E-06
    2.80000   2.80000   3.30000 100.00000 100.00000   0.00000   -344.81269510   -344.81269445  -0.6487183E-06
    2.60000   2.80000   3.10000 150.00000 100.00000   0.00000   -344.83137160   -344.83137098  -0.6203595E-06
    2.80000   2.60000   3.10000 150.00000 100.00000   0.00000   -344.83108110   -344.83108051  -0.5898312E-06
    2.80000   2.80000   2.90000 150.00000 100.00000   0.00000   -344.82570430   -344.82570293  -0.1370493E-05
    2.80000   2.80000   3.10000  75.00000 100.00000   0.00000   -344.77718140   -344.77717575  -0.5652910E-05
    3.00000   2.80000   3.10000 125.00000 150.00000   0.00000   -344.82321950   -344.82321722  -0.2280574E-05
    2.60000   2.60000   3.10000 125.00000 150.00000   0.00000   -344.81510080   -344.81510225   0.1454619E-05
    2.80000   3.00000   3.10000 125.00000 150.00000   0.00000   -344.82325680   -344.82325592  -0.8806029E-06
    2.60000   2.80000   2.90000 125.00000 150.00000   0.00000   -344.81088410   -344.81088412   0.1851924E-07
    2.80000   2.60000   2.90000 125.00000 150.00000   0.00000   -344.81094610   -344.81094583  -0.2666773E-06
    2.80000   2.80000   3.30000 125.00000 150.00000   0.00000   -344.81967700   -344.81968082   0.3821733E-05
    2.60000   2.80000   3.10000 100.00000 150.00000   0.00000   -344.83108110   -344.83108051  -0.5899848E-06
    2.80000   2.60000   3.10000 100.00000 150.00000   0.00000   -344.83137160   -344.83137098  -0.6201583E-06
    2.80000   2.80000   2.90000 100.00000 150.00000   0.00000   -344.82570430   -344.82570293  -0.1370457E-05
    2.80000   2.80000   3.10000 150.00000 150.00000   0.00000   -344.77440600   -344.77441255   0.6552816E-05
    2.60000   2.80000   3.10000 125.00000  75.00000   0.00000   -344.79956600   -344.79956851   0.2511708E-05
    2.80000   2.60000   3.10000 125.00000  75.00000   0.00000   -344.79812390   -344.79812484   0.9387368E-06
    2.80000   2.80000   2.90000 125.00000  75.00000   0.00000   -344.79312720   -344.79312330  -0.3900945E-05
    2.80000   2.80000   3.10000 100.00000  75.00000   0.00000   -344.77718140   -344.77717575  -0.5652909E-05
    2.40000   2.80000   3.10000 125.00000 125.00000 -10.00000   -344.82676860   -344.82677565   0.7046019E-05
    3.00000   2.60000   3.10000 125.00000 125.00000 -10.00000   -344.83929820   -344.83930052   0.2315761E-05
    2.60000   3.00000   3.10000 125.00000 125.00000 -10.00000   -344.83929820   -344.83930051   0.2311170E-05
    2.80000   2.40000   3.10000 125.00000 125.00000 -10.00000   -344.82676860   -344.82677564   0.7044163E-05
    3.00000   2.80000   2.90000 125.00000 125.00000 -10.00000   -344.83346190   -344.83345982  -0.2079002E-05
    2.60000   2.60000   2.90000 125.00000 125.00000 -10.00000   -344.82839040   -344.82839443   0.4032604E-05
    2.80000   3.00000   2.90000 125.00000 125.00000 -10.00000   -344.83346190   -344.83345983  -0.2072459E-05
    2.60000   2.80000   3.30000 125.00000 125.00000 -10.00000   -344.83726080   -344.83725636  -0.4440073E-05
    2.80000   2.60000   3.30000 125.00000 125.00000 -10.00000   -344.83726080   -344.83725637  -0.4428939E-05
    2.80000   2.80000   2.70000 125.00000 125.00000 -10.00000   -344.79974230   -344.79975158   0.9277803E-05
    3.00000   2.80000   3.10000 100.00000 125.00000 -10.00000   -344.83442460   -344.83441705  -0.7549004E-05
    2.60000   2.60000   3.10000 100.00000 125.00000 -10.00000   -344.82993710   -344.82994434   0.7236336E-05
    2.80000   3.00000   3.10000 100.00000 125.00000 -10.00000   -344.83404930   -344.83403937  -0.9926088E-05
    2.60000   2.80000   2.90000 100.00000 125.00000 -10.00000   -344.82273350   -344.82273463   0.1128351E-05
    2.80000   2.60000   2.90000 100.00000 125.00000 -10.00000   -344.82314260   -344.82314553   0.2933267E-05
    2.80000   2.80000   3.30000 100.00000 125.00000 -10.00000   -344.83302420   -344.83301691  -0.7293285E-05
    2.60000   2.80000   3.10000 150.00000 125.00000 -10.00000   -344.81980990   -344.81980433  -0.5566622E-05
    2.80000   2.60000   3.10000 150.00000 125.00000 -10.00000   -344.81980620   -344.81980061  -0.5586111E-05
    2.80000   2.80000   2.90000 150.00000 125.00000 -10.00000   -344.81550640   -344.81551084   0.4436159E-05
    2.80000   2.80000   3.10000  75.00000 125.00000 -10.00000   -344.80416470   -344.80420406   0.3936371E-04
    3.00000   2.80000   3.10000 125.00000 100.00000 -10.00000   -344.83404930   -344.83403937  -0.9931343E-05
    2.60000   2.60000   3.10000 125.00000 100.00000 -10.00000   -344.82993710   -344.82994435   0.7245469E-05
    2.80000   3.00000   3.10000 125.00000 100.00000 -10.00000   -344.83442460   -344.83441705  -0.7545338E-05
    2.60000   2.80000   2.90000 125.00000 100.00000 -10.00000   -344.82314270   -344.82314561   0.2906979E-05
    2.80000   2.60000   2.90000 125.00000 100.00000 -10.00000   -344.82273350   -344.82273462   0.1120694E-05
    2.80000   2.80000   3.30000 125.00000 100.00000 -10.00000   -344.83302420   -344.83301691  -0.7291824E-05
    2.60000   2.80000   3.10000 100.00000 100.00000 -10.00000   -344.81258250   -344.81256093  -0.2157067E-04
    2.80000   2.60000   3.10000 100.00000 100.00000 -10.00000   -344.81258250   -344.81256091  -0.2158570E-04
    2.80000   2.80000   2.90000 100.00000 100.00000 -10.00000   -344.80457130   -344.80455217  -0.1912653E-04
    2.80000   2.80000   3.10000 150.00000 100.00000 -10.00000   -344.83520980   -344.83516978  -0.4001737E-04
    2.60000   2.80000   3.10000 125.00000 150.00000 -10.00000   -344.81980620   -344.81980063  -0.5566605E-05
    2.80000   2.60000   3.10000 125.00000 150.00000 -10.00000   -344.81980990   -344.81980432  -0.5578460E-05
    2.80000   2.80000   2.90000 125.00000 150.00000 -10.00000   -344.81550640   -344.81551082   0.4417153E-05
    2.80000   2.80000   3.10000 100.00000 150.00000 -10.00000   -344.83520980   -344.83516976  -0.4003814E-04
    2.80000   2.80000   3.10000 125.00000  75.00000 -10.00000   -344.80416470   -344.80420405   0.3935428E-04
    3.00000   2.80000   3.10000 125.00000 125.00000  10.00000   -344.84326450   -344.84327077   0.6272219E-05
    2.60000   2.60000   3.10000 125.00000 125.00000  10.00000   -344.83866720   -344.83865817  -0.9029973E-05
    2.80000   3.00000   3.10000 125.00000 125.00000  10.00000   -344.84326450   -344.84327076   0.6264170E-05
    2.60000   2.80000   2.90000 125.00000 125.00000  10.00000   -344.83264220   -344.83263264  -0.9562168E-05
    2.80000   2.60000   2.90000 125.00000 125.00000  10.00000   -344.83264220   -344.83263265  -0.9554639E-05
    2.80000   2.80000   3.30000 125.00000 125.00000  10.00000   -344.84117860   -344.84119024   0.1163862E-04
    2.60000   2.80000   3.10000 100.00000 125.00000  10.00000   -344.83367970   -344.83367935  -0.3548297E-06
    2.80000   2.60000   3.10000 100.00000 125.00000  10.00000   -344.83403230   -344.83402963  -0.2669746E-05
    2.80000   2.80000   2.90000 100.00000 125.00000  10.00000   -344.82708800   -344.82709442   0.6419435E-05
    2.80000   2.80000   3.10000 150.00000 125.00000  10.00000   -344.82492080   -344.82492454   0.3737321E-05
    2.60000   2.80000   3.10000 125.00000 100.00000  10.00000   -344.83403230   -344.83402964  -0.2661575E-05
    2.80000   2.60000   3.10000 125.00000 100.00000  10.00000   -344.83367970   -344.83367935  -0.3489116E-06
    2.80000   2.80000   2.90000 125.00000 100.00000  10.00000   -344.82708800   -344.82709443   0.6431040E-05
    2.80000   2.80000   3.10000 100.00000 100.00000  10.00000   -344.81675940   -344.81675136  -0.8044746E-05
    2.80000   2.80000   3.10000 125.00000 150.00000  10.00000   -344.82492080   -344.82492456   0.3756399E-05
    2.60000   2.80000   3.10000 125.00000 125.00000 -20.00000   -344.84125840   -344.84126758   0.9176128E-05
    2.80000   2.60000   3.10000 125.00000 125.00000 -20.00000   -344.84125840   -344.84126758   0.9183160E-05
    2.80000   2.80000   2.90000 125.00000 125.00000 -20.00000   -344.83523270   -344.83523091  -0.1792815E-05
    2.80000   2.80000   3.10000 100.00000 125.00000 -20.00000   -344.83740990   -344.83741475   0.4849954E-05
    2.80000   2.80000   3.10000 125.00000 100.00000 -20.00000   -344.83740990   -344.83741475   0.4852252E-05
    2.80000   2.80000   3.10000 125.00000 125.00000  30.00000   -344.84282970   -344.84282609  -0.3607639E-05
    2.80000   2.80000   3.10000 125.00000 125.00000   0.00000   -344.84722880   -344.84723537   0.6569719E-05
    2.70000   2.80000   3.10000 125.00000 125.00000   0.00000   -344.84640640   -344.84641190   0.5504843E-05
    2.80000   2.70000   3.10000 125.00000 125.00000   0.00000   -344.84640640   -344.84641190   0.5504586E-05
    2.80000   2.80000   3.00000 125.00000 125.00000   0.00000   -344.84481490   -344.84483059   0.1568977E-04
    2.80000   2.80000   3.10000 120.00000 125.00000   0.00000   -344.84768240   -344.84768986   0.7455449E-05
    2.80000   2.80000   3.10000 125.00000 120.00000   0.00000   -344.84768240   -344.84768986   0.7457142E-05
    2.80000   2.80000   3.10000 125.00000 125.00000  -5.00000   -344.84711400   -344.84711979   0.5793637E-05
    2.90000   2.80000   3.10000 125.00000 125.00000   0.00000   -344.84619430   -344.84619967   0.5367209E-05
    2.70000   2.70000   3.10000 125.00000 125.00000   0.00000   -344.84556980   -344.84557781   0.8008883E-05
    2.80000   2.90000   3.10000 125.00000 125.00000   0.00000   -344.84619430   -344.84619967   0.5367371E-05
    2.70000   2.80000   3.00000 125.00000 125.00000   0.00000   -344.84395810   -344.84397549   0.1738734E-04
    2.80000   2.70000   3.00000 125.00000 125.00000   0.00000   -344.84395810   -344.84397550   0.1739545E-04
    2.80000   2.80000   3.20000 125.00000 125.00000   0.00000   -344.84582110   -344.84581945  -0.1653611E-05
    2.70000   2.80000   3.10000 120.00000 125.00000   0.00000   -344.84690150   -344.84690970   0.8201362E-05
    2.80000   2.70000   3.10000 120.00000 125.00000   0.00000   -344.84691240   -344.84692384   0.1143760E-04
    2.80000   2.80000   3.00000 120.00000 125.00000   0.00000   -344.84520670   -344.84521225   0.5547538E-05
    2.80000   2.80000   3.10000 130.00000 125.00000   0.00000   -344.84554200   -344.84553042  -0.1158265E-04
    2.70000   2.80000   3.10000 125.00000 120.00000   0.00000   -344.84691240   -344.84692384   0.1143835E-04
    2.80000   2.70000   3.10000 125.00000 120.00000   0.00000   -344.84690150   -344.84690971   0.8206156E-05
    2.80000   2.80000   3.00000 125.00000 120.00000   0.00000   -344.84520670   -344.84521225   0.5551709E-05
    2.80000   2.80000   3.10000 120.00000 120.00000   0.00000   -344.84743330   -344.84740902  -0.2427969E-04
    2.80000   2.80000   3.10000 125.00000 130.00000   0.00000   -344.84554200   -344.84553042  -0.1158455E-04
    2.70000   2.80000   3.10000 125.00000 125.00000  -5.00000   -344.84628880   -344.84629434   0.5543323E-05
    2.80000   2.70000   3.10000 125.00000 125.00000  -5.00000   -344.84628880   -344.84629434   0.5543506E-05
    2.80000   2.80000   3.00000 125.00000 125.00000  -5.00000   -344.84469320   -344.84470945   0.1625364E-04
    2.80000   2.80000   3.10000 120.00000 125.00000  -5.00000   -344.84758280   -344.84758826   0.5457794E-05
    2.80000   2.80000   3.10000 125.00000 120.00000  -5.00000   -344.84758280   -344.84758826   0.5460366E-05
    2.80000   2.80000   3.10000 125.00000 125.00000   5.00000   -344.84711400   -344.84711979   0.5793637E-05
    2.60000   2.80000   3.10000 125.00000 125.00000   0.00000   -344.84323460   -344.84322395  -0.1065180E-04
    2.90000   2.70000   3.10000 125.00000 125.00000   0.00000   -344.84538370   -344.84538668   0.2976807E-05
    2.70000   2.90000   3.10000 125.00000 125.00000   0.00000   -344.84538370   -344.84538668   0.2977833E-05
    2.80000   2.60000   3.10000 125.00000 125.00000   0.00000   -344.84323460   -344.84322395  -0.1065228E-04
    2.90000   2.80000   3.00000 125.00000 125.00000   0.00000   -344.84381490   -344.84383052   0.1561556E-04
    2.70000   2.70000   3.00000 125.00000 125.00000   0.00000   -344.84308530   -344.84310723   0.2193359E-04
    2.80000   2.90000   3.00000 125.00000 125.00000   0.00000   -344.84381490   -344.84383051   0.1560958E-04
    2.70000   2.80000   3.20000 125.00000 125.00000   0.00000   -344.84502620   -344.84502257  -0.3625167E-05
    2.80000   2.70000   3.20000 125.00000 125.00000   0.00000   -344.84502620   -344.84502257  -0.3632164E-05
    2.80000   2.80000   2.90000 125.00000 125.00000   0.00000   -344.83732270   -344.83730370  -0.1899860E-04
    2.90000   2.80000   3.10000 120.00000 125.00000   0.00000   -344.84660600   -344.84660998   0.3978700E-05
    2.70000   2.70000   3.10000 120.00000 125.00000   0.00000   -344.84612270   -344.84613958   0.1688034E-04
    2.80000   2.90000   3.10000 120.00000 125.00000   0.00000   -344.84659490   -344.84659579   0.8865241E-06
    2.70000   2.80000   3.00000 120.00000 125.00000   0.00000   -344.84438810   -344.84439707   0.8970151E-05
    2.80000   2.70000   3.00000 120.00000 125.00000   0.00000   -344.84440170   -344.84441424   0.1254228E-04
    2.80000   2.80000   3.20000 120.00000 125.00000   0.00000   -344.84633280   -344.84634458   0.1178263E-04
    2.70000   2.80000   3.10000 130.00000 125.00000   0.00000   -344.84465290   -344.84463927  -0.1362586E-04
    2.80000   2.70000   3.10000 130.00000 125.00000   0.00000   -344.84465020   -344.84463240  -0.1780300E-04
    2.80000   2.80000   3.00000 130.00000 125.00000   0.00000   -344.84318260   -344.84319361   0.1101475E-04
    2.80000   2.80000   3.10000 115.00000 125.00000   0.00000   -344.84694100   -344.84693461  -0.6394154E-05
    2.90000   2.80000   3.10000 125.00000 120.00000   0.00000   -344.84659490   -344.84659579   0.8904258E-06
    2.70000   2.70000   3.10000 125.00000 120.00000   0.00000   -344.84612270   -344.84613959   0.1688521E-04
    2.80000   2.90000   3.10000 125.00000 120.00000   0.00000   -344.84660600   -344.84660998   0.3980293E-05
    2.70000   2.80000   3.00000 125.00000 120.00000   0.00000   -344.84440170   -344.84441424   0.1253830E-04
    2.80000   2.70000   3.00000 125.00000 120.00000   0.00000   -344.84438810   -344.84439709   0.8986215E-05
    2.80000   2.80000   3.20000 125.00000 120.00000   0.00000   -344.84633280   -344.84634458   0.1178468E-04
    2.70000   2.80000   3.10000 120.00000 120.00000   0.00000   -344.84669200   -344.84667479  -0.1720660E-04
    2.80000   2.70000   3.10000 120.00000 120.00000   0.00000   -344.84669200   -344.84667480  -0.1720265E-04
    2.80000   2.80000   3.00000 120.00000 120.00000   0.00000   -344.84488750   -344.84485433  -0.3316966E-04
    2.80000   2.80000   3.10000 130.00000 120.00000   0.00000   -344.84676420   -344.84678703   0.2282985E-04
    2.70000   2.80000   3.10000 125.00000 130.00000   0.00000   -344.84465020   -344.84463240  -0.1780294E-04
    2.80000   2.70000   3.10000 125.00000 130.00000   0.00000   -344.84465290   -344.84463927  -0.1363143E-04
    2.80000   2.80000   3.00000 125.00000 130.00000   0.00000   -344.84318260   -344.84319361   0.1101032E-04
    2.80000   2.80000   3.10000 120.00000 130.00000   0.00000   -344.84676420   -344.84678703   0.2282584E-04
    2.80000   2.80000   3.10000 125.00000 115.00000   0.00000   -344.84694100   -344.84693461  -0.6392775E-05
    2.90000   2.80000   3.10000 125.00000 125.00000  -5.00000   -344.84608230   -344.84608631   0.4009056E-05
    2.70000   2.70000   3.10000 125.00000 125.00000  -5.00000   -344.84544930   -344.84545757   0.8266856E-05
    2.80000   2.90000   3.10000 125.00000 125.00000  -5.00000   -344.84608230   -344.84608631   0.4008371E-05
    2.70000   2.80000   3.00000 125.00000 125.00000  -5.00000   -344.84383370   -344.84385236   0.1865727E-04
    2.80000   2.70000   3.00000 125.00000 125.00000  -5.00000   -344.84383370   -344.84385236   0.1866469E-04
    2.80000   2.80000   3.20000 125.00000 125.00000  -5.00000   -344.84571350   -344.84570954  -0.3964304E-05
    2.70000   2.80000   3.10000 120.00000 125.00000  -5.00000   -344.84679940   -344.84680647   0.7074305E-05
    2.80000   2.70000   3.10000 120.00000 125.00000  -5.00000   -344.84681030   -344.84682071   0.1041434E-04
    2.80000   2.80000   3.00000 120.00000 125.00000  -5.00000   -344.84509950   -344.84510406   0.4559924E-05
    2.80000   2.80000   3.10000 130.00000 125.00000  -5.00000   -344.84541360   -344.84540277  -0.1082807E-04
    2.70000   2.80000   3.10000 125.00000 120.00000  -5.00000   -344.84681030   -344.84682072   0.1041611E-04
    2.80000   2.70000   3.10000 125.00000 120.00000  -5.00000   -344.84679940   -344.84680648   0.7080186E-05
    2.80000   2.80000   3.00000 125.00000 120.00000  -5.00000   -344.84509950   -344.84510407   0.4565072E-05
    2.80000   2.80000   3.10000 120.00000 120.00000  -5.00000   -344.84734980   -344.84732290  -0.2689805E-04
    2.80000   2.80000   3.10000 125.00000 130.00000  -5.00000   -344.84541360   -344.84540277  -0.1083118E-04
    2.70000   2.80000   3.10000 125.00000 125.00000   5.00000   -344.84628880   -344.84629434   0.5543323E-05
    2.80000   2.70000   3.10000 125.00000 125.00000   5.00000   -344.84628880   -344.84629434   0.5543506E-05
    2.80000   2.80000   3.00000 125.00000 125.00000   5.00000   -344.84469320   -344.84470945   0.1625364E-04
    2.80000   2.80000   3.10000 120.00000 125.00000   5.00000   -344.84758280   -344.84758826   0.5457794E-05
    2.80000   2.80000   3.10000 125.00000 120.00000   5.00000   -344.84758280   -344.84758826   0.5460366E-05
    2.80000   2.80000   3.10000 125.00000 125.00000 -10.00000   -344.84676690   -344.84677070   0.3798358E-05
    3.00000   2.80000   3.10000 125.00000 125.00000   0.00000   -344.84370300   -344.84371677   0.1377017E-04
    2.60000   2.70000   3.10000 125.00000 125.00000   0.00000   -344.84238180   -344.84237784  -0.3959882E-05
    2.90000   2.90000   3.10000 125.00000 125.00000   0.00000   -344.84515000   -344.84515304   0.3042198E-05
    2.70000   2.60000   3.10000 125.00000 125.00000   0.00000   -344.84238180   -344.84237784  -0.3959895E-05
    2.80000   3.00000   3.10000 125.00000 125.00000   0.00000   -344.84370300   -344.84371677   0.1377054E-04
    2.60000   2.80000   3.00000 125.00000 125.00000   0.00000   -344.84075260   -344.84075878   0.6182087E-05
    2.90000   2.70000   3.00000 125.00000 125.00000   0.00000   -344.84297210   -344.84298889   0.1678957E-04
    2.70000   2.90000   3.00000 125.00000 125.00000   0.00000   -344.84297210   -344.84298888   0.1677753E-04
    2.80000   2.60000   3.00000 125.00000 125.00000   0.00000   -344.84075260   -344.84075880   0.6195972E-05
    2.90000   2.80000   3.20000 125.00000 125.00000   0.00000   -344.84475880   -344.84475238  -0.6417147E-05
    2.70000   2.70000   3.20000 125.00000 125.00000   0.00000   -344.84421920   -344.84421769  -0.1505214E-05
    2.80000   2.90000   3.20000 125.00000 125.00000   0.00000   -344.84475880   -344.84475239  -0.6411766E-05
    2.70000   2.80000   2.90000 125.00000 125.00000   0.00000   -344.83642440   -344.83640982  -0.1457506E-04
    2.80000   2.70000   2.90000 125.00000 125.00000   0.00000   -344.83642440   -344.83640984  -0.1456116E-04
    2.80000   2.80000   3.30000 125.00000 125.00000   0.00000   -344.84158060   -344.84160917   0.2856552E-04
    2.60000   2.80000   3.10000 120.00000 125.00000   0.00000   -344.84377080   -344.84376353  -0.7265539E-05
    2.90000   2.70000   3.10000 120.00000 125.00000   0.00000   -344.84584260   -344.84584818   0.5581031E-05
    2.70000   2.90000   3.10000 120.00000 125.00000   0.00000   -344.84582070   -344.84581956  -0.1140626E-05
    2.80000   2.60000   3.10000 120.00000 125.00000   0.00000   -344.84379220   -344.84379208  -0.1151522E-06
    2.90000   2.80000   3.00000 120.00000 125.00000   0.00000   -344.84416850   -344.84417002   0.1517254E-05
    2.70000   2.70000   3.00000 120.00000 125.00000   0.00000   -344.84357210   -344.84359256   0.2046425E-04
    2.80000   2.90000   3.00000 120.00000 125.00000   0.00000   -344.84415440   -344.84415273  -0.1674138E-05
    2.70000   2.80000   3.20000 120.00000 125.00000   0.00000   -344.84558290   -344.84559392   0.1101535E-04
    2.80000   2.70000   3.20000 120.00000 125.00000   0.00000   -344.84559110   -344.84560515   0.1405093E-04
    2.80000   2.80000   2.90000 120.00000 125.00000   0.00000   -344.83765000   -344.83761176  -0.3824034E-04
    2.90000   2.80000   3.10000 130.00000 125.00000   0.00000   -344.84457620   -344.84456531  -0.1088621E-04
    2.70000   2.70000   3.10000 130.00000 125.00000   0.00000   -344.84374060   -344.84372262  -0.1798211E-04
    2.80000   2.90000   3.10000 130.00000 125.00000   0.00000   -344.84457840   -344.84457159  -0.6810034E-05
    2.70000   2.80000   3.00000 130.00000 125.00000   0.00000   -344.84226210   -344.84227327   0.1116909E-04
    2.80000   2.70000   3.00000 130.00000 125.00000   0.00000   -344.84225680   -344.84226336   0.6557370E-05
    2.80000   2.80000   3.20000 130.00000 125.00000   0.00000   -344.84408680   -344.84405253  -0.3427132E-04
    2.70000   2.80000   3.10000 115.00000 125.00000   0.00000   -344.84617620   -344.84617224  -0.3957114E-05
    2.80000   2.70000   3.10000 115.00000 125.00000   0.00000   -344.84620850   -344.84620939   0.8944608E-06
    2.80000   2.80000   3.00000 115.00000 125.00000   0.00000   -344.84439660   -344.84438240  -0.1419796E-04
    2.80000   2.80000   3.10000 140.00000 125.00000   0.00000   -344.83829150   -344.83822946  -0.6203873E-04
    2.60000   2.80000   3.10000 125.00000 120.00000   0.00000   -344.84379220   -344.84379209  -0.1141371E-06
    2.90000   2.70000   3.10000 125.00000 120.00000   0.00000   -344.84582070   -344.84581956  -0.1136256E-05
    2.70000   2.90000   3.10000 125.00000 120.00000   0.00000   -344.84584260   -344.84584818   0.5580836E-05
    2.80000   2.60000   3.10000 125.00000 120.00000   0.00000   -344.84377080   -344.84376354  -0.7256421E-05
    2.90000   2.80000   3.00000 125.00000 120.00000   0.00000   -344.84415440   -344.84415274  -0.1662250E-05
    2.70000   2.70000   3.00000 125.00000 120.00000   0.00000   -344.84357210   -344.84359258   0.2047527E-04
    2.80000   2.90000   3.00000 125.00000 120.00000   0.00000   -344.84416850   -344.84417001   0.1513289E-05
    2.70000   2.80000   3.20000 125.00000 120.00000   0.00000   -344.84559110   -344.84560516   0.1405864E-04
    2.80000   2.70000   3.20000 125.00000 120.00000   0.00000   -344.84558290   -344.84559391   0.1101178E-04
    2.80000   2.80000   2.90000 125.00000 120.00000   0.00000   -344.83765000   -344.83761177  -0.3823236E-04
    2.90000   2.80000   3.10000 120.00000 120.00000   0.00000   -344.84631810   -344.84628200  -0.3610160E-04
    2.70000   2.70000   3.10000 120.00000 120.00000   0.00000   -344.84594610   -344.84594270  -0.3404131E-05
    2.80000   2.90000   3.10000 120.00000 120.00000   0.00000   -344.84631810   -344.84628200  -0.3610377E-04
    2.70000   2.80000   3.00000 120.00000 120.00000   0.00000   -344.84410750   -344.84408501  -0.2249046E-04
    2.80000   2.70000   3.00000 120.00000 120.00000   0.00000   -344.84410750   -344.84408502  -0.2247835E-04
    2.80000   2.80000   3.20000 120.00000 120.00000   0.00000   -344.84614830   -344.84613471  -0.1358777E-04
    2.70000   2.80000   3.10000 130.00000 120.00000   0.00000   -344.84594200   -344.84596582   0.2381781E-04
    2.80000   2.70000   3.10000 130.00000 120.00000   0.00000   -344.84592880   -344.84594503   0.1623000E-04
    2.80000   2.80000   3.00000 130.00000 120.00000   0.00000   -344.84435040   -344.84437918   0.2878481E-04
    2.80000   2.80000   3.10000 115.00000 120.00000   0.00000   -344.84605030   -344.84598513  -0.6516563E-04
    2.90000   2.80000   3.10000 125.00000 130.00000   0.00000   -344.84457840   -344.84457158  -0.6815107E-05
    2.70000   2.70000   3.10000 125.00000 130.00000   0.00000   -344.84374060   -344.84372261  -0.1798728E-04
    2.80000   2.90000   3.10000 125.00000 130.00000   0.00000   -344.84457620   -344.84456531  -0.1088823E-04
    2.70000   2.80000   3.00000 125.00000 130.00000   0.00000   -344.84225680   -344.84226335   0.6545642E-05
    2.80000   2.70000   3.00000 125.00000 130.00000   0.00000   -344.84226210   -344.84227327   0.1116844E-04
    2.80000   2.80000   3.20000 125.00000 130.00000   0.00000   -344.84408680   -344.84405253  -0.3427407E-04
    2.70000   2.80000   3.10000 120.00000 130.00000   0.00000   -344.84592880   -344.84594502   0.1622421E-04
    2.80000   2.70000   3.10000 120.00000 130.00000   0.00000   -344.84594200   -344.84596581   0.2381172E-04
    2.80000   2.80000   3.00000 120.00000 130.00000   0.00000   -344.84435040   -344.84437918   0.2877593E-04
    2.80000   2.80000   3.10000 130.00000 130.00000   0.00000   -344.84301320   -344.84295194  -0.6125935E-04
    2.70000   2.80000   3.10000 125.00000 115.00000   0.00000   -344.84620850   -344.84620939   0.8940842E-06
    2.80000   2.70000   3.10000 125.00000 115.00000   0.00000   -344.84617620   -344.84617225  -0.3949517E-05
    2.80000   2.80000   3.00000 125.00000 115.00000   0.00000   -344.84439660   -344.84438241  -0.1419183E-04
    2.80000   2.80000   3.10000 120.00000 115.00000   0.00000   -344.84605030   -344.84598513  -0.6516632E-04
    2.80000   2.80000   3.10000 125.00000 140.00000   0.00000   -344.83829150   -344.83822947  -0.6203334E-04
    2.60000   2.80000   3.10000 125.00000 125.00000  -5.00000   -344.84311430   -344.84310463  -0.9666261E-05
    2.90000   2.70000   3.10000 125.00000 125.00000  -5.00000   -344.84526910   -344.84527203   0.2929165E-05
    2.70000   2.90000   3.10000 125.00000 125.00000  -5.00000   -344.84526910   -344.84527203   0.2928904E-05
    2.80000   2.60000   3.10000 125.00000 125.00000  -5.00000   -344.84311430   -344.84310463  -0.9666276E-05
    2.90000   2.80000   3.00000 125.00000 125.00000  -5.00000   -344.84369620   -344.84371161   0.1540584E-04
    2.70000   2.70000   3.00000 125.00000 125.00000  -5.00000   -344.84295780   -344.84298141   0.2361340E-04
    2.80000   2.90000   3.00000 125.00000 125.00000  -5.00000   -344.84369620   -344.84371160   0.1540016E-04
    2.70000   2.80000   3.20000 125.00000 125.00000  -5.00000   -344.84491590   -344.84491069  -0.5212806E-05
    2.80000   2.70000   3.20000 125.00000 125.00000  -5.00000   -344.84491590   -344.84491068  -0.5218228E-05
    2.80000   2.80000   2.90000 125.00000 125.00000  -5.00000   -344.83719480   -344.83717711  -0.1768945E-04
    2.90000   2.80000   3.10000 120.00000 125.00000  -5.00000   -344.84650900   -344.84651024   0.1242940E-05
    2.70000   2.70000   3.10000 120.00000 125.00000  -5.00000   -344.84601790   -344.84603413   0.1623218E-04
    2.80000   2.90000   3.10000 120.00000 125.00000  -5.00000   -344.84649800   -344.84649595  -0.2053449E-05
    2.70000   2.80000   3.00000 120.00000 125.00000  -5.00000   -344.84427800   -344.84428724   0.9244643E-05
    2.80000   2.70000   3.00000 120.00000 125.00000  -5.00000   -344.84429190   -344.84430452   0.1261944E-04
    2.80000   2.80000   3.20000 120.00000 125.00000  -5.00000   -344.84624140   -344.84624968   0.8280272E-05
    2.70000   2.80000   3.10000 130.00000 125.00000  -5.00000   -344.84452150   -344.84450929  -0.1221276E-04
    2.80000   2.70000   3.10000 130.00000 125.00000  -5.00000   -344.84451890   -344.84450231  -0.1659282E-04
    2.80000   2.80000   3.00000 130.00000 125.00000  -5.00000   -344.84304830   -344.84306144   0.1313918E-04
    2.80000   2.80000   3.10000 115.00000 125.00000  -5.00000   -344.84685830   -344.84684890  -0.9404292E-05
    2.90000   2.80000   3.10000 125.00000 120.00000  -5.00000   -344.84649800   -344.84649595  -0.2048392E-05
    2.70000   2.70000   3.10000 125.00000 120.00000  -5.00000   -344.84601790   -344.84603414   0.1623827E-04
    2.80000   2.90000   3.10000 125.00000 120.00000  -5.00000   -344.84650900   -344.84651024   0.1244794E-05
    2.70000   2.80000   3.00000 125.00000 120.00000  -5.00000   -344.84429190   -344.84430452   0.1261770E-04
    2.80000   2.70000   3.00000 125.00000 120.00000  -5.00000   -344.84427830   -344.84428726   0.8960758E-05
    2.80000   2.80000   3.20000 125.00000 120.00000  -5.00000   -344.84624140   -344.84624968   0.8283101E-05
    2.70000   2.80000   3.10000 120.00000 120.00000  -5.00000   -344.84660610   -344.84658751  -0.1859439E-04
    2.80000   2.70000   3.10000 120.00000 120.00000  -5.00000   -344.84660610   -344.84658751  -0.1859081E-04
    2.80000   2.80000   3.00000 120.00000 120.00000  -5.00000   -344.84479540   -344.84476059  -0.3480780E-04
    2.80000   2.80000   3.10000 130.00000 120.00000  -5.00000   -344.84665060   -344.84667186   0.2126375E-04
    2.70000   2.80000   3.10000 125.00000 130.00000  -5.00000   -344.84451890   -344.84450231  -0.1659498E-04
    2.80000   2.70000   3.10000 125.00000 130.00000  -5.00000   -344.84452150   -344.84450928  -0.1221885E-04
    2.80000   2.80000   3.00000 125.00000 130.00000  -5.00000   -344.84304830   -344.84306143   0.1313345E-04
    2.80000   2.80000   3.10000 120.00000 130.00000  -5.00000   -344.84665060   -344.84667186   0.2125766E-04
    2.80000   2.80000   3.10000 125.00000 115.00000  -5.00000   -344.84685830   -344.84684890  -0.9401482E-05
    2.90000   2.80000   3.10000 125.00000 125.00000   5.00000   -344.84608230   -344.84608631   0.4009056E-05
    2.70000   2.70000   3.10000 125.00000 125.00000   5.00000   -344.84544930   -344.84545757   0.8266856E-05
    2.80000   2.90000   3.10000 125.00000 125.00000   5.00000   -344.84608230   -344.84608631   0.4008371E-05
    2.70000   2.80000   3.00000 125.00000 125.00000   5.00000   -344.84383370   -344.84385236   0.1865727E-04
    2.80000   2.70000   3.00000 125.00000 125.00000   5.00000   -344.84383370   -344.84385236   0.1866469E-04
    2.80000   2.80000   3.20000 125.00000 125.00000   5.00000   -344.84571350   -344.84570954  -0.3964304E-05
    2.70000   2.80000   3.10000 120.00000 125.00000   5.00000   -344.84679940   -344.84680647   0.7074305E-05
    2.80000   2.70000   3.10000 120.00000 125.00000   5.00000   -344.84681030   -344.84682071   0.1041434E-04
    2.80000   2.80000   3.00000 120.00000 125.00000   5.00000   -344.84509950   -344.84510406   0.4559924E-05
    2.80000   2.80000   3.10000 130.00000 125.00000   5.00000   -344.84541360   -344.84540277  -0.1082807E-04
    2.70000   2.80000   3.10000 125.00000 120.00000   5.00000   -344.84681030   -344.84682072   0.1041611E-04
    2.80000   2.70000   3.10000 125.00000 120.00000   5.00000   -344.84679940   -344.84680648   0.7080186E-05
    2.80000   2.80000   3.00000 125.00000 120.00000   5.00000   -344.84509950   -344.84510407   0.4565072E-05
    2.80000   2.80000   3.10000 120.00000 120.00000   5.00000   -344.84734980   -344.84732290  -0.2689805E-04
    2.80000   2.80000   3.10000 125.00000 130.00000   5.00000   -344.84541360   -344.84540277  -0.1083118E-04
    2.70000   2.80000   3.10000 125.00000 125.00000 -10.00000   -344.84593340   -344.84593929   0.5891732E-05
    2.80000   2.70000   3.10000 125.00000 125.00000 -10.00000   -344.84593340   -344.84593929   0.5893233E-05
    2.80000   2.80000   3.00000 125.00000 125.00000 -10.00000   -344.84432590   -344.84434368   0.1777820E-04
    2.80000   2.80000   3.10000 120.00000 125.00000 -10.00000   -344.84728130   -344.84728110  -0.2022038E-06
    2.80000   2.80000   3.10000 125.00000 120.00000 -10.00000   -344.84728130   -344.84728110  -0.1969939E-06
    2.80000   2.80000   3.10000 125.00000 125.00000  15.00000   -344.84618000   -344.84618098   0.9827847E-06


EXPANSION COEFFICIENTS (**)COORD REF  REF  REF  REF  REF  REF POLY  4  4  4  4  4  4 CROSS  3  3  3  3  3  2 SYM 0 0 0 0 0 0

                                                                                 
 ------------------------------------------------------------------------------------------------------------------------
 C000000:-344.84785889 C100000:  -0.00000001 C010000:  -0.00000001 C001000:  -0.00000001 C000100:   0.00000000 C000010:   0.00000000
 C200000:   0.09566266 C110000:   0.00025734 C020000:   0.09566263 C101000:   0.00309812 C011000:   0.00309720 C002000:   0.18424930
 C100100:  -0.00425942 C010100:  -0.00588374 C001100:   0.00838442 C000200:   0.07856085 C100010:  -0.00588360 C010010:  -0.00425968
 C001010:   0.00838426 C000110:   0.09603923 C000020:   0.07856096 C000002:   0.01310073 C300000:  -0.07854837 C210000:  -0.00000022
 C120000:   0.00000014 C030000:  -0.07854848 C201000:   0.00141903 C111000:  -0.00278949 C021000:   0.00141918 C102000:  -0.00249706
 C012000:  -0.00249687 C003000:  -0.18907612 C200100:  -0.00047812 C110100:   0.00708427 C020100:  -0.00052199 C101100:  -0.00281257
 C011100:   0.00059166 C002100:  -0.00252636 C100200:  -0.01662757 C010200:  -0.01103615 C001200:  -0.00464633 C000300:   0.01015482
 C200010:  -0.00052141 C110010:   0.00708577 C020010:  -0.00047646 C101010:   0.00059204 C011010:  -0.00280978 C002010:  -0.00252469
 C100110:  -0.01492903 C010110:  -0.01492953 C001110:  -0.00269133 C000210:   0.05044147 C100020:  -0.01103591 C010020:  -0.01662753
 C001020:  -0.00464617 C000120:   0.05044118 C000030:   0.01015438 C100002:  -0.00224817 C010002:  -0.00224782 C001002:  -0.00887423
 C000102:   0.02273564 C000012:   0.02273699 C400000:   0.03889646 C310000:   0.00204201 C220000:   0.00150855 C130000:   0.00204266
 C040000:   0.03889636 C301000:   0.00183632 C211000:  -0.00232506 C121000:  -0.00233222 C031000:   0.00184399 C202000:   0.00194241
 C112000:  -0.00050369 C022000:   0.00194063 C103000:   0.00348705 C013000:   0.00349406 C004000:   0.11460808 C300100:   0.00125593
 C210100:  -0.00156483 C120100:   0.00011883 C030100:   0.00061853 C201100:   0.00783563 C111100:  -0.00150251 C021100:   0.00821125
 C102100:   0.00282041 C012100:   0.00205490 C003100:  -0.00268507 C200200:  -0.00675323 C110200:   0.00970009 C020200:  -0.00459738
 C101200:   0.00624141 C011200:   0.00634273 C002200:  -0.01258808 C100300:   0.00288936 C010300:  -0.00117150 C001300:  -0.00773099
 C000400:  -0.00334423 C300010:   0.00061843 C210010:   0.00012461 C120010:  -0.00156232 C030010:   0.00125956 C201010:   0.00820822
 C111010:  -0.00152645 C021010:   0.00784410 C102010:   0.00204907 C012010:   0.00282934 C003010:  -0.00268219 C200110:   0.00196876
 C110110:   0.00394056 C020110:   0.00196906 C101110:  -0.00376180 C011110:  -0.00376860 C002110:   0.02588634 C100210:  -0.00726930
 C010210:  -0.00893136 C001210:   0.01860997 C000310:   0.00033419 C200020:  -0.00459699 C110020:   0.00970370 C020020:  -0.00675133
 C101020:   0.00634105 C011020:   0.00624481 C002020:  -0.01258635 C100120:  -0.00893106 C010120:  -0.00726954 C001120:   0.01860900
 C000220:   0.01980890 C100030:  -0.00117117 C010030:   0.00288985 C001030:  -0.00773059 C000130:   0.00033410 C000040:  -0.00334489
 C200002:  -0.00152646 C110002:   0.00913289 C020002:  -0.00152377 C101002:   0.00011151 C011002:   0.00012641 C002002:  -0.00069161
 C100102:  -0.00535736 C010102:  -0.00691272 C001102:   0.01549729 C000202:  -0.01645913 C100012:  -0.00692133 C010012:  -0.00535389
 C001012:   0.01549583 C000112:  -0.02586405 C000022:  -0.01645631 C000004:   0.00340121

 REFERENCE GEOMETRY
 ------------------
 R10:     1.474861 A         2.787084 A.U.
 R20:     1.474861 A         2.787083 A.U.
 R30:     1.645916 A         3.110331 A.U.
 R40:     2.133694 RAD     122.251652 DEGREES)
 R50:     2.133694 RAD     122.251635 DEGREES)
 R60:     0.000000 RAD       0.000000 DEGREES)


 ACTUAL GEOMETRY
 ------------------
 R10:     1.474861 A         2.787084 A.U.
 R20:     1.474861 A         2.787083 A.U.
 R30:     1.645916 A         3.110331 A.U.
 R40:     2.133694 RAD     122.251652 DEGREES)
 R50:     2.133694 RAD     122.251635 DEGREES)
 R60:     0.000000 RAD       0.000000 DEGREES)

 ERROR STATISTICS
 ----------------
 MINIMUM ERROR:      0.1518396E-07 AU  (   0.00 1/CM)
 MAXIMUM ERROR:      0.6516632E-04 AU  (  14.30 1/CM)
 ROOT MEAN SQUARE:   0.1447456E-04 AU  (   3.18 1/CM)


 HARMONIC FORCE FIELD
 --------------------
 F11:     2.9788 AJ/A**2    F12:     0.0040 AJ/A**2    F13:     0.0482 AJ/A**2
                            F22:     2.9788 AJ/A**2    F23:     0.0482 AJ/A**2
                                                       F33:     5.7372 AJ/A**2
 F14:    -0.0351 AJ/A       F15:    -0.0485 AJ/A       F16:     0.0000 AJ/A   
 F24:    -0.0485 AJ/A       F25:    -0.0351 AJ/A       F26:     0.0000 AJ/A   
 F34:     0.0691 AJ/A       F35:     0.0691 AJ/A       F36:     0.0000 AJ/A   
 F44:     0.6850 AJ/A**2    F45:     0.4187 AJ/A**2    F46:     0.0000 AJ/A**2
                            F55:     0.6850 AJ/A**2    F56:     0.0000 AJ/A**2
                                                       F66:     0.1142 AJ/A**2

 EQUILIBRIUM GEOMETRY IN MOLECULE FIXED AXES SYSTEM (ASYMMETRIC TOP)       
 ---------------------------------------------------------------------------
 AXES:               A              B              C
 CENTER  1:    -0.48780885     0.00000000     0.00000000    MASS: 27.976930 AMU
 CENTER  2:    -1.27485188    -1.24730805     0.00000000    MASS:  1.007825 AMU
 CENTER  3:    -1.27485147     1.24730828     0.00000000    MASS:  1.007825 AMU
 CENTER  4:     1.15810673    -0.00000001     0.00000000    MASS: 14.003070 AMU
 MOMENTS:       5.20726595    47.68102536    52.88829131    10**(-40) G*CM**2

 ROTATIONAL CONSTANTS AT RE
 --------------------------
            A           B           C        UNIT
           5.3759      0.5871      0.5293    1/CM
         161166.9     17601.1     15868.1    MHZ

 PROLATE          ASYMMETRIC ROTOR (K=-0.976)           OBLATE
 |-----------------------------+-----------------------------|
-1                             0                             1
 ^                                                            

 ASSIGNMENT OF MOLECULE FIXED AXES: A-->Z  B-->X  C-->Y    CASE I(R)

1  VEC                -0.053323       0.000000       0.021201       0.060994       0.709699      -0.699510
2  VEC                 0.054166       0.000000       0.020873       0.060046       0.698653       0.710569
3  VEC                 0.000000       0.000000       0.484043       0.870478      -0.089273      -0.000001
4  VEC                -0.672103       0.000000       0.646007      -0.358045       0.011473       0.051233
5  VEC                 0.736546       0.000000       0.589485      -0.326719       0.010469      -0.056146
6  VEC                 0.000000       1.000000       0.000000       0.000000       0.000000       0.000000

 WILSON FG ANALYSIS
 ------------------
 ATOMIC MASSES:                 27.976930       1.007825       1.007825      14.003070  AMU
 FUNDAMENTAL FREQUENCIES:       508.82481      542.58682      923.10054     1034.96445     2263.50812     2295.01549  1/CM

 NORMAL COORDINATE DISPLACEMENTS
 -------------------------------
                R1             R2             R3             R4             R5             R6             FREQUENCY
 Q1:       -0.03987201     0.03987219     0.00000103    -0.70598221     0.70598127     0.00000000        508.82480545 B
 Q2:        0.00000000     0.00000000     0.00000000     0.00000000     0.00000000     1.00000000        542.58682021 B
 Q3:        0.01039612     0.01039673     0.74232928     0.47367222     0.47367256     0.00000000        923.10054026 S
 Q4:        0.02189471     0.02189519     0.98010465    -0.13862894    -0.13862941     0.00000000       1034.96444827 B
 Q5:        0.70648786     0.70649150    -0.03344036    -0.01769731    -0.01769752     0.00000000       2263.50812213 S
 Q6:       -0.70710864     0.70710471    -0.00000410     0.00039416    -0.00039499     0.00000000       2295.01548762 S


 CORIOLIS COUPLING MATRICES
 --------------------------
                     B              B              S              B              S              S
 ZETA-A   B     0.00000000    -0.54773356     0.00000000     0.00000000     0.00000000     0.00000000   
          B     0.54773356     0.00000000    -0.00000069    -0.00000116    -0.00000227    -0.83665282   
          S     0.00000000     0.00000069     0.00000000     0.00000000     0.00000000     0.00000000   
          B     0.00000000     0.00000116     0.00000000     0.00000000     0.00000000     0.00000000   
          S     0.00000000     0.00000227     0.00000000     0.00000000     0.00000000     0.00000000   
          S     0.00000000     0.83665282     0.00000000     0.00000000     0.00000000     0.00000000   

                     B              B              S              B              S              S
 ZETA-B   B     0.00000000    -0.00000056     0.00000000     0.00000000     0.00000000     0.00000000   
          B     0.00000056     0.00000000    -0.62956817     0.57291020    -0.52480265     0.00000152   
          S     0.00000000     0.62956817     0.00000000     0.00000000     0.00000000     0.00000000   
          B     0.00000000    -0.57291020     0.00000000     0.00000000     0.00000000     0.00000000   
          S     0.00000000     0.52480265     0.00000000     0.00000000     0.00000000     0.00000000   
          S     0.00000000    -0.00000152     0.00000000     0.00000000     0.00000000     0.00000000   

                     B              B              S              B              S              S
 ZETA-C   B     0.00000000     0.00000000     0.18631734     0.30538981    -0.93382167     0.00000263   
          B     0.00000000     0.00000000     0.00000000     0.00000000     0.00000000     0.00000000   
          S    -0.18631734     0.00000000     0.00000000    -0.00000109    -0.00000260    -0.87446119   
          B    -0.30538981     0.00000000     0.00000109     0.00000000     0.00000199     0.48483426   
          S     0.93382167     0.00000000     0.00000260    -0.00000199     0.00000000    -0.01591721   
          S    -0.00000263     0.00000000     0.87446119    -0.48483426     0.01591721     0.00000000   


 TAU CONSTANTS AND QUARTIC CENTRIFUGAL DISTORTION
 ------------------------------------------------
 AAAA:    -0.00113527 1/CM   AABB:     0.00001164 1/CM   ABAB:  -0.00007378 1/CM
 BBBB:    -0.00000330 1/CM   BBCC:    -0.00000257 1/CM
 CCCC:    -0.00000211 1/CM   CCAA:    -0.00000154 1/CM

 AAAA:      -34.03467 MHZ    AABB:        0.34905 MHZ    ABAB:     -2.21185 MHZ 
 BBBB:       -0.09902 MHZ    BBCC:       -0.07710 MHZ 
 CCCC:       -0.06311 MHZ    CCAA:       -0.04623 MHZ 

 ROTATIONAL CONSTANTS INCLUDING CENTRIFUGAL DISTORTION
 -----------------------------------------------------
 AXIS   A:  0.53759496E+01 1/CM   161166.91785 MHZ
        B:  0.58711540E+00 1/CM    17601.27721 MHZ
        C:  0.52929881E+00 1/CM    15867.97947 MHZ

 FIRST ORDER CENTRIFUGAL DISTORTION CONSTANTS
 --------------------------------------------
       DJ:  0.66773733E-06 1/CM        0.02002 MHZ
      DJK:  0.33028981E-04 1/CM        0.99018 MHZ
       DK:  0.25012184E-03 1/CM        7.49846 MHZ
       R5: -0.83609151E-05 1/CM       -0.25065 MHZ
       R6: -0.41362583E-08 1/CM       -0.00012 MHZ
    DEL-J:  0.74860614E-07 1/CM        0.00224 MHZ

 A-REDUCTION DISTORTION CONSTANTS
 --------------------------------
  DELTA-J:  0.67600985E-06 1/CM        0.02027 MHZ
 DELTA-JK:  0.32979345E-04 1/CM        0.98870 MHZ
  DELTA-K:  0.25016320E-03 1/CM        7.49970 MHZ
    DEL-J:  0.74860614E-07 1/CM        0.00224 MHZ
    DEL-K:  0.19479160E-04 1/CM        0.58397 MHZ

 S-REDUCTION DISTORTION CONSTANTS
 --------------------------------
      ~DJ:  0.61756865E-06 1/CM        0.01851 MHZ
     ~DJK:  0.33329993E-04 1/CM        0.99921 MHZ
      ~DK:  0.24987100E-03 1/CM        7.49094 MHZ
   ~DEL-J:  0.74860614E-07 1/CM        0.00224 MHZ
      ~R6: -0.29220599E-07 1/CM       -0.00088 MHZ

 VIBRATIONAL DEPENDENCE OF THE ROTATIONAL CONSTANTS
 --------------------------------------------------
 *** WARNING *** CORIOLIS RESONANCE EXPECTED: AXIS A MODE B PERTURBED BY MODE B
 *** WARNING *** CORIOLIS RESONANCE EXPECTED: AXIS A MODE B PERTURBED BY MODE B
 *** WARNING *** CORIOLIS RESONANCE EXPECTED: AXIS A MODE S PERTURBED BY MODE S
 *** WARNING *** CORIOLIS RESONANCE EXPECTED: AXIS A MODE S PERTURBED BY MODE S
 *** WARNING *** CORIOLIS RESONANCE EXPECTED: AXIS B MODE B PERTURBED BY MODE B
 *** WARNING *** CORIOLIS RESONANCE EXPECTED: AXIS B MODE B PERTURBED BY MODE B
 *** WARNING *** CORIOLIS RESONANCE EXPECTED: AXIS B MODE S PERTURBED BY MODE S
 *** WARNING *** CORIOLIS RESONANCE EXPECTED: AXIS B MODE S PERTURBED BY MODE S
 *** WARNING *** CORIOLIS RESONANCE EXPECTED: AXIS C MODE B PERTURBED BY MODE B
 *** WARNING *** CORIOLIS RESONANCE EXPECTED: AXIS C MODE B PERTURBED BY MODE B
 *** WARNING *** CORIOLIS RESONANCE EXPECTED: AXIS C MODE S PERTURBED BY MODE S
 *** WARNING *** CORIOLIS RESONANCE EXPECTED: AXIS C MODE S PERTURBED BY MODE S
                     A              B              C
 ALPHA    B     0.96545647    -0.00340636     0.00043750  1/CM
          B    -1.01340150     0.00407214     0.00007980  1/CM
          S    -0.06995302    -0.00069900     0.00143997  1/CM
          B    -0.01728719     0.00362006     0.00361876  1/CM
          S     0.07360100     0.00051027     0.00110809  1/CM
          S     0.05277025     0.00071403     0.00092081  1/CM

                     A              B              C
 ALPHA    B    28943.65756     -102.12004       13.11578  MHZ
          B   -30381.01344      122.07967        2.39224  MHZ
          S    -2097.13880      -20.95559       43.16912  MHZ
          B     -518.25708      108.52665      108.48757  MHZ
          S     2206.50244       15.29766       33.21984  MHZ
          S     1582.01221       21.40600       27.60507  MHZ


 ANHARMONIC VIBRATIONAL CONSTANTS
 --------------------------------
 *** WARNING *** FERMI RESONANCE EXPECTED: 1XBB PERTURBED BY MODE B
 *** WARNING *** FERMI RESONANCE EXPECTED: 1XBB PERTURBED BY MODE B
 *** WARNING *** FERMI RESONANCE EXPECTED: 1XBB PERTURBED BY MODE B
 *** WARNING *** FERMI RESONANCE EXPECTED: 1XBB PERTURBED BY MODE B
 *** WARNING *** FERMI RESONANCE EXPECTED: 1XBB PERTURBED BY MODE B
 *** WARNING *** FERMI RESONANCE EXPECTED: 1XBB PERTURBED BY MODE B
 *** WARNING *** FERMI RESONANCE EXPECTED: 1XBB PERTURBED BY MODE B
 *** WARNING *** FERMI RESONANCE EXPECTED: 1XBB PERTURBED BY MODE B
 *** WARNING *** FERMI RESONANCE EXPECTED: 1XBB PERTURBED BY MODE B
                     B              B              S              B              S              S
 X(I,J):  B     1.50874806    -7.58413260   -16.47335099    -5.60488721    -6.80710450    -2.78076823  1/CM
          B    -7.58413260     6.11655364    -6.23458791    -4.05927935    -2.24912714   -15.91513622  1/CM
          S   -16.47335099    -6.23458791    -5.49219533    -9.26956623    -7.03408391   -18.71934744  1/CM
          B    -5.60488721    -4.05927935    -9.26956623    -5.19643548    -1.78091688    -3.37737180  1/CM
          S    -6.80710450    -2.24912714    -7.03408391    -1.78091688   -18.46913315   -80.87816536  1/CM
          S    -2.78076823   -15.91513622   -18.71934744    -3.37737180   -80.87816536   -21.97458277  1/CM

 DARLING-DENNISON RESONANCE PARAMETER:        0.00000000  1/CM


 ANHARMONIC VIBRATION-ROTATION TERM VALUES   (ZERO POINT ENERGY: 3725.9 1/CM)
 --------------------------------------------------------------------------
  B B S B S S      J=0             J=1                             J=2
                 E+(00)  E+(01)  O+(11)  O-(10)  E+(02)  O+(12)  O-(11)  E-(21)  E+(20)
                 ------  ----------------------  --------------------------------------
  0 0 0 0 0 0      0.00  +1.110  +5.906  +5.965  +3.330  +8.067  +8.245 +22.632 +22.632
  1 0 0 0 0 0    492.22  +1.113  +4.940  +5.003  +3.339  +7.103  +7.292 +18.773 +18.774
  0 1 0 0 0 0    536.80  +1.106  +6.919  +6.974  +3.318  +9.076  +9.242 +26.681 +26.681
  0 0 1 0 0 0    883.25  +1.109  +5.974  +6.036  +3.328  +8.132  +8.316 +22.911 +22.911
  2 0 0 0 0 0    987.45  +1.116  +3.974  +4.041  +3.347  +6.139  +6.340 +14.914 +14.915
  0 0 0 1 0 0   1012.53  +1.103  +5.920  +5.979  +3.308  +8.066  +8.244 +22.694 +22.694
  1 1 0 0 0 0   1021.43  +1.109  +5.953  +6.012  +3.327  +8.112  +8.289 +22.822 +22.823
  0 2 0 0 0 0   1085.83  +1.102  +7.933  +7.984  +3.305 +10.085 +10.239 +30.731 +30.731
  1 0 1 0 0 0   1358.99  +1.112  +5.008  +5.074  +3.336  +7.168  +7.364 +19.052 +19.053
  0 1 1 0 0 0   1413.81  +1.105  +6.988  +7.045  +3.316  +9.141  +9.313 +26.960 +26.961
  3 0 0 0 0 0   1485.70  +1.119  +3.008  +3.079  +3.355  +5.176  +5.388 +11.055 +11.057
  1 0 0 1 0 0   1499.14  +1.106  +4.954  +5.017  +3.317  +7.102  +7.292 +18.835 +18.835
  2 1 0 0 0 0   1509.08  +1.112  +4.987  +5.050  +3.335  +7.148  +7.337 +18.963 +18.964
  0 1 0 1 0 0   1545.27  +1.099  +6.933  +6.988  +3.296  +9.075  +9.241 +26.743 +26.743
  1 2 0 0 0 0   1562.88  +1.105  +6.967  +7.022  +3.314  +9.121  +9.286 +26.872 +26.872
  0 3 0 0 0 0   1647.10  +1.098  +8.946  +8.993  +3.293 +11.094 +11.236 +34.780 +34.780
  0 0 2 0 0 0   1755.52  +1.109  +6.043  +6.106  +3.326  +8.197  +8.387 +23.190 +23.190
  2 0 1 0 0 0   1837.76  +1.115  +4.043  +4.112  +3.345  +6.204  +6.411 +15.193 +15.194
  1 1 1 0 0 0   1881.97  +1.108  +6.022  +6.083  +3.324  +8.177  +8.361 +23.101 +23.102
  0 0 1 1 0 0   1886.51  +1.102  +5.988  +6.049  +3.306  +8.131  +8.315 +22.973 +22.973
  0 2 1 0 0 0   1956.61  +1.101  +8.001  +8.054  +3.303 +10.150 +10.310 +31.010 +31.010
  4 0 0 0 0 0   1986.97  +1.122  +2.042  +2.117  +3.362  +4.212  +4.436  +7.196  +7.201
  2 0 0 1 0 0   1988.77  +1.109  +3.988  +4.055  +3.326  +6.139  +6.339 +14.976 +14.977
  3 1 0 0 0 0   1999.75  +1.115  +4.021  +4.088  +3.344  +6.185  +6.385 +15.105 +15.106
  0 0 0 2 0 0   2014.66  +1.096  +5.933  +5.992  +3.287  +8.065  +8.243 +22.755 +22.756
  1 1 0 1 0 0   2024.29  +1.102  +5.967  +6.026  +3.305  +8.111  +8.289 +22.884 +22.885
  2 2 0 0 0 0   2042.95  +1.108  +6.001  +6.060  +3.323  +8.157  +8.334 +23.013 +23.013
  0 2 0 1 0 0   2090.24  +1.095  +7.946  +7.997  +3.284 +10.084 +10.238 +30.792 +30.793
  1 3 0 0 0 0   2116.56  +1.101  +7.980  +8.031  +3.302 +10.130 +10.284 +30.921 +30.921
  0 0 0 0 1 0   2177.20  +1.109  +5.831  +5.891  +3.325  +7.989  +8.168 +22.336 +22.336
  0 0 0 0 0 1   2190.23  +1.109  +5.852  +5.912  +3.325  +8.010  +8.188 +22.419 +22.419
  1 0 2 0 0 0   2214.79  +1.112  +5.077  +5.144  +3.334  +7.233  +7.435 +19.331 +19.332
  0 4 0 0 0 0   2220.59  +1.094  +9.959 +10.002  +3.281 +12.103 +12.233 +38.829 +38.830
  0 1 2 0 0 0   2279.85  +1.105  +7.056  +7.116  +3.313  +9.206  +9.384 +27.239 +27.240
  3 0 1 0 0 0   2319.53  +1.118  +3.077  +3.150  +3.353  +5.241  +5.459 +11.334 +11.336
  2 1 1 0 0 0   2353.15  +1.111  +5.056  +5.121  +3.333  +7.213  +7.408 +19.242 +19.243
  1 0 1 1 0 0   2356.65  +1.105  +5.022  +5.087  +3.315  +7.167  +7.363 +19.114 +19.115
  0 1 1 1 0 0   2413.01  +1.098  +7.001  +7.059  +3.294  +9.140  +9.312 +27.022 +27.022
  1 2 1 0 0 0   2417.19  +1.104  +7.035  +7.092  +3.312  +9.186  +9.358 +27.151 +27.151
  3 0 0 1 0 0   2481.41  +1.112  +3.022  +3.093  +3.334  +5.175  +5.387 +11.117 +11.119
  5 0 0 0 0 0   2491.26  +1.076  +1.125  +1.155  +3.219  +3.248  +3.337  +3.483  +3.493
  4 1 0 0 0 0   2493.44  +1.118  +3.056  +3.126  +3.352  +5.221  +5.433 +11.246 +11.248
  1 0 0 2 0 0   2495.67  +1.099  +4.967  +5.030  +3.295  +7.102  +7.291 +18.897 +18.897
  2 1 0 1 0 0   2506.34  +1.105  +5.001  +5.064  +3.314  +7.148  +7.336 +19.025 +19.026
  0 3 1 0 0 0   2511.64  +1.097  +9.014  +9.064  +3.291 +11.159 +11.307 +35.059 +35.059
  3 2 0 0 0 0   2526.03  +1.111  +5.035  +5.098  +3.332  +7.194  +7.382 +19.154 +19.155
  0 1 0 2 0 0   2543.34  +1.092  +6.947  +7.002  +3.274  +9.074  +9.240 +26.805 +26.805
  1 2 0 1 0 0   2561.68  +1.098  +6.980  +7.035  +3.293  +9.120  +9.286 +26.934 +26.934
  2 3 0 0 0 0   2589.04  +1.104  +7.014  +7.069  +3.311  +9.166  +9.331 +27.062 +27.063
  0 0 3 0 0 0   2616.80  +1.108  +6.111  +6.177  +3.323  +8.262  +8.459 +23.469 +23.469
  0 3 0 1 0 0   2647.44  +1.091  +8.959  +9.007  +3.271 +11.093 +11.235 +34.842 +34.842
  1 0 0 0 1 0   2662.61  +1.112  +4.865  +4.929  +3.334  +7.025  +7.216 +18.477 +18.478
  2 0 2 0 0 0   2677.08  +1.115  +4.111  +4.182  +3.343  +6.269  +6.483 +15.472 +15.473
  1 0 0 0 0 1   2679.67  +1.112  +4.886  +4.950  +3.334  +7.046  +7.236 +18.560 +18.561
  1 4 0 0 0 0   2682.47  +1.097  +8.993  +9.040  +3.289 +11.139 +11.281 +34.971 +34.971
  0 1 0 0 0 1   2711.11  +1.104  +6.865  +6.921  +3.313  +9.019  +9.185 +26.468 +26.469
  0 1 0 0 1 0   2711.74  +1.104  +6.844  +6.900  +3.313  +8.998  +9.165 +26.385 +26.385
  1 1 2 0 0 0   2731.53  +1.108  +6.090  +6.154  +3.322  +8.242  +8.432 +23.380 +23.381
  0 0 2 1 0 0   2749.50  +1.101  +6.057  +6.120  +3.304  +8.196  +8.386 +23.252 +23.252
  4 0 1 0 0 0   2804.33  +1.121  +2.111  +2.188  +3.360  +4.277  +4.507  +7.475  +7.480
  0 5 0 0 0 0   2806.33  +1.089 +10.972 +11.012  +3.268 +13.112 +13.230 +42.879 +42.879
  0 2 2 0 0 0   2816.41  +1.100  +8.070  +8.125  +3.301 +10.215 +10.381 +31.289 +31.289
  3 1 1 0 0 0   2827.35  +1.114  +4.090  +4.159  +3.341  +6.250  +6.456 +15.384 +15.385
  2 0 1 1 0 0   2829.80  +1.108  +4.056  +4.125  +3.323  +6.204  +6.411 +15.255 +15.256
  1 1 1 1 0 0   2875.57  +1.101  +6.035  +6.097  +3.303  +8.176  +8.360 +23.163 +23.164
  0 0 1 2 0 0   2879.37  +1.095  +6.002  +6.063  +3.284  +8.130  +8.314 +23.035 +23.035
  2 2 1 0 0 0   2880.78  +1.107  +6.069  +6.130  +3.321  +8.222  +8.406 +23.292 +23.292
  0 2 1 1 0 0   2951.75  +1.094  +8.015  +8.068  +3.281 +10.149 +10.309 +31.072 +31.072
  1 3 1 0 0 0   2964.63  +1.100  +8.048  +8.102  +3.300 +10.195 +10.355 +31.200 +31.201
  4 0 0 1 0 0   2977.08  +1.115  +2.056  +2.131  +3.340  +4.211  +4.435  +7.258  +7.262
  2 0 0 2 0 0   2979.69  +1.102  +4.001  +4.068  +3.304  +6.138  +6.339 +15.038 +15.039
  5 1 0 0 0 0   2990.14  +1.121  +2.090  +2.164  +3.359  +4.257  +4.480  +7.387  +7.391
  3 1 0 1 0 0   2991.40  +1.108  +4.035  +4.102  +3.322  +6.184  +6.384 +15.166 +15.168
  6 0 0 0 0 0   2998.57  +0.110  +0.193  +1.128  -0.527  -0.522  +2.284  +2.531  +3.389
  0 0 0 3 0 0   3006.40  +1.088  +5.947  +6.006  +3.265  +8.065  +8.242 +22.817 +22.818
  4 2 0 0 0 0   3012.13  +1.114  +4.069  +4.136  +3.340  +6.230  +6.430 +15.295 +15.296
  1 1 0 2 0 0   3016.76  +1.095  +5.981  +6.040  +3.283  +8.111  +8.288 +22.946 +22.947
  2 2 0 1 0 0   3036.14  +1.101  +6.014  +6.073  +3.301  +8.157  +8.333 +23.075 +23.075
  0 0 1 0 1 0   3053.41  +1.108  +5.900  +5.962  +3.323  +8.053  +8.239 +22.615 +22.615
  0 0 1 0 0 1   3054.76  +1.108  +5.921  +5.982  +3.323  +8.075  +8.259 +22.698 +22.699
  1 0 3 0 0 0   3059.60  +1.111  +5.146  +5.215  +3.332  +7.298  +7.506 +19.610 +19.611
  3 3 0 0 0 0   3064.54  +1.107  +6.048  +6.107  +3.319  +8.203  +8.379 +23.203 +23.204
  0 4 1 0 0 0   3078.91  +1.093 +10.028 +10.073  +3.278 +12.168 +12.304 +39.109 +39.109
  0 2 0 2 0 0   3084.25  +1.087  +7.960  +8.011  +3.262 +10.083 +10.237 +30.854 +30.855
  1 3 0 1 0 0   3111.30  +1.093  +7.994  +8.045  +3.280 +10.129 +10.283 +30.983 +30.983
  0 1 3 0 0 0   3134.89  +1.104  +7.125  +7.186  +3.311  +9.271  +9.456 +27.518 +27.519
  3 0 2 0 0 0   3142.38  +1.118  +3.145  +3.220  +3.351  +5.305  +5.530 +11.613 +11.615
  2 4 0 0 0 0   3147.37  +1.100  +8.027  +8.078  +3.298 +10.176 +10.328 +31.112 +31.112
  2 0 0 0 1 0   3151.03  +1.115  +3.899  +3.967  +3.342  +6.061  +6.263 +14.618 +14.619
  2 0 0 0 0 1   3172.12  +1.115  +3.920  +3.987  +3.342  +6.082  +6.284 +14.701 +14.702
  2 1 2 0 0 0   3186.24  +1.111  +5.124  +5.192  +3.331  +7.278  +7.480 +19.522 +19.522
  0 0 0 1 1 0   3187.94  +1.101  +5.845  +5.905  +3.303  +7.988  +8.167 +22.398 +22.398
  1 1 0 0 1 0   3189.57  +1.107  +5.879  +5.938  +3.322  +8.034  +8.213 +22.526 +22.527
  1 1 0 0 0 1   3192.97  +1.107  +5.900  +5.959  +3.322  +8.055  +8.233 +22.610 +22.610
  0 0 0 1 0 1   3199.38  +1.101  +5.866  +5.925  +3.303  +8.009  +8.187 +22.481 +22.481
  1 0 2 1 0 0   3203.17  +1.104  +5.091  +5.158  +3.313  +7.232  +7.434 +19.393 +19.394
  0 4 0 1 0 0   3216.88  +1.086  +9.973 +10.016  +3.259 +12.102 +12.232 +38.891 +38.892
  0 2 0 0 0 1   3244.23  +1.100  +7.879  +7.930  +3.301 +10.028 +10.182 +30.518 +30.518
  0 2 0 0 1 0   3258.53  +1.100  +7.858  +7.910  +3.301 +10.007 +10.162 +30.435 +30.435
  1 2 2 0 0 0   3260.51  +1.103  +7.104  +7.163  +3.310  +9.251  +9.429 +27.430 +27.430
  1 5 0 0 0 0   3260.62  +1.092 +10.007 +10.050  +3.277 +12.148 +12.278 +39.020 +39.020
  0 1 2 1 0 0   3269.77  +1.097  +7.070  +7.129  +3.292  +9.205  +9.384 +27.301 +27.302
  5 0 1 0 0 0   3292.14  +1.124  +1.145  +1.225  +3.309  +3.313  +3.555  +3.616  +3.680
  4 1 1 0 0 0   3304.56  +1.117  +3.124  +3.197  +3.350  +5.286  +5.504 +11.525 +11.527
  3 0 1 1 0 0   3305.98  +1.111  +3.090  +3.163  +3.331  +5.240  +5.458 +11.396 +11.398
  2 1 1 1 0 0   3341.14  +1.104  +5.070  +5.135  +3.311  +7.213  +7.408 +19.304 +19.305
  1 0 1 2 0 0   3343.90  +1.098  +5.036  +5.101  +3.293  +7.167  +7.362 +19.176 +19.176
  3 2 1 0 0 0   3347.39  +1.110  +5.103  +5.168  +3.329  +7.259  +7.453 +19.433 +19.434
  0 3 2 0 0 0   3365.21  +1.096  +9.083  +9.134  +3.289 +11.224 +11.378 +35.338 +35.338
  0 1 1 2 0 0   3401.82  +1.091  +7.015  +7.072  +3.272  +9.139  +9.311 +27.084 +27.084
  0 6 0 0 0 0   3404.29  +1.085 +11.986 +12.021  +3.256 +14.121 +14.227 +46.928 +46.928
  1 2 1 1 0 0   3406.72  +1.097  +7.049  +7.106  +3.290  +9.185  +9.357 +27.213 +27.213
  2 3 1 0 0 0   3420.64  +1.103  +7.083  +7.140  +3.308  +9.231  +9.403 +27.341 +27.342
  3 0 0 2 0 0   3466.73  +1.105  +3.036  +3.106  +3.312  +5.174  +5.386 +11.179 +11.181
  0 0 4 0 0 0   3467.10  +1.107  +6.180  +6.248  +3.321  +8.327  +8.530 +23.748 +23.749
  5 0 0 1 0 0   3475.76  +1.090  +1.118  +1.168  +3.239  +3.247  +3.399  +3.483  +3.514
  4 1 0 1 0 0   3479.48  +1.111  +3.069  +3.140  +3.330  +5.220  +5.432 +11.308 +11.309
  1 0 0 3 0 0   3481.80  +1.091  +4.981  +5.044  +3.274  +7.101  +7.290 +18.959 +18.959
  6 1 0 0 0 0   3489.86  +1.124  +1.124  +1.202  +3.293  +3.293  +3.528  +3.528  +3.606
  2 1 0 2 0 0   3493.20  +1.098  +5.015  +5.078  +3.292  +7.147  +7.336 +19.087 +19.088
  5 2 0 0 0 0   3501.25  +1.117  +3.103  +3.173  +3.348  +5.266  +5.477 +11.436 +11.438
  0 3 1 1 0 0   3502.72  +1.090  +9.028  +9.077  +3.269 +11.158 +11.306 +35.121 +35.121
  2 0 3 0 0 0   3505.41  +1.114  +4.180  +4.253  +3.340  +6.334  +6.554 +15.751 +15.752
  7 0 0 0 0 0   3508.89  -0.855  -0.769  +1.131  -4.383  -4.380  +1.320  +1.579  +3.396
  3 2 0 1 0 0   3513.62  +1.104  +5.048  +5.111  +3.310  +7.193  +7.381 +19.216 +19.217
  1 0 1 0 1 0   3522.35  +1.111  +4.934  +5.000  +3.332  +7.090  +7.287 +18.756 +18.757
  1 4 1 0 0 0   3524.31  +1.096  +9.062  +9.111  +3.287 +11.204 +11.352 +35.250 +35.250
  1 0 1 0 0 1   3527.73  +1.111  +4.955  +5.020  +3.332  +7.111  +7.307 +18.839 +18.840
  0 1 0 3 0 0   3531.02  +1.084  +6.960  +7.015  +3.253  +9.074  +9.239 +26.867 +26.867
  4 3 0 0 0 0   3543.06  +1.110  +5.082  +5.145  +3.328  +7.239  +7.427 +19.345 +19.345
  1 2 0 2 0 0   3550.09  +1.090  +6.994  +7.049  +3.271  +9.120  +9.285 +26.996 +26.996
  0 1 1 0 0 1   3569.41  +1.104  +6.934  +6.992  +3.311  +9.084  +9.256 +26.747 +26.748
  1 1 3 0 0 0   3570.11  +1.107  +6.159  +6.224  +3.320  +8.307  +8.503 +23.659 +23.660
  2 3 0 1 0 0   3578.18  +1.096  +7.028  +7.083  +3.289  +9.166  +9.330 +27.124 +27.125
  0 1 1 0 1 0   3581.73  +1.104  +6.913  +6.971  +3.311  +9.062  +9.236 +26.664 +26.665
